{"C:\\Users\\USER\\Downloads\\Auto-Attendance-Tracking\\backend\\src\\app.js": {"path":"C:\\Users\\USER\\Downloads\\Auto-Attendance-Tracking\\backend\\src\\app.js","statementMap":{"0":{"start":{"line":1,"column":16},"end":{"line":1,"column":34}},"1":{"start":{"line":2,"column":13},"end":{"line":2,"column":28}},"2":{"start":{"line":3,"column":15},"end":{"line":3,"column":32}},"3":{"start":{"line":4,"column":20},"end":{"line":4,"column":42}},"4":{"start":{"line":5,"column":22},"end":{"line":5,"column":55}},"5":{"start":{"line":6,"column":13},"end":{"line":6,"column":28}},"6":{"start":{"line":7,"column":17},"end":{"line":7,"column":37}},"7":{"start":{"line":8,"column":15},"end":{"line":8,"column":32}},"8":{"start":{"line":9,"column":13},"end":{"line":9,"column":28}},"9":{"start":{"line":11,"column":15},"end":{"line":11,"column":41}},"10":{"start":{"line":12,"column":18},"end":{"line":12,"column":46}},"11":{"start":{"line":13,"column":21},"end":{"line":13,"column":57}},"12":{"start":{"line":14,"column":17},"end":{"line":14,"column":49}},"13":{"start":{"line":15,"column":24},"end":{"line":15,"column":59}},"14":{"start":{"line":18,"column":19},"end":{"line":18,"column":49}},"15":{"start":{"line":19,"column":19},"end":{"line":19,"column":49}},"16":{"start":{"line":20,"column":25},"end":{"line":20,"column":61}},"17":{"start":{"line":21,"column":21},"end":{"line":21,"column":53}},"18":{"start":{"line":22,"column":24},"end":{"line":22,"column":59}},"19":{"start":{"line":23,"column":23},"end":{"line":23,"column":57}},"20":{"start":{"line":24,"column":23},"end":{"line":24,"column":57}},"21":{"start":{"line":25,"column":23},"end":{"line":25,"column":57}},"22":{"start":{"line":26,"column":21},"end":{"line":26,"column":53}},"23":{"start":{"line":29,"column":12},"end":{"line":29,"column":21}},"24":{"start":{"line":32,"column":0},"end":{"line":32,"column":29}},"25":{"start":{"line":35,"column":15},"end":{"line":35,"column":37}},"26":{"start":{"line":38,"column":11},"end":{"line":61,"column":2}},"27":{"start":{"line":41,"column":29},"end":{"line":48,"column":11}},"28":{"start":{"line":42,"column":54},"end":{"line":42,"column":62}},"29":{"start":{"line":50,"column":6},"end":{"line":54,"column":7}},"30":{"start":{"line":51,"column":8},"end":{"line":51,"column":29}},"31":{"start":{"line":53,"column":8},"end":{"line":53,"column":29}},"32":{"start":{"line":67,"column":20},"end":{"line":88,"column":1}},"33":{"start":{"line":70,"column":27},"end":{"line":76,"column":9}},"34":{"start":{"line":71,"column":52},"end":{"line":71,"column":60}},"35":{"start":{"line":78,"column":4},"end":{"line":82,"column":5}},"36":{"start":{"line":79,"column":6},"end":{"line":79,"column":27}},"37":{"start":{"line":81,"column":6},"end":{"line":81,"column":49}},"38":{"start":{"line":91,"column":0},"end":{"line":91,"column":27}},"39":{"start":{"line":94,"column":0},"end":{"line":94,"column":36}},"40":{"start":{"line":101,"column":0},"end":{"line":103,"column":4}},"41":{"start":{"line":106,"column":0},"end":{"line":106,"column":25}},"42":{"start":{"line":109,"column":0},"end":{"line":109,"column":23}},"43":{"start":{"line":116,"column":0},"end":{"line":118,"column":1}},"44":{"start":{"line":117,"column":2},"end":{"line":117,"column":25}},"45":{"start":{"line":121,"column":0},"end":{"line":127,"column":1}},"46":{"start":{"line":122,"column":2},"end":{"line":126,"column":6}},"47":{"start":{"line":124,"column":26},"end":{"line":124,"column":53}},"48":{"start":{"line":133,"column":0},"end":{"line":133,"column":42}},"49":{"start":{"line":134,"column":0},"end":{"line":134,"column":63}},"50":{"start":{"line":140,"column":0},"end":{"line":140,"column":59}},"51":{"start":{"line":146,"column":0},"end":{"line":146,"column":12}},"52":{"start":{"line":152,"column":20},"end":{"line":152,"column":51}},"53":{"start":{"line":155,"column":0},"end":{"line":155,"column":52}},"54":{"start":{"line":158,"column":0},"end":{"line":158,"column":44}},"55":{"start":{"line":161,"column":0},"end":{"line":161,"column":48}},"56":{"start":{"line":162,"column":0},"end":{"line":162,"column":49}},"57":{"start":{"line":163,"column":0},"end":{"line":163,"column":60}},"58":{"start":{"line":164,"column":0},"end":{"line":164,"column":53}},"59":{"start":{"line":165,"column":0},"end":{"line":165,"column":58}},"60":{"start":{"line":166,"column":0},"end":{"line":166,"column":57}},"61":{"start":{"line":167,"column":0},"end":{"line":167,"column":57}},"62":{"start":{"line":168,"column":0},"end":{"line":168,"column":56}},"63":{"start":{"line":171,"column":0},"end":{"line":179,"column":3}},"64":{"start":{"line":172,"column":2},"end":{"line":178,"column":5}},"65":{"start":{"line":185,"column":0},"end":{"line":190,"column":1}},"66":{"start":{"line":186,"column":20},"end":{"line":186,"column":49}},"67":{"start":{"line":187,"column":26},"end":{"line":187,"column":53}},"68":{"start":{"line":189,"column":2},"end":{"line":189,"column":75}},"69":{"start":{"line":196,"column":0},"end":{"line":207,"column":3}},"70":{"start":{"line":197,"column":2},"end":{"line":197,"column":56}},"71":{"start":{"line":199,"column":2},"end":{"line":201,"column":5}},"72":{"start":{"line":200,"column":4},"end":{"line":200,"column":56}},"73":{"start":{"line":204,"column":2},"end":{"line":206,"column":5}},"74":{"start":{"line":205,"column":4},"end":{"line":205,"column":40}},"75":{"start":{"line":210,"column":0},"end":{"line":210,"column":18}},"76":{"start":{"line":212,"column":0},"end":{"line":212,"column":57}},"77":{"start":{"line":219,"column":0},"end":{"line":219,"column":19}},"78":{"start":{"line":222,"column":0},"end":{"line":222,"column":22}},"79":{"start":{"line":228,"column":0},"end":{"line":228,"column":38}}},"fnMap":{"0":{"name":"(anonymous_0)","decl":{"start":{"line":40,"column":12},"end":{"line":40,"column":13}},"loc":{"start":{"line":40,"column":40},"end":{"line":55,"column":5}},"line":40},"1":{"name":"(anonymous_1)","decl":{"start":{"line":42,"column":49},"end":{"line":42,"column":50}},"loc":{"start":{"line":42,"column":54},"end":{"line":42,"column":62}},"line":42},"2":{"name":"(anonymous_2)","decl":{"start":{"line":68,"column":11},"end":{"line":68,"column":12}},"loc":{"start":{"line":68,"column":39},"end":{"line":83,"column":3}},"line":68},"3":{"name":"(anonymous_3)","decl":{"start":{"line":71,"column":47},"end":{"line":71,"column":48}},"loc":{"start":{"line":71,"column":52},"end":{"line":71,"column":60}},"line":71},"4":{"name":"(anonymous_4)","decl":{"start":{"line":124,"column":13},"end":{"line":124,"column":14}},"loc":{"start":{"line":124,"column":26},"end":{"line":124,"column":53}},"line":124},"5":{"name":"(anonymous_5)","decl":{"start":{"line":171,"column":13},"end":{"line":171,"column":14}},"loc":{"start":{"line":171,"column":27},"end":{"line":179,"column":1}},"line":171},"6":{"name":"(anonymous_6)","decl":{"start":{"line":196,"column":20},"end":{"line":196,"column":21}},"loc":{"start":{"line":196,"column":32},"end":{"line":207,"column":1}},"line":196},"7":{"name":"(anonymous_7)","decl":{"start":{"line":199,"column":26},"end":{"line":199,"column":27}},"loc":{"start":{"line":199,"column":32},"end":{"line":201,"column":3}},"line":199},"8":{"name":"(anonymous_8)","decl":{"start":{"line":204,"column":33},"end":{"line":204,"column":34}},"loc":{"start":{"line":204,"column":43},"end":{"line":206,"column":3}},"line":204}},"branchMap":{"0":{"loc":{"start":{"line":41,"column":29},"end":{"line":48,"column":11}},"type":"cond-expr","locations":[{"start":{"line":42,"column":10},"end":{"line":42,"column":63}},{"start":{"line":43,"column":10},"end":{"line":48,"column":11}}],"line":41},"1":{"loc":{"start":{"line":50,"column":6},"end":{"line":54,"column":7}},"type":"if","locations":[{"start":{"line":50,"column":6},"end":{"line":54,"column":7}},{"start":{"line":52,"column":13},"end":{"line":54,"column":7}}],"line":50},"2":{"loc":{"start":{"line":50,"column":10},"end":{"line":50,"column":58}},"type":"binary-expr","locations":[{"start":{"line":50,"column":10},"end":{"line":50,"column":17}},{"start":{"line":50,"column":21},"end":{"line":50,"column":58}}],"line":50},"3":{"loc":{"start":{"line":70,"column":27},"end":{"line":76,"column":9}},"type":"cond-expr","locations":[{"start":{"line":71,"column":8},"end":{"line":71,"column":61}},{"start":{"line":72,"column":8},"end":{"line":76,"column":9}}],"line":70},"4":{"loc":{"start":{"line":78,"column":4},"end":{"line":82,"column":5}},"type":"if","locations":[{"start":{"line":78,"column":4},"end":{"line":82,"column":5}},{"start":{"line":80,"column":11},"end":{"line":82,"column":5}}],"line":78},"5":{"loc":{"start":{"line":78,"column":8},"end":{"line":78,"column":56}},"type":"binary-expr","locations":[{"start":{"line":78,"column":8},"end":{"line":78,"column":15}},{"start":{"line":78,"column":19},"end":{"line":78,"column":56}}],"line":78},"6":{"loc":{"start":{"line":116,"column":0},"end":{"line":118,"column":1}},"type":"if","locations":[{"start":{"line":116,"column":0},"end":{"line":118,"column":1}},{"start":{},"end":{}}],"line":116},"7":{"loc":{"start":{"line":121,"column":0},"end":{"line":127,"column":1}},"type":"if","locations":[{"start":{"line":121,"column":0},"end":{"line":127,"column":1}},{"start":{},"end":{}}],"line":121},"8":{"loc":{"start":{"line":152,"column":20},"end":{"line":152,"column":51}},"type":"binary-expr","locations":[{"start":{"line":152,"column":20},"end":{"line":152,"column":43}},{"start":{"line":152,"column":47},"end":{"line":152,"column":51}}],"line":152},"9":{"loc":{"start":{"line":185,"column":0},"end":{"line":190,"column":1}},"type":"if","locations":[{"start":{"line":185,"column":0},"end":{"line":190,"column":1}},{"start":{},"end":{}}],"line":185}},"s":{"0":2,"1":2,"2":2,"3":2,"4":2,"5":2,"6":2,"7":2,"8":2,"9":2,"10":2,"11":2,"12":2,"13":2,"14":2,"15":2,"16":2,"17":2,"18":2,"19":2,"20":2,"21":2,"22":2,"23":2,"24":2,"25":2,"26":2,"27":0,"28":0,"29":0,"30":0,"31":0,"32":2,"33":0,"34":0,"35":0,"36":0,"37":0,"38":2,"39":2,"40":2,"41":2,"42":2,"43":2,"44":0,"45":2,"46":0,"47":0,"48":2,"49":2,"50":2,"51":2,"52":2,"53":2,"54":2,"55":2,"56":2,"57":2,"58":2,"59":2,"60":2,"61":2,"62":2,"63":2,"64":0,"65":2,"66":0,"67":0,"68":0,"69":2,"70":0,"71":0,"72":0,"73":0,"74":0,"75":2,"76":2,"77":2,"78":2,"79":2},"f":{"0":0,"1":0,"2":0,"3":0,"4":0,"5":0,"6":0,"7":0,"8":0},"b":{"0":[0,0],"1":[0,0],"2":[0,0],"3":[0,0],"4":[0,0],"5":[0,0],"6":[0,2],"7":[0,2],"8":[2,2],"9":[0,2]},"_coverageSchema":"1a1c01bbd47fc00a2c39e90264f33305004495a9","hash":"0c12845d9a9880321b2325d20601e38e644b5a89"}
,"C:\\Users\\USER\\Downloads\\Auto-Attendance-Tracking\\backend\\src\\config\\database.js": {"path":"C:\\Users\\USER\\Downloads\\Auto-Attendance-Tracking\\backend\\src\\config\\database.js","statementMap":{"0":{"start":{"line":1,"column":17},"end":{"line":1,"column":36}},"1":{"start":{"line":2,"column":15},"end":{"line":2,"column":34}},"2":{"start":{"line":5,"column":20},"end":{"line":5,"column":93}},"3":{"start":{"line":7,"column":18},"end":{"line":24,"column":1}},"4":{"start":{"line":8,"column":2},"end":{"line":23,"column":3}},"5":{"start":{"line":9,"column":4},"end":{"line":9,"column":107}},"6":{"start":{"line":11,"column":17},"end":{"line":13,"column":6}},"7":{"start":{"line":15,"column":4},"end":{"line":15,"column":97}},"8":{"start":{"line":17,"column":4},"end":{"line":20,"column":7}},"9":{"start":{"line":22,"column":4},"end":{"line":22,"column":97}},"10":{"start":{"line":26,"column":0},"end":{"line":26,"column":27}}},"fnMap":{"0":{"name":"(anonymous_0)","decl":{"start":{"line":7,"column":18},"end":{"line":7,"column":19}},"loc":{"start":{"line":7,"column":30},"end":{"line":24,"column":1}},"line":7}},"branchMap":{"0":{"loc":{"start":{"line":5,"column":20},"end":{"line":5,"column":93}},"type":"binary-expr","locations":[{"start":{"line":5,"column":20},"end":{"line":5,"column":43}},{"start":{"line":5,"column":47},"end":{"line":5,"column":93}}],"line":5}},"s":{"0":2,"1":2,"2":2,"3":2,"4":2,"5":2,"6":2,"7":2,"8":0,"9":0,"10":2},"f":{"0":2},"b":{"0":[2,2]},"_coverageSchema":"1a1c01bbd47fc00a2c39e90264f33305004495a9","hash":"0095a1f7873c380b44d8d63a6dc29e59cda887cd"}
,"C:\\Users\\USER\\Downloads\\Auto-Attendance-Tracking\\backend\\src\\config\\logger.js": {"path":"C:\\Users\\USER\\Downloads\\Auto-Attendance-Tracking\\backend\\src\\config\\logger.js","statementMap":{"0":{"start":{"line":1,"column":16},"end":{"line":1,"column":34}},"1":{"start":{"line":2,"column":13},"end":{"line":2,"column":28}},"2":{"start":{"line":3,"column":11},"end":{"line":3,"column":24}},"3":{"start":{"line":6,"column":16},"end":{"line":6,"column":50}},"4":{"start":{"line":7,"column":0},"end":{"line":10,"column":1}},"5":{"start":{"line":8,"column":2},"end":{"line":8,"column":45}},"6":{"start":{"line":9,"column":2},"end":{"line":9,"column":52}},"7":{"start":{"line":13,"column":18},"end":{"line":18,"column":1}},"8":{"start":{"line":21,"column":22},"end":{"line":32,"column":1}},"9":{"start":{"line":25,"column":14},"end":{"line":25,"column":51}},"10":{"start":{"line":26,"column":4},"end":{"line":29,"column":5}},"11":{"start":{"line":28,"column":6},"end":{"line":28,"column":34}},"12":{"start":{"line":30,"column":4},"end":{"line":30,"column":15}},"13":{"start":{"line":35,"column":15},"end":{"line":71,"column":2}},"14":{"start":{"line":74,"column":0},"end":{"line":76,"column":3}},"15":{"start":{"line":75,"column":2},"end":{"line":75,"column":40}},"16":{"start":{"line":78,"column":0},"end":{"line":78,"column":24}}},"fnMap":{"0":{"name":"(anonymous_0)","decl":{"start":{"line":24,"column":24},"end":{"line":24,"column":25}},"loc":{"start":{"line":24,"column":68},"end":{"line":31,"column":3}},"line":24},"1":{"name":"(anonymous_1)","decl":{"start":{"line":74,"column":19},"end":{"line":74,"column":20}},"loc":{"start":{"line":74,"column":30},"end":{"line":76,"column":1}},"line":74}},"branchMap":{"0":{"loc":{"start":{"line":7,"column":0},"end":{"line":10,"column":1}},"type":"if","locations":[{"start":{"line":7,"column":0},"end":{"line":10,"column":1}},{"start":{},"end":{}}],"line":7},"1":{"loc":{"start":{"line":26,"column":4},"end":{"line":29,"column":5}},"type":"if","locations":[{"start":{"line":26,"column":4},"end":{"line":29,"column":5}},{"start":{},"end":{}}],"line":26},"2":{"loc":{"start":{"line":26,"column":8},"end":{"line":26,"column":52}},"type":"binary-expr","locations":[{"start":{"line":26,"column":8},"end":{"line":26,"column":36}},{"start":{"line":26,"column":40},"end":{"line":26,"column":52}}],"line":26},"3":{"loc":{"start":{"line":36,"column":9},"end":{"line":36,"column":41}},"type":"binary-expr","locations":[{"start":{"line":36,"column":9},"end":{"line":36,"column":31}},{"start":{"line":36,"column":35},"end":{"line":36,"column":41}}],"line":36},"4":{"loc":{"start":{"line":42,"column":14},"end":{"line":42,"column":80}},"type":"cond-expr","locations":[{"start":{"line":42,"column":55},"end":{"line":42,"column":64}},{"start":{"line":42,"column":67},"end":{"line":42,"column":80}}],"line":42}},"s":{"0":3,"1":3,"2":3,"3":3,"4":3,"5":0,"6":0,"7":3,"8":3,"9":6,"10":6,"11":6,"12":6,"13":3,"14":3,"15":0,"16":3},"f":{"0":6,"1":0},"b":{"0":[0,3],"1":[6,0],"2":[6,6],"3":[3,3],"4":[0,3]},"_coverageSchema":"1a1c01bbd47fc00a2c39e90264f33305004495a9","hash":"5709649dd9c3660bbee2f6ffe54bd0999103facb"}
,"C:\\Users\\USER\\Downloads\\Auto-Attendance-Tracking\\backend\\src\\config\\upload.js": {"path":"C:\\Users\\USER\\Downloads\\Auto-Attendance-Tracking\\backend\\src\\config\\upload.js","statementMap":{"0":{"start":{"line":1,"column":15},"end":{"line":1,"column":32}},"1":{"start":{"line":2,"column":13},"end":{"line":2,"column":28}},"2":{"start":{"line":3,"column":11},"end":{"line":3,"column":24}},"3":{"start":{"line":6,"column":19},"end":{"line":6,"column":72}},"4":{"start":{"line":7,"column":0},"end":{"line":9,"column":1}},"5":{"start":{"line":8,"column":2},"end":{"line":8,"column":48}},"6":{"start":{"line":12,"column":16},"end":{"line":20,"column":2}},"7":{"start":{"line":14,"column":4},"end":{"line":14,"column":25}},"8":{"start":{"line":17,"column":25},"end":{"line":17,"column":76}},"9":{"start":{"line":18,"column":4},"end":{"line":18,"column":74}},"10":{"start":{"line":23,"column":19},"end":{"line":33,"column":1}},"11":{"start":{"line":24,"column":23},"end":{"line":24,"column":46}},"12":{"start":{"line":25,"column":18},"end":{"line":25,"column":82}},"13":{"start":{"line":26,"column":19},"end":{"line":26,"column":51}},"14":{"start":{"line":28,"column":2},"end":{"line":32,"column":3}},"15":{"start":{"line":29,"column":4},"end":{"line":29,"column":26}},"16":{"start":{"line":31,"column":4},"end":{"line":31,"column":78}},"17":{"start":{"line":36,"column":15},"end":{"line":42,"column":2}},"18":{"start":{"line":44,"column":0},"end":{"line":44,"column":24}}},"fnMap":{"0":{"name":"(anonymous_0)","decl":{"start":{"line":13,"column":15},"end":{"line":13,"column":16}},"loc":{"start":{"line":13,"column":34},"end":{"line":15,"column":3}},"line":13},"1":{"name":"(anonymous_1)","decl":{"start":{"line":16,"column":12},"end":{"line":16,"column":13}},"loc":{"start":{"line":16,"column":31},"end":{"line":19,"column":3}},"line":16},"2":{"name":"(anonymous_2)","decl":{"start":{"line":23,"column":19},"end":{"line":23,"column":20}},"loc":{"start":{"line":23,"column":38},"end":{"line":33,"column":1}},"line":23}},"branchMap":{"0":{"loc":{"start":{"line":7,"column":0},"end":{"line":9,"column":1}},"type":"if","locations":[{"start":{"line":7,"column":0},"end":{"line":9,"column":1}},{"start":{},"end":{}}],"line":7},"1":{"loc":{"start":{"line":28,"column":2},"end":{"line":32,"column":3}},"type":"if","locations":[{"start":{"line":28,"column":2},"end":{"line":32,"column":3}},{"start":{"line":30,"column":9},"end":{"line":32,"column":3}}],"line":28},"2":{"loc":{"start":{"line":28,"column":6},"end":{"line":28,"column":25}},"type":"binary-expr","locations":[{"start":{"line":28,"column":6},"end":{"line":28,"column":14}},{"start":{"line":28,"column":18},"end":{"line":28,"column":25}}],"line":28}},"s":{"0":2,"1":2,"2":2,"3":2,"4":2,"5":0,"6":2,"7":0,"8":0,"9":0,"10":2,"11":0,"12":0,"13":0,"14":0,"15":0,"16":0,"17":2,"18":2},"f":{"0":0,"1":0,"2":0},"b":{"0":[0,2],"1":[0,0],"2":[0,0]},"_coverageSchema":"1a1c01bbd47fc00a2c39e90264f33305004495a9","hash":"54bf9178e809c400df4b04f806dbae2e6a909379"}
,"C:\\Users\\USER\\Downloads\\Auto-Attendance-Tracking\\backend\\src\\controllers\\authController.js": {"path":"C:\\Users\\USER\\Downloads\\Auto-Attendance-Tracking\\backend\\src\\controllers\\authController.js","statementMap":{"0":{"start":{"line":1,"column":21},"end":{"line":1,"column":53}},"1":{"start":{"line":2,"column":12},"end":{"line":2,"column":35}},"2":{"start":{"line":3,"column":32},"end":{"line":3,"column":52}},"3":{"start":{"line":4,"column":15},"end":{"line":4,"column":42}},"4":{"start":{"line":9,"column":22},"end":{"line":13,"column":1}},"5":{"start":{"line":10,"column":2},"end":{"line":12,"column":5}},"6":{"start":{"line":18,"column":29},"end":{"line":22,"column":1}},"7":{"start":{"line":19,"column":2},"end":{"line":21,"column":5}},"8":{"start":{"line":29,"column":0},"end":{"line":84,"column":3}},"9":{"start":{"line":30,"column":94},"end":{"line":30,"column":102}},"10":{"start":{"line":33,"column":23},"end":{"line":33,"column":52}},"11":{"start":{"line":34,"column":2},"end":{"line":39,"column":3}},"12":{"start":{"line":35,"column":4},"end":{"line":38,"column":7}},"13":{"start":{"line":42,"column":15},"end":{"line":52,"column":4}},"14":{"start":{"line":55,"column":2},"end":{"line":64,"column":5}},"15":{"start":{"line":67,"column":16},"end":{"line":67,"column":39}},"16":{"start":{"line":68,"column":23},"end":{"line":68,"column":53}},"17":{"start":{"line":70,"column":2},"end":{"line":83,"column":5}},"18":{"start":{"line":91,"column":0},"end":{"line":244,"column":3}},"19":{"start":{"line":92,"column":64},"end":{"line":92,"column":72}},"20":{"start":{"line":95,"column":2},"end":{"line":155,"column":3}},"21":{"start":{"line":96,"column":4},"end":{"line":154,"column":5}},"22":{"start":{"line":98,"column":22},"end":{"line":98,"column":72}},"23":{"start":{"line":101,"column":19},"end":{"line":101,"column":50}},"24":{"start":{"line":103,"column":6},"end":{"line":108,"column":7}},"25":{"start":{"line":104,"column":8},"end":{"line":107,"column":11}},"26":{"start":{"line":111,"column":6},"end":{"line":111,"column":34}},"27":{"start":{"line":112,"column":6},"end":{"line":112,"column":24}},"28":{"start":{"line":115,"column":23},"end":{"line":115,"column":46}},"29":{"start":{"line":116,"column":27},"end":{"line":116,"column":57}},"30":{"start":{"line":119,"column":33},"end":{"line":119,"column":56}},"31":{"start":{"line":120,"column":6},"end":{"line":120,"column":73}},"32":{"start":{"line":123,"column":6},"end":{"line":131,"column":9}},"33":{"start":{"line":133,"column":6},"end":{"line":148,"column":9}},"34":{"start":{"line":150,"column":6},"end":{"line":153,"column":9}},"35":{"start":{"line":158,"column":57},"end":{"line":158,"column":65}},"36":{"start":{"line":161,"column":15},"end":{"line":161,"column":85}},"37":{"start":{"line":162,"column":2},"end":{"line":176,"column":3}},"38":{"start":{"line":163,"column":4},"end":{"line":170,"column":7}},"39":{"start":{"line":172,"column":4},"end":{"line":175,"column":7}},"40":{"start":{"line":179,"column":2},"end":{"line":184,"column":3}},"41":{"start":{"line":180,"column":4},"end":{"line":183,"column":7}},"42":{"start":{"line":187,"column":28},"end":{"line":187,"column":81}},"43":{"start":{"line":188,"column":2},"end":{"line":203,"column":3}},"44":{"start":{"line":189,"column":4},"end":{"line":197,"column":7}},"45":{"start":{"line":199,"column":4},"end":{"line":202,"column":7}},"46":{"start":{"line":206,"column":2},"end":{"line":206,"column":30}},"47":{"start":{"line":207,"column":2},"end":{"line":207,"column":49}},"48":{"start":{"line":210,"column":16},"end":{"line":210,"column":39}},"49":{"start":{"line":211,"column":23},"end":{"line":211,"column":53}},"50":{"start":{"line":214,"column":29},"end":{"line":214,"column":52}},"51":{"start":{"line":215,"column":2},"end":{"line":215,"column":69}},"52":{"start":{"line":218,"column":2},"end":{"line":226,"column":5}},"53":{"start":{"line":228,"column":2},"end":{"line":243,"column":5}},"54":{"start":{"line":251,"column":0},"end":{"line":302,"column":3}},"55":{"start":{"line":252,"column":27},"end":{"line":252,"column":35}},"56":{"start":{"line":254,"column":2},"end":{"line":259,"column":3}},"57":{"start":{"line":255,"column":4},"end":{"line":258,"column":7}},"58":{"start":{"line":261,"column":2},"end":{"line":301,"column":3}},"59":{"start":{"line":263,"column":20},"end":{"line":263,"column":78}},"60":{"start":{"line":266,"column":17},"end":{"line":266,"column":48}},"61":{"start":{"line":267,"column":4},"end":{"line":272,"column":5}},"62":{"start":{"line":268,"column":6},"end":{"line":271,"column":9}},"63":{"start":{"line":275,"column":24},"end":{"line":277,"column":5}},"64":{"start":{"line":276,"column":12},"end":{"line":276,"column":66}},"65":{"start":{"line":279,"column":4},"end":{"line":284,"column":5}},"66":{"start":{"line":280,"column":6},"end":{"line":283,"column":9}},"67":{"start":{"line":287,"column":21},"end":{"line":287,"column":44}},"68":{"start":{"line":289,"column":4},"end":{"line":294,"column":7}},"69":{"start":{"line":296,"column":4},"end":{"line":296,"column":48}},"70":{"start":{"line":297,"column":4},"end":{"line":300,"column":7}},"71":{"start":{"line":309,"column":0},"end":{"line":329,"column":3}},"72":{"start":{"line":310,"column":27},"end":{"line":310,"column":35}},"73":{"start":{"line":312,"column":2},"end":{"line":314,"column":3}},"74":{"start":{"line":313,"column":4},"end":{"line":313,"column":52}},"75":{"start":{"line":317,"column":2},"end":{"line":323,"column":5}},"76":{"start":{"line":325,"column":2},"end":{"line":328,"column":5}},"77":{"start":{"line":336,"column":0},"end":{"line":344,"column":3}},"78":{"start":{"line":337,"column":15},"end":{"line":338,"column":47}},"79":{"start":{"line":340,"column":2},"end":{"line":343,"column":5}},"80":{"start":{"line":351,"column":0},"end":{"line":370,"column":3}},"81":{"start":{"line":352,"column":59},"end":{"line":352,"column":67}},"82":{"start":{"line":354,"column":21},"end":{"line":354,"column":23}},"83":{"start":{"line":355,"column":2},"end":{"line":355,"column":64}},"84":{"start":{"line":355,"column":31},"end":{"line":355,"column":64}},"85":{"start":{"line":356,"column":2},"end":{"line":356,"column":61}},"86":{"start":{"line":356,"column":30},"end":{"line":356,"column":61}},"87":{"start":{"line":357,"column":2},"end":{"line":357,"column":70}},"88":{"start":{"line":357,"column":33},"end":{"line":357,"column":70}},"89":{"start":{"line":358,"column":2},"end":{"line":358,"column":67}},"90":{"start":{"line":358,"column":32},"end":{"line":358,"column":67}},"91":{"start":{"line":360,"column":15},"end":{"line":364,"column":23}},"92":{"start":{"line":366,"column":2},"end":{"line":369,"column":5}},"93":{"start":{"line":377,"column":0},"end":{"line":431,"column":3}},"94":{"start":{"line":378,"column":61},"end":{"line":378,"column":69}},"95":{"start":{"line":380,"column":21},"end":{"line":380,"column":23}},"96":{"start":{"line":382,"column":2},"end":{"line":403,"column":3}},"97":{"start":{"line":383,"column":4},"end":{"line":383,"column":43}},"98":{"start":{"line":384,"column":4},"end":{"line":402,"column":5}},"99":{"start":{"line":385,"column":6},"end":{"line":385,"column":42}},"100":{"start":{"line":387,"column":6},"end":{"line":393,"column":9}},"101":{"start":{"line":395,"column":6},"end":{"line":401,"column":9}},"102":{"start":{"line":405,"column":2},"end":{"line":415,"column":3}},"103":{"start":{"line":406,"column":4},"end":{"line":406,"column":49}},"104":{"start":{"line":408,"column":4},"end":{"line":414,"column":7}},"105":{"start":{"line":417,"column":2},"end":{"line":419,"column":3}},"106":{"start":{"line":418,"column":4},"end":{"line":418,"column":85}},"107":{"start":{"line":421,"column":15},"end":{"line":425,"column":3}},"108":{"start":{"line":427,"column":2},"end":{"line":430,"column":5}},"109":{"start":{"line":438,"column":0},"end":{"line":482,"column":3}},"110":{"start":{"line":439,"column":43},"end":{"line":439,"column":51}},"111":{"start":{"line":442,"column":15},"end":{"line":442,"column":68}},"112":{"start":{"line":445,"column":28},"end":{"line":445,"column":71}},"113":{"start":{"line":446,"column":2},"end":{"line":451,"column":3}},"114":{"start":{"line":447,"column":4},"end":{"line":450,"column":7}},"115":{"start":{"line":454,"column":2},"end":{"line":454,"column":30}},"116":{"start":{"line":455,"column":2},"end":{"line":455,"column":20}},"117":{"start":{"line":458,"column":2},"end":{"line":458,"column":26}},"118":{"start":{"line":459,"column":2},"end":{"line":459,"column":20}},"119":{"start":{"line":462,"column":2},"end":{"line":468,"column":5}},"120":{"start":{"line":471,"column":16},"end":{"line":471,"column":39}},"121":{"start":{"line":472,"column":23},"end":{"line":472,"column":53}},"122":{"start":{"line":474,"column":2},"end":{"line":481,"column":5}},"123":{"start":{"line":489,"column":0},"end":{"line":537,"column":3}},"124":{"start":{"line":490,"column":20},"end":{"line":490,"column":28}},"125":{"start":{"line":492,"column":2},"end":{"line":497,"column":3}},"126":{"start":{"line":493,"column":4},"end":{"line":496,"column":7}},"127":{"start":{"line":499,"column":15},"end":{"line":499,"column":44}},"128":{"start":{"line":502,"column":2},"end":{"line":507,"column":3}},"129":{"start":{"line":503,"column":4},"end":{"line":506,"column":7}},"130":{"start":{"line":510,"column":20},"end":{"line":510,"column":74}},"131":{"start":{"line":511,"column":24},"end":{"line":511,"column":94}},"132":{"start":{"line":514,"column":2},"end":{"line":514,"column":42}},"133":{"start":{"line":515,"column":2},"end":{"line":515,"column":58}},"134":{"start":{"line":516,"column":2},"end":{"line":516,"column":20}},"135":{"start":{"line":519,"column":2},"end":{"line":525,"column":5}},"136":{"start":{"line":529,"column":2},"end":{"line":529,"column":64}},"137":{"start":{"line":531,"column":2},"end":{"line":536,"column":5}},"138":{"start":{"line":544,"column":0},"end":{"line":602,"column":3}},"139":{"start":{"line":545,"column":44},"end":{"line":545,"column":52}},"140":{"start":{"line":547,"column":2},"end":{"line":552,"column":3}},"141":{"start":{"line":548,"column":4},"end":{"line":551,"column":7}},"142":{"start":{"line":555,"column":24},"end":{"line":555,"column":94}},"143":{"start":{"line":558,"column":15},"end":{"line":562,"column":4}},"144":{"start":{"line":564,"column":2},"end":{"line":569,"column":3}},"145":{"start":{"line":565,"column":4},"end":{"line":568,"column":7}},"146":{"start":{"line":572,"column":2},"end":{"line":572,"column":30}},"147":{"start":{"line":573,"column":2},"end":{"line":573,"column":38}},"148":{"start":{"line":574,"column":2},"end":{"line":574,"column":40}},"149":{"start":{"line":577,"column":2},"end":{"line":577,"column":26}},"150":{"start":{"line":579,"column":2},"end":{"line":579,"column":20}},"151":{"start":{"line":582,"column":2},"end":{"line":588,"column":5}},"152":{"start":{"line":591,"column":16},"end":{"line":591,"column":39}},"153":{"start":{"line":592,"column":23},"end":{"line":592,"column":53}},"154":{"start":{"line":594,"column":2},"end":{"line":601,"column":5}}},"fnMap":{"0":{"name":"(anonymous_0)","decl":{"start":{"line":9,"column":22},"end":{"line":9,"column":23}},"loc":{"start":{"line":9,"column":30},"end":{"line":13,"column":1}},"line":9},"1":{"name":"(anonymous_1)","decl":{"start":{"line":18,"column":29},"end":{"line":18,"column":30}},"loc":{"start":{"line":18,"column":37},"end":{"line":22,"column":1}},"line":18},"2":{"name":"(anonymous_2)","decl":{"start":{"line":29,"column":32},"end":{"line":29,"column":33}},"loc":{"start":{"line":29,"column":52},"end":{"line":84,"column":1}},"line":29},"3":{"name":"(anonymous_3)","decl":{"start":{"line":91,"column":29},"end":{"line":91,"column":30}},"loc":{"start":{"line":91,"column":49},"end":{"line":244,"column":1}},"line":91},"4":{"name":"(anonymous_4)","decl":{"start":{"line":251,"column":31},"end":{"line":251,"column":32}},"loc":{"start":{"line":251,"column":51},"end":{"line":302,"column":1}},"line":251},"5":{"name":"(anonymous_5)","decl":{"start":{"line":276,"column":6},"end":{"line":276,"column":7}},"loc":{"start":{"line":276,"column":12},"end":{"line":276,"column":66}},"line":276},"6":{"name":"(anonymous_6)","decl":{"start":{"line":309,"column":30},"end":{"line":309,"column":31}},"loc":{"start":{"line":309,"column":50},"end":{"line":329,"column":1}},"line":309},"7":{"name":"(anonymous_7)","decl":{"start":{"line":336,"column":29},"end":{"line":336,"column":30}},"loc":{"start":{"line":336,"column":49},"end":{"line":344,"column":1}},"line":336},"8":{"name":"(anonymous_8)","decl":{"start":{"line":351,"column":37},"end":{"line":351,"column":38}},"loc":{"start":{"line":351,"column":57},"end":{"line":370,"column":1}},"line":351},"9":{"name":"(anonymous_9)","decl":{"start":{"line":377,"column":37},"end":{"line":377,"column":38}},"loc":{"start":{"line":377,"column":57},"end":{"line":431,"column":1}},"line":377},"10":{"name":"(anonymous_10)","decl":{"start":{"line":438,"column":38},"end":{"line":438,"column":39}},"loc":{"start":{"line":438,"column":58},"end":{"line":482,"column":1}},"line":438},"11":{"name":"(anonymous_11)","decl":{"start":{"line":489,"column":38},"end":{"line":489,"column":39}},"loc":{"start":{"line":489,"column":58},"end":{"line":537,"column":1}},"line":489},"12":{"name":"(anonymous_12)","decl":{"start":{"line":544,"column":37},"end":{"line":544,"column":38}},"loc":{"start":{"line":544,"column":57},"end":{"line":602,"column":1}},"line":544}},"branchMap":{"0":{"loc":{"start":{"line":34,"column":2},"end":{"line":39,"column":3}},"type":"if","locations":[{"start":{"line":34,"column":2},"end":{"line":39,"column":3}},{"start":{},"end":{}}],"line":34},"1":{"loc":{"start":{"line":47,"column":10},"end":{"line":47,"column":25}},"type":"binary-expr","locations":[{"start":{"line":47,"column":10},"end":{"line":47,"column":14}},{"start":{"line":47,"column":18},"end":{"line":47,"column":25}}],"line":47},"2":{"loc":{"start":{"line":95,"column":2},"end":{"line":155,"column":3}},"type":"if","locations":[{"start":{"line":95,"column":2},"end":{"line":155,"column":3}},{"start":{},"end":{}}],"line":95},"3":{"loc":{"start":{"line":95,"column":6},"end":{"line":95,"column":33}},"type":"binary-expr","locations":[{"start":{"line":95,"column":6},"end":{"line":95,"column":15}},{"start":{"line":95,"column":19},"end":{"line":95,"column":33}}],"line":95},"4":{"loc":{"start":{"line":103,"column":6},"end":{"line":108,"column":7}},"type":"if","locations":[{"start":{"line":103,"column":6},"end":{"line":108,"column":7}},{"start":{},"end":{}}],"line":103},"5":{"loc":{"start":{"line":103,"column":10},"end":{"line":103,"column":33}},"type":"binary-expr","locations":[{"start":{"line":103,"column":10},"end":{"line":103,"column":15}},{"start":{"line":103,"column":19},"end":{"line":103,"column":33}}],"line":103},"6":{"loc":{"start":{"line":161,"column":43},"end":{"line":161,"column":62}},"type":"binary-expr","locations":[{"start":{"line":161,"column":43},"end":{"line":161,"column":53}},{"start":{"line":161,"column":57},"end":{"line":161,"column":62}}],"line":161},"7":{"loc":{"start":{"line":162,"column":2},"end":{"line":176,"column":3}},"type":"if","locations":[{"start":{"line":162,"column":2},"end":{"line":176,"column":3}},{"start":{},"end":{}}],"line":162},"8":{"loc":{"start":{"line":167,"column":24},"end":{"line":167,"column":43}},"type":"binary-expr","locations":[{"start":{"line":167,"column":24},"end":{"line":167,"column":34}},{"start":{"line":167,"column":38},"end":{"line":167,"column":43}}],"line":167},"9":{"loc":{"start":{"line":179,"column":2},"end":{"line":184,"column":3}},"type":"if","locations":[{"start":{"line":179,"column":2},"end":{"line":184,"column":3}},{"start":{},"end":{}}],"line":179},"10":{"loc":{"start":{"line":187,"column":55},"end":{"line":187,"column":80}},"type":"binary-expr","locations":[{"start":{"line":187,"column":55},"end":{"line":187,"column":68}},{"start":{"line":187,"column":72},"end":{"line":187,"column":80}}],"line":187},"11":{"loc":{"start":{"line":188,"column":2},"end":{"line":203,"column":3}},"type":"if","locations":[{"start":{"line":188,"column":2},"end":{"line":203,"column":3}},{"start":{},"end":{}}],"line":188},"12":{"loc":{"start":{"line":194,"column":24},"end":{"line":194,"column":43}},"type":"binary-expr","locations":[{"start":{"line":194,"column":24},"end":{"line":194,"column":34}},{"start":{"line":194,"column":38},"end":{"line":194,"column":43}}],"line":194},"13":{"loc":{"start":{"line":223,"column":22},"end":{"line":223,"column":41}},"type":"binary-expr","locations":[{"start":{"line":223,"column":22},"end":{"line":223,"column":32}},{"start":{"line":223,"column":36},"end":{"line":223,"column":41}}],"line":223},"14":{"loc":{"start":{"line":254,"column":2},"end":{"line":259,"column":3}},"type":"if","locations":[{"start":{"line":254,"column":2},"end":{"line":259,"column":3}},{"start":{},"end":{}}],"line":254},"15":{"loc":{"start":{"line":267,"column":4},"end":{"line":272,"column":5}},"type":"if","locations":[{"start":{"line":267,"column":4},"end":{"line":272,"column":5}},{"start":{},"end":{}}],"line":267},"16":{"loc":{"start":{"line":276,"column":12},"end":{"line":276,"column":66}},"type":"binary-expr","locations":[{"start":{"line":276,"column":12},"end":{"line":276,"column":37}},{"start":{"line":276,"column":41},"end":{"line":276,"column":66}}],"line":276},"17":{"loc":{"start":{"line":279,"column":4},"end":{"line":284,"column":5}},"type":"if","locations":[{"start":{"line":279,"column":4},"end":{"line":284,"column":5}},{"start":{},"end":{}}],"line":279},"18":{"loc":{"start":{"line":312,"column":2},"end":{"line":314,"column":3}},"type":"if","locations":[{"start":{"line":312,"column":2},"end":{"line":314,"column":3}},{"start":{},"end":{}}],"line":312},"19":{"loc":{"start":{"line":355,"column":2},"end":{"line":355,"column":64}},"type":"if","locations":[{"start":{"line":355,"column":2},"end":{"line":355,"column":64}},{"start":{},"end":{}}],"line":355},"20":{"loc":{"start":{"line":356,"column":2},"end":{"line":356,"column":61}},"type":"if","locations":[{"start":{"line":356,"column":2},"end":{"line":356,"column":61}},{"start":{},"end":{}}],"line":356},"21":{"loc":{"start":{"line":357,"column":2},"end":{"line":357,"column":70}},"type":"if","locations":[{"start":{"line":357,"column":2},"end":{"line":357,"column":70}},{"start":{},"end":{}}],"line":357},"22":{"loc":{"start":{"line":358,"column":2},"end":{"line":358,"column":67}},"type":"if","locations":[{"start":{"line":358,"column":2},"end":{"line":358,"column":67}},{"start":{},"end":{}}],"line":358},"23":{"loc":{"start":{"line":382,"column":2},"end":{"line":403,"column":3}},"type":"if","locations":[{"start":{"line":382,"column":2},"end":{"line":403,"column":3}},{"start":{},"end":{}}],"line":382},"24":{"loc":{"start":{"line":384,"column":4},"end":{"line":402,"column":5}},"type":"if","locations":[{"start":{"line":384,"column":4},"end":{"line":402,"column":5}},{"start":{"line":394,"column":11},"end":{"line":402,"column":5}}],"line":384},"25":{"loc":{"start":{"line":405,"column":2},"end":{"line":415,"column":3}},"type":"if","locations":[{"start":{"line":405,"column":2},"end":{"line":415,"column":3}},{"start":{},"end":{}}],"line":405},"26":{"loc":{"start":{"line":409,"column":17},"end":{"line":409,"column":91}},"type":"cond-expr","locations":[{"start":{"line":409,"column":35},"end":{"line":409,"column":61}},{"start":{"line":409,"column":64},"end":{"line":409,"column":91}}],"line":409},"27":{"loc":{"start":{"line":417,"column":2},"end":{"line":419,"column":3}},"type":"if","locations":[{"start":{"line":417,"column":2},"end":{"line":419,"column":3}},{"start":{},"end":{}}],"line":417},"28":{"loc":{"start":{"line":446,"column":2},"end":{"line":451,"column":3}},"type":"if","locations":[{"start":{"line":446,"column":2},"end":{"line":451,"column":3}},{"start":{},"end":{}}],"line":446},"29":{"loc":{"start":{"line":492,"column":2},"end":{"line":497,"column":3}},"type":"if","locations":[{"start":{"line":492,"column":2},"end":{"line":497,"column":3}},{"start":{},"end":{}}],"line":492},"30":{"loc":{"start":{"line":502,"column":2},"end":{"line":507,"column":3}},"type":"if","locations":[{"start":{"line":502,"column":2},"end":{"line":507,"column":3}},{"start":{},"end":{}}],"line":502},"31":{"loc":{"start":{"line":535,"column":8},"end":{"line":535,"column":63}},"type":"binary-expr","locations":[{"start":{"line":535,"column":8},"end":{"line":535,"column":46}},{"start":{"line":535,"column":50},"end":{"line":535,"column":63}}],"line":535},"32":{"loc":{"start":{"line":547,"column":2},"end":{"line":552,"column":3}},"type":"if","locations":[{"start":{"line":547,"column":2},"end":{"line":552,"column":3}},{"start":{},"end":{}}],"line":547},"33":{"loc":{"start":{"line":547,"column":6},"end":{"line":547,"column":42}},"type":"binary-expr","locations":[{"start":{"line":547,"column":6},"end":{"line":547,"column":12}},{"start":{"line":547,"column":16},"end":{"line":547,"column":26}},{"start":{"line":547,"column":30},"end":{"line":547,"column":42}}],"line":547},"34":{"loc":{"start":{"line":564,"column":2},"end":{"line":569,"column":3}},"type":"if","locations":[{"start":{"line":564,"column":2},"end":{"line":569,"column":3}},{"start":{},"end":{}}],"line":564}},"s":{"0":2,"1":2,"2":2,"3":2,"4":2,"5":0,"6":2,"7":0,"8":2,"9":0,"10":0,"11":0,"12":0,"13":0,"14":0,"15":0,"16":0,"17":0,"18":2,"19":0,"20":0,"21":0,"22":0,"23":0,"24":0,"25":0,"26":0,"27":0,"28":0,"29":0,"30":0,"31":0,"32":0,"33":0,"34":0,"35":0,"36":0,"37":0,"38":0,"39":0,"40":0,"41":0,"42":0,"43":0,"44":0,"45":0,"46":0,"47":0,"48":0,"49":0,"50":0,"51":0,"52":0,"53":0,"54":2,"55":0,"56":0,"57":0,"58":0,"59":0,"60":0,"61":0,"62":0,"63":0,"64":0,"65":0,"66":0,"67":0,"68":0,"69":0,"70":0,"71":2,"72":0,"73":0,"74":0,"75":0,"76":0,"77":2,"78":0,"79":0,"80":2,"81":0,"82":0,"83":0,"84":0,"85":0,"86":0,"87":0,"88":0,"89":0,"90":0,"91":0,"92":0,"93":2,"94":0,"95":0,"96":0,"97":0,"98":0,"99":0,"100":0,"101":0,"102":0,"103":0,"104":0,"105":0,"106":0,"107":0,"108":0,"109":2,"110":0,"111":0,"112":0,"113":0,"114":0,"115":0,"116":0,"117":0,"118":0,"119":0,"120":0,"121":0,"122":0,"123":2,"124":0,"125":0,"126":0,"127":0,"128":0,"129":0,"130":0,"131":0,"132":0,"133":0,"134":0,"135":0,"136":0,"137":0,"138":2,"139":0,"140":0,"141":0,"142":0,"143":0,"144":0,"145":0,"146":0,"147":0,"148":0,"149":0,"150":0,"151":0,"152":0,"153":0,"154":0},"f":{"0":0,"1":0,"2":0,"3":0,"4":0,"5":0,"6":0,"7":0,"8":0,"9":0,"10":0,"11":0,"12":0},"b":{"0":[0,0],"1":[0,0],"2":[0,0],"3":[0,0],"4":[0,0],"5":[0,0],"6":[0,0],"7":[0,0],"8":[0,0],"9":[0,0],"10":[0,0],"11":[0,0],"12":[0,0],"13":[0,0],"14":[0,0],"15":[0,0],"16":[0,0],"17":[0,0],"18":[0,0],"19":[0,0],"20":[0,0],"21":[0,0],"22":[0,0],"23":[0,0],"24":[0,0],"25":[0,0],"26":[0,0],"27":[0,0],"28":[0,0],"29":[0,0],"30":[0,0],"31":[0,0],"32":[0,0],"33":[0,0,0],"34":[0,0]},"_coverageSchema":"1a1c01bbd47fc00a2c39e90264f33305004495a9","hash":"b3815a3ae82c74a79d866709f2c8ab34465caf1e"}
,"C:\\Users\\USER\\Downloads\\Auto-Attendance-Tracking\\backend\\src\\controllers\\dashboardController.js": {"path":"C:\\Users\\USER\\Downloads\\Auto-Attendance-Tracking\\backend\\src\\controllers\\dashboardController.js","statementMap":{"0":{"start":{"line":1,"column":13},"end":{"line":1,"column":38}},"1":{"start":{"line":2,"column":19},"end":{"line":2,"column":50}},"2":{"start":{"line":5,"column":0},"end":{"line":64,"column":2}},"3":{"start":{"line":6,"column":2},"end":{"line":63,"column":3}},"4":{"start":{"line":7,"column":18},"end":{"line":7,"column":28}},"5":{"start":{"line":8,"column":4},"end":{"line":8,"column":31}},"6":{"start":{"line":9,"column":21},"end":{"line":9,"column":36}},"7":{"start":{"line":10,"column":4},"end":{"line":10,"column":45}},"8":{"start":{"line":13,"column":27},"end":{"line":13,"column":80}},"9":{"start":{"line":16,"column":28},"end":{"line":18,"column":56}},"10":{"start":{"line":20,"column":25},"end":{"line":20,"column":83}},"11":{"start":{"line":20,"column":53},"end":{"line":20,"column":75}},"12":{"start":{"line":21,"column":22},"end":{"line":21,"column":77}},"13":{"start":{"line":21,"column":50},"end":{"line":21,"column":69}},"14":{"start":{"line":22,"column":27},"end":{"line":22,"column":78}},"15":{"start":{"line":22,"column":55},"end":{"line":22,"column":70}},"16":{"start":{"line":23,"column":24},"end":{"line":23,"column":55}},"17":{"start":{"line":26,"column":30},"end":{"line":28,"column":9}},"18":{"start":{"line":30,"column":27},"end":{"line":32,"column":9}},"19":{"start":{"line":34,"column":29},"end":{"line":36,"column":9}},"20":{"start":{"line":38,"column":27},"end":{"line":40,"column":9}},"21":{"start":{"line":42,"column":4},"end":{"line":55,"column":7}},"22":{"start":{"line":57,"column":4},"end":{"line":57,"column":51}},"23":{"start":{"line":58,"column":4},"end":{"line":62,"column":7}},"24":{"start":{"line":67,"column":0},"end":{"line":112,"column":2}},"25":{"start":{"line":68,"column":2},"end":{"line":111,"column":3}},"26":{"start":{"line":69,"column":18},"end":{"line":69,"column":28}},"27":{"start":{"line":70,"column":20},"end":{"line":70,"column":35}},"28":{"start":{"line":71,"column":4},"end":{"line":71,"column":43}},"29":{"start":{"line":72,"column":4},"end":{"line":72,"column":33}},"30":{"start":{"line":74,"column":23},"end":{"line":74,"column":25}},"31":{"start":{"line":75,"column":17},"end":{"line":75,"column":66}},"32":{"start":{"line":77,"column":4},"end":{"line":98,"column":5}},"33":{"start":{"line":77,"column":17},"end":{"line":77,"column":18}},"34":{"start":{"line":78,"column":23},"end":{"line":78,"column":40}},"35":{"start":{"line":79,"column":6},"end":{"line":79,"column":47}},"36":{"start":{"line":80,"column":21},"end":{"line":80,"column":39}},"37":{"start":{"line":81,"column":6},"end":{"line":81,"column":43}},"38":{"start":{"line":83,"column":28},"end":{"line":85,"column":8}},"39":{"start":{"line":87,"column":22},"end":{"line":87,"column":78}},"40":{"start":{"line":87,"column":48},"end":{"line":87,"column":70}},"41":{"start":{"line":88,"column":19},"end":{"line":88,"column":72}},"42":{"start":{"line":88,"column":45},"end":{"line":88,"column":64}},"43":{"start":{"line":89,"column":21},"end":{"line":89,"column":76}},"44":{"start":{"line":89,"column":47},"end":{"line":89,"column":68}},"45":{"start":{"line":91,"column":6},"end":{"line":97,"column":9}},"46":{"start":{"line":100,"column":4},"end":{"line":103,"column":7}},"47":{"start":{"line":105,"column":4},"end":{"line":105,"column":53}},"48":{"start":{"line":106,"column":4},"end":{"line":110,"column":7}},"49":{"start":{"line":115,"column":0},"end":{"line":143,"column":2}},"50":{"start":{"line":116,"column":2},"end":{"line":142,"column":3}},"51":{"start":{"line":117,"column":24},"end":{"line":121,"column":6}},"52":{"start":{"line":124,"column":18},"end":{"line":124,"column":72}},"53":{"start":{"line":124,"column":52},"end":{"line":124,"column":68}},"54":{"start":{"line":125,"column":29},"end":{"line":129,"column":7}},"55":{"start":{"line":125,"column":54},"end":{"line":129,"column":5}},"56":{"start":{"line":131,"column":4},"end":{"line":134,"column":7}},"57":{"start":{"line":136,"column":4},"end":{"line":136,"column":59}},"58":{"start":{"line":137,"column":4},"end":{"line":141,"column":7}},"59":{"start":{"line":146,"column":0},"end":{"line":190,"column":2}},"60":{"start":{"line":147,"column":2},"end":{"line":189,"column":3}},"61":{"start":{"line":148,"column":18},"end":{"line":148,"column":28}},"62":{"start":{"line":149,"column":25},"end":{"line":149,"column":40}},"63":{"start":{"line":150,"column":4},"end":{"line":150,"column":55}},"64":{"start":{"line":151,"column":4},"end":{"line":151,"column":28}},"65":{"start":{"line":152,"column":4},"end":{"line":152,"column":39}},"66":{"start":{"line":154,"column":19},"end":{"line":154,"column":103}},"67":{"start":{"line":155,"column":22},"end":{"line":155,"column":24}},"68":{"start":{"line":157,"column":4},"end":{"line":176,"column":5}},"69":{"start":{"line":157,"column":17},"end":{"line":157,"column":18}},"70":{"start":{"line":158,"column":25},"end":{"line":158,"column":47}},"71":{"start":{"line":159,"column":6},"end":{"line":159,"column":53}},"72":{"start":{"line":160,"column":23},"end":{"line":160,"column":43}},"73":{"start":{"line":161,"column":6},"end":{"line":161,"column":49}},"74":{"start":{"line":163,"column":30},"end":{"line":165,"column":8}},"75":{"start":{"line":167,"column":24},"end":{"line":167,"column":46}},"76":{"start":{"line":168,"column":26},"end":{"line":168,"column":107}},"77":{"start":{"line":168,"column":54},"end":{"line":168,"column":99}},"78":{"start":{"line":169,"column":29},"end":{"line":169,"column":93}},"79":{"start":{"line":171,"column":6},"end":{"line":175,"column":9}},"80":{"start":{"line":178,"column":4},"end":{"line":181,"column":7}},"81":{"start":{"line":183,"column":4},"end":{"line":183,"column":49}},"82":{"start":{"line":184,"column":4},"end":{"line":188,"column":7}},"83":{"start":{"line":193,"column":0},"end":{"line":238,"column":2}},"84":{"start":{"line":194,"column":2},"end":{"line":237,"column":3}},"85":{"start":{"line":195,"column":29},"end":{"line":198,"column":16}},"86":{"start":{"line":200,"column":23},"end":{"line":224,"column":8}},"87":{"start":{"line":201,"column":28},"end":{"line":201,"column":43}},"88":{"start":{"line":203,"column":28},"end":{"line":203,"column":74}},"89":{"start":{"line":204,"column":25},"end":{"line":204,"column":69}},"90":{"start":{"line":205,"column":24},"end":{"line":205,"column":52}},"91":{"start":{"line":206,"column":22},"end":{"line":206,"column":46}},"92":{"start":{"line":207,"column":21},"end":{"line":207,"column":43}},"93":{"start":{"line":210,"column":8},"end":{"line":213,"column":34}},"94":{"start":{"line":210,"column":22},"end":{"line":210,"column":72}},"95":{"start":{"line":211,"column":13},"end":{"line":213,"column":34}},"96":{"start":{"line":211,"column":28},"end":{"line":211,"column":81}},"97":{"start":{"line":212,"column":13},"end":{"line":213,"column":34}},"98":{"start":{"line":212,"column":30},"end":{"line":212,"column":89}},"99":{"start":{"line":213,"column":13},"end":{"line":213,"column":34}},"100":{"start":{"line":215,"column":8},"end":{"line":223,"column":10}},"101":{"start":{"line":226,"column":4},"end":{"line":229,"column":7}},"102":{"start":{"line":231,"column":4},"end":{"line":231,"column":51}},"103":{"start":{"line":232,"column":4},"end":{"line":236,"column":7}}},"fnMap":{"0":{"name":"(anonymous_0)","decl":{"start":{"line":5,"column":28},"end":{"line":5,"column":29}},"loc":{"start":{"line":5,"column":48},"end":{"line":64,"column":1}},"line":5},"1":{"name":"(anonymous_1)","decl":{"start":{"line":20,"column":48},"end":{"line":20,"column":49}},"loc":{"start":{"line":20,"column":53},"end":{"line":20,"column":75}},"line":20},"2":{"name":"(anonymous_2)","decl":{"start":{"line":21,"column":45},"end":{"line":21,"column":46}},"loc":{"start":{"line":21,"column":50},"end":{"line":21,"column":69}},"line":21},"3":{"name":"(anonymous_3)","decl":{"start":{"line":22,"column":50},"end":{"line":22,"column":51}},"loc":{"start":{"line":22,"column":55},"end":{"line":22,"column":70}},"line":22},"4":{"name":"(anonymous_4)","decl":{"start":{"line":67,"column":30},"end":{"line":67,"column":31}},"loc":{"start":{"line":67,"column":50},"end":{"line":112,"column":1}},"line":67},"5":{"name":"(anonymous_5)","decl":{"start":{"line":87,"column":43},"end":{"line":87,"column":44}},"loc":{"start":{"line":87,"column":48},"end":{"line":87,"column":70}},"line":87},"6":{"name":"(anonymous_6)","decl":{"start":{"line":88,"column":40},"end":{"line":88,"column":41}},"loc":{"start":{"line":88,"column":45},"end":{"line":88,"column":64}},"line":88},"7":{"name":"(anonymous_7)","decl":{"start":{"line":89,"column":42},"end":{"line":89,"column":43}},"loc":{"start":{"line":89,"column":47},"end":{"line":89,"column":68}},"line":89},"8":{"name":"(anonymous_8)","decl":{"start":{"line":115,"column":36},"end":{"line":115,"column":37}},"loc":{"start":{"line":115,"column":56},"end":{"line":143,"column":1}},"line":115},"9":{"name":"(anonymous_9)","decl":{"start":{"line":124,"column":37},"end":{"line":124,"column":38}},"loc":{"start":{"line":124,"column":52},"end":{"line":124,"column":68}},"line":124},"10":{"name":"(anonymous_10)","decl":{"start":{"line":125,"column":45},"end":{"line":125,"column":46}},"loc":{"start":{"line":125,"column":54},"end":{"line":129,"column":5}},"line":125},"11":{"name":"(anonymous_11)","decl":{"start":{"line":146,"column":26},"end":{"line":146,"column":27}},"loc":{"start":{"line":146,"column":46},"end":{"line":190,"column":1}},"line":146},"12":{"name":"(anonymous_12)","decl":{"start":{"line":168,"column":49},"end":{"line":168,"column":50}},"loc":{"start":{"line":168,"column":54},"end":{"line":168,"column":99}},"line":168},"13":{"name":"(anonymous_13)","decl":{"start":{"line":193,"column":28},"end":{"line":193,"column":29}},"loc":{"start":{"line":193,"column":48},"end":{"line":238,"column":1}},"line":193},"14":{"name":"(anonymous_14)","decl":{"start":{"line":201,"column":14},"end":{"line":201,"column":15}},"loc":{"start":{"line":201,"column":28},"end":{"line":201,"column":43}},"line":201},"15":{"name":"(anonymous_15)","decl":{"start":{"line":202,"column":11},"end":{"line":202,"column":12}},"loc":{"start":{"line":202,"column":25},"end":{"line":224,"column":7}},"line":202}},"branchMap":{"0":{"loc":{"start":{"line":26,"column":30},"end":{"line":28,"column":9}},"type":"cond-expr","locations":[{"start":{"line":27,"column":8},"end":{"line":27,"column":58}},{"start":{"line":28,"column":8},"end":{"line":28,"column":9}}],"line":26},"1":{"loc":{"start":{"line":30,"column":27},"end":{"line":32,"column":9}},"type":"cond-expr","locations":[{"start":{"line":31,"column":8},"end":{"line":31,"column":55}},{"start":{"line":32,"column":8},"end":{"line":32,"column":9}}],"line":30},"2":{"loc":{"start":{"line":34,"column":29},"end":{"line":36,"column":9}},"type":"cond-expr","locations":[{"start":{"line":35,"column":8},"end":{"line":35,"column":57}},{"start":{"line":36,"column":8},"end":{"line":36,"column":9}}],"line":34},"3":{"loc":{"start":{"line":38,"column":27},"end":{"line":40,"column":9}},"type":"cond-expr","locations":[{"start":{"line":39,"column":8},"end":{"line":39,"column":72}},{"start":{"line":40,"column":8},"end":{"line":40,"column":9}}],"line":38},"4":{"loc":{"start":{"line":128,"column":18},"end":{"line":128,"column":73}},"type":"cond-expr","locations":[{"start":{"line":128,"column":30},"end":{"line":128,"column":69}},{"start":{"line":128,"column":72},"end":{"line":128,"column":73}}],"line":128},"5":{"loc":{"start":{"line":168,"column":54},"end":{"line":168,"column":99}},"type":"binary-expr","locations":[{"start":{"line":168,"column":54},"end":{"line":168,"column":76}},{"start":{"line":168,"column":80},"end":{"line":168,"column":99}}],"line":168},"6":{"loc":{"start":{"line":169,"column":29},"end":{"line":169,"column":93}},"type":"cond-expr","locations":[{"start":{"line":169,"column":45},"end":{"line":169,"column":89}},{"start":{"line":169,"column":92},"end":{"line":169,"column":93}}],"line":169},"7":{"loc":{"start":{"line":203,"column":28},"end":{"line":203,"column":74}},"type":"binary-expr","locations":[{"start":{"line":203,"column":28},"end":{"line":203,"column":52}},{"start":{"line":203,"column":56},"end":{"line":203,"column":74}}],"line":203},"8":{"loc":{"start":{"line":210,"column":8},"end":{"line":213,"column":34}},"type":"if","locations":[{"start":{"line":210,"column":8},"end":{"line":213,"column":34}},{"start":{"line":211,"column":13},"end":{"line":213,"column":34}}],"line":210},"9":{"loc":{"start":{"line":210,"column":46},"end":{"line":210,"column":65}},"type":"cond-expr","locations":[{"start":{"line":210,"column":57},"end":{"line":210,"column":60}},{"start":{"line":210,"column":63},"end":{"line":210,"column":65}}],"line":210},"10":{"loc":{"start":{"line":211,"column":13},"end":{"line":213,"column":34}},"type":"if","locations":[{"start":{"line":211,"column":13},"end":{"line":213,"column":34}},{"start":{"line":212,"column":13},"end":{"line":213,"column":34}}],"line":211},"11":{"loc":{"start":{"line":211,"column":54},"end":{"line":211,"column":74}},"type":"cond-expr","locations":[{"start":{"line":211,"column":66},"end":{"line":211,"column":69}},{"start":{"line":211,"column":72},"end":{"line":211,"column":74}}],"line":211},"12":{"loc":{"start":{"line":212,"column":13},"end":{"line":213,"column":34}},"type":"if","locations":[{"start":{"line":212,"column":13},"end":{"line":213,"column":34}},{"start":{"line":213,"column":13},"end":{"line":213,"column":34}}],"line":212},"13":{"loc":{"start":{"line":212,"column":60},"end":{"line":212,"column":82}},"type":"cond-expr","locations":[{"start":{"line":212,"column":74},"end":{"line":212,"column":77}},{"start":{"line":212,"column":80},"end":{"line":212,"column":82}}],"line":212},"14":{"loc":{"start":{"line":219,"column":18},"end":{"line":219,"column":74}},"type":"cond-expr","locations":[{"start":{"line":219,"column":46},"end":{"line":219,"column":59}},{"start":{"line":219,"column":62},"end":{"line":219,"column":74}}],"line":219}},"s":{"0":2,"1":2,"2":2,"3":0,"4":0,"5":0,"6":0,"7":0,"8":0,"9":0,"10":0,"11":0,"12":0,"13":0,"14":0,"15":0,"16":0,"17":0,"18":0,"19":0,"20":0,"21":0,"22":0,"23":0,"24":2,"25":0,"26":0,"27":0,"28":0,"29":0,"30":0,"31":0,"32":0,"33":0,"34":0,"35":0,"36":0,"37":0,"38":0,"39":0,"40":0,"41":0,"42":0,"43":0,"44":0,"45":0,"46":0,"47":0,"48":0,"49":2,"50":0,"51":0,"52":0,"53":0,"54":0,"55":0,"56":0,"57":0,"58":0,"59":2,"60":0,"61":0,"62":0,"63":0,"64":0,"65":0,"66":0,"67":0,"68":0,"69":0,"70":0,"71":0,"72":0,"73":0,"74":0,"75":0,"76":0,"77":0,"78":0,"79":0,"80":0,"81":0,"82":0,"83":2,"84":0,"85":0,"86":0,"87":0,"88":0,"89":0,"90":0,"91":0,"92":0,"93":0,"94":0,"95":0,"96":0,"97":0,"98":0,"99":0,"100":0,"101":0,"102":0,"103":0},"f":{"0":0,"1":0,"2":0,"3":0,"4":0,"5":0,"6":0,"7":0,"8":0,"9":0,"10":0,"11":0,"12":0,"13":0,"14":0,"15":0},"b":{"0":[0,0],"1":[0,0],"2":[0,0],"3":[0,0],"4":[0,0],"5":[0,0],"6":[0,0],"7":[0,0],"8":[0,0],"9":[0,0],"10":[0,0],"11":[0,0],"12":[0,0],"13":[0,0],"14":[0,0]},"_coverageSchema":"1a1c01bbd47fc00a2c39e90264f33305004495a9","hash":"4f07bcdc59a8bf9ce05117ba2ce122921cdedec0"}
,"C:\\Users\\USER\\Downloads\\Auto-Attendance-Tracking\\backend\\src\\controllers\\geofenceController.js": {"path":"C:\\Users\\USER\\Downloads\\Auto-Attendance-Tracking\\backend\\src\\controllers\\geofenceController.js","statementMap":{"0":{"start":{"line":1,"column":28},"end":{"line":1,"column":48}},"1":{"start":{"line":2,"column":25},"end":{"line":2,"column":62}},"2":{"start":{"line":3,"column":15},"end":{"line":3,"column":42}},"3":{"start":{"line":10,"column":0},"end":{"line":60,"column":3}},"4":{"start":{"line":21,"column":6},"end":{"line":21,"column":14}},"5":{"start":{"line":24,"column":19},"end":{"line":37,"column":4}},"6":{"start":{"line":40,"column":2},"end":{"line":52,"column":5}},"7":{"start":{"line":54,"column":2},"end":{"line":54,"column":76}},"8":{"start":{"line":56,"column":2},"end":{"line":59,"column":5}},"9":{"start":{"line":67,"column":0},"end":{"line":88,"column":3}},"10":{"start":{"line":68,"column":29},"end":{"line":68,"column":38}},"11":{"start":{"line":70,"column":17},"end":{"line":70,"column":19}},"12":{"start":{"line":71,"column":2},"end":{"line":73,"column":3}},"13":{"start":{"line":72,"column":4},"end":{"line":72,"column":42}},"14":{"start":{"line":74,"column":2},"end":{"line":76,"column":3}},"15":{"start":{"line":75,"column":4},"end":{"line":75,"column":23}},"16":{"start":{"line":78,"column":20},"end":{"line":81,"column":23}},"17":{"start":{"line":83,"column":2},"end":{"line":87,"column":5}},"18":{"start":{"line":95,"column":0},"end":{"line":111,"column":3}},"19":{"start":{"line":96,"column":19},"end":{"line":98,"column":44}},"20":{"start":{"line":100,"column":2},"end":{"line":105,"column":3}},"21":{"start":{"line":101,"column":4},"end":{"line":104,"column":7}},"22":{"start":{"line":107,"column":2},"end":{"line":110,"column":5}},"23":{"start":{"line":118,"column":0},"end":{"line":180,"column":3}},"24":{"start":{"line":119,"column":17},"end":{"line":119,"column":55}},"25":{"start":{"line":121,"column":2},"end":{"line":126,"column":3}},"26":{"start":{"line":122,"column":4},"end":{"line":125,"column":7}},"27":{"start":{"line":139,"column":6},"end":{"line":139,"column":14}},"28":{"start":{"line":142,"column":2},"end":{"line":142,"column":47}},"29":{"start":{"line":142,"column":26},"end":{"line":142,"column":47}},"30":{"start":{"line":143,"column":2},"end":{"line":143,"column":68}},"31":{"start":{"line":143,"column":33},"end":{"line":143,"column":68}},"32":{"start":{"line":144,"column":2},"end":{"line":149,"column":3}},"33":{"start":{"line":145,"column":4},"end":{"line":148,"column":6}},"34":{"start":{"line":150,"column":2},"end":{"line":150,"column":53}},"35":{"start":{"line":150,"column":28},"end":{"line":150,"column":53}},"36":{"start":{"line":151,"column":2},"end":{"line":151,"column":47}},"37":{"start":{"line":151,"column":26},"end":{"line":151,"column":47}},"38":{"start":{"line":152,"column":2},"end":{"line":152,"column":56}},"39":{"start":{"line":152,"column":29},"end":{"line":152,"column":56}},"40":{"start":{"line":153,"column":2},"end":{"line":153,"column":71}},"41":{"start":{"line":153,"column":34},"end":{"line":153,"column":71}},"42":{"start":{"line":154,"column":2},"end":{"line":154,"column":50}},"43":{"start":{"line":154,"column":27},"end":{"line":154,"column":50}},"44":{"start":{"line":155,"column":2},"end":{"line":155,"column":59}},"45":{"start":{"line":155,"column":30},"end":{"line":155,"column":59}},"46":{"start":{"line":156,"column":2},"end":{"line":156,"column":36}},"47":{"start":{"line":158,"column":2},"end":{"line":158,"column":24}},"48":{"start":{"line":161,"column":2},"end":{"line":172,"column":5}},"49":{"start":{"line":174,"column":2},"end":{"line":174,"column":76}},"50":{"start":{"line":176,"column":2},"end":{"line":179,"column":5}},"51":{"start":{"line":187,"column":0},"end":{"line":218,"column":3}},"52":{"start":{"line":188,"column":19},"end":{"line":188,"column":57}},"53":{"start":{"line":190,"column":2},"end":{"line":195,"column":3}},"54":{"start":{"line":191,"column":4},"end":{"line":194,"column":7}},"55":{"start":{"line":197,"column":2},"end":{"line":197,"column":29}},"56":{"start":{"line":200,"column":2},"end":{"line":210,"column":5}},"57":{"start":{"line":212,"column":2},"end":{"line":212,"column":76}},"58":{"start":{"line":214,"column":2},"end":{"line":217,"column":5}},"59":{"start":{"line":225,"column":0},"end":{"line":273,"column":3}},"60":{"start":{"line":226,"column":34},"end":{"line":226,"column":42}},"61":{"start":{"line":228,"column":2},"end":{"line":233,"column":3}},"62":{"start":{"line":229,"column":4},"end":{"line":232,"column":7}},"63":{"start":{"line":236,"column":21},"end":{"line":236,"column":76}},"64":{"start":{"line":239,"column":18},"end":{"line":239,"column":65}},"65":{"start":{"line":241,"column":24},"end":{"line":241,"column":28}},"66":{"start":{"line":242,"column":2},"end":{"line":245,"column":3}},"67":{"start":{"line":243,"column":19},"end":{"line":243,"column":61}},"68":{"start":{"line":244,"column":4},"end":{"line":244,"column":38}},"69":{"start":{"line":247,"column":2},"end":{"line":272,"column":5}},"70":{"start":{"line":251,"column":38},"end":{"line":258,"column":7}},"71":{"start":{"line":280,"column":0},"end":{"line":308,"column":3}},"72":{"start":{"line":281,"column":54},"end":{"line":281,"column":63}},"73":{"start":{"line":283,"column":2},"end":{"line":288,"column":3}},"74":{"start":{"line":284,"column":4},"end":{"line":287,"column":7}},"75":{"start":{"line":290,"column":20},"end":{"line":301,"column":14}},"76":{"start":{"line":303,"column":2},"end":{"line":307,"column":5}}},"fnMap":{"0":{"name":"(anonymous_0)","decl":{"start":{"line":10,"column":38},"end":{"line":10,"column":39}},"loc":{"start":{"line":10,"column":58},"end":{"line":60,"column":1}},"line":10},"1":{"name":"(anonymous_1)","decl":{"start":{"line":67,"column":36},"end":{"line":67,"column":37}},"loc":{"start":{"line":67,"column":56},"end":{"line":88,"column":1}},"line":67},"2":{"name":"(anonymous_2)","decl":{"start":{"line":95,"column":35},"end":{"line":95,"column":36}},"loc":{"start":{"line":95,"column":55},"end":{"line":111,"column":1}},"line":95},"3":{"name":"(anonymous_3)","decl":{"start":{"line":118,"column":38},"end":{"line":118,"column":39}},"loc":{"start":{"line":118,"column":58},"end":{"line":180,"column":1}},"line":118},"4":{"name":"(anonymous_4)","decl":{"start":{"line":187,"column":38},"end":{"line":187,"column":39}},"loc":{"start":{"line":187,"column":58},"end":{"line":218,"column":1}},"line":187},"5":{"name":"(anonymous_5)","decl":{"start":{"line":225,"column":37},"end":{"line":225,"column":38}},"loc":{"start":{"line":225,"column":57},"end":{"line":273,"column":1}},"line":225},"6":{"name":"(anonymous_6)","decl":{"start":{"line":251,"column":32},"end":{"line":251,"column":33}},"loc":{"start":{"line":251,"column":38},"end":{"line":258,"column":7}},"line":251},"7":{"name":"(anonymous_7)","decl":{"start":{"line":280,"column":42},"end":{"line":280,"column":43}},"loc":{"start":{"line":280,"column":62},"end":{"line":308,"column":1}},"line":280}},"branchMap":{"0":{"loc":{"start":{"line":71,"column":2},"end":{"line":73,"column":3}},"type":"if","locations":[{"start":{"line":71,"column":2},"end":{"line":73,"column":3}},{"start":{},"end":{}}],"line":71},"1":{"loc":{"start":{"line":74,"column":2},"end":{"line":76,"column":3}},"type":"if","locations":[{"start":{"line":74,"column":2},"end":{"line":76,"column":3}},{"start":{},"end":{}}],"line":74},"2":{"loc":{"start":{"line":100,"column":2},"end":{"line":105,"column":3}},"type":"if","locations":[{"start":{"line":100,"column":2},"end":{"line":105,"column":3}},{"start":{},"end":{}}],"line":100},"3":{"loc":{"start":{"line":121,"column":2},"end":{"line":126,"column":3}},"type":"if","locations":[{"start":{"line":121,"column":2},"end":{"line":126,"column":3}},{"start":{},"end":{}}],"line":121},"4":{"loc":{"start":{"line":142,"column":2},"end":{"line":142,"column":47}},"type":"if","locations":[{"start":{"line":142,"column":2},"end":{"line":142,"column":47}},{"start":{},"end":{}}],"line":142},"5":{"loc":{"start":{"line":143,"column":2},"end":{"line":143,"column":68}},"type":"if","locations":[{"start":{"line":143,"column":2},"end":{"line":143,"column":68}},{"start":{},"end":{}}],"line":143},"6":{"loc":{"start":{"line":144,"column":2},"end":{"line":149,"column":3}},"type":"if","locations":[{"start":{"line":144,"column":2},"end":{"line":149,"column":3}},{"start":{},"end":{}}],"line":144},"7":{"loc":{"start":{"line":144,"column":6},"end":{"line":144,"column":55}},"type":"binary-expr","locations":[{"start":{"line":144,"column":6},"end":{"line":144,"column":28}},{"start":{"line":144,"column":32},"end":{"line":144,"column":55}}],"line":144},"8":{"loc":{"start":{"line":150,"column":2},"end":{"line":150,"column":53}},"type":"if","locations":[{"start":{"line":150,"column":2},"end":{"line":150,"column":53}},{"start":{},"end":{}}],"line":150},"9":{"loc":{"start":{"line":151,"column":2},"end":{"line":151,"column":47}},"type":"if","locations":[{"start":{"line":151,"column":2},"end":{"line":151,"column":47}},{"start":{},"end":{}}],"line":151},"10":{"loc":{"start":{"line":152,"column":2},"end":{"line":152,"column":56}},"type":"if","locations":[{"start":{"line":152,"column":2},"end":{"line":152,"column":56}},{"start":{},"end":{}}],"line":152},"11":{"loc":{"start":{"line":153,"column":2},"end":{"line":153,"column":71}},"type":"if","locations":[{"start":{"line":153,"column":2},"end":{"line":153,"column":71}},{"start":{},"end":{}}],"line":153},"12":{"loc":{"start":{"line":154,"column":2},"end":{"line":154,"column":50}},"type":"if","locations":[{"start":{"line":154,"column":2},"end":{"line":154,"column":50}},{"start":{},"end":{}}],"line":154},"13":{"loc":{"start":{"line":155,"column":2},"end":{"line":155,"column":59}},"type":"if","locations":[{"start":{"line":155,"column":2},"end":{"line":155,"column":59}},{"start":{},"end":{}}],"line":155},"14":{"loc":{"start":{"line":190,"column":2},"end":{"line":195,"column":3}},"type":"if","locations":[{"start":{"line":190,"column":2},"end":{"line":195,"column":3}},{"start":{},"end":{}}],"line":190},"15":{"loc":{"start":{"line":228,"column":2},"end":{"line":233,"column":3}},"type":"if","locations":[{"start":{"line":228,"column":2},"end":{"line":233,"column":3}},{"start":{},"end":{}}],"line":228},"16":{"loc":{"start":{"line":228,"column":6},"end":{"line":228,"column":29}},"type":"binary-expr","locations":[{"start":{"line":228,"column":6},"end":{"line":228,"column":15}},{"start":{"line":228,"column":19},"end":{"line":228,"column":29}}],"line":228},"17":{"loc":{"start":{"line":242,"column":2},"end":{"line":245,"column":3}},"type":"if","locations":[{"start":{"line":242,"column":2},"end":{"line":245,"column":3}},{"start":{},"end":{}}],"line":242},"18":{"loc":{"start":{"line":259,"column":15},"end":{"line":270,"column":14}},"type":"cond-expr","locations":[{"start":{"line":259,"column":25},"end":{"line":270,"column":7}},{"start":{"line":270,"column":10},"end":{"line":270,"column":14}}],"line":259},"19":{"loc":{"start":{"line":281,"column":31},"end":{"line":281,"column":49}},"type":"default-arg","locations":[{"start":{"line":281,"column":45},"end":{"line":281,"column":49}}],"line":281},"20":{"loc":{"start":{"line":283,"column":2},"end":{"line":288,"column":3}},"type":"if","locations":[{"start":{"line":283,"column":2},"end":{"line":288,"column":3}},{"start":{},"end":{}}],"line":283},"21":{"loc":{"start":{"line":283,"column":6},"end":{"line":283,"column":29}},"type":"binary-expr","locations":[{"start":{"line":283,"column":6},"end":{"line":283,"column":15}},{"start":{"line":283,"column":19},"end":{"line":283,"column":29}}],"line":283}},"s":{"0":2,"1":2,"2":2,"3":2,"4":0,"5":0,"6":0,"7":0,"8":0,"9":2,"10":0,"11":0,"12":0,"13":0,"14":0,"15":0,"16":0,"17":0,"18":2,"19":0,"20":0,"21":0,"22":0,"23":2,"24":0,"25":0,"26":0,"27":0,"28":0,"29":0,"30":0,"31":0,"32":0,"33":0,"34":0,"35":0,"36":0,"37":0,"38":0,"39":0,"40":0,"41":0,"42":0,"43":0,"44":0,"45":0,"46":0,"47":0,"48":0,"49":0,"50":0,"51":2,"52":0,"53":0,"54":0,"55":0,"56":0,"57":0,"58":0,"59":2,"60":0,"61":0,"62":0,"63":0,"64":0,"65":0,"66":0,"67":0,"68":0,"69":0,"70":0,"71":2,"72":0,"73":0,"74":0,"75":0,"76":0},"f":{"0":0,"1":0,"2":0,"3":0,"4":0,"5":0,"6":0,"7":0},"b":{"0":[0,0],"1":[0,0],"2":[0,0],"3":[0,0],"4":[0,0],"5":[0,0],"6":[0,0],"7":[0,0],"8":[0,0],"9":[0,0],"10":[0,0],"11":[0,0],"12":[0,0],"13":[0,0],"14":[0,0],"15":[0,0],"16":[0,0],"17":[0,0],"18":[0,0],"19":[0],"20":[0,0],"21":[0,0]},"_coverageSchema":"1a1c01bbd47fc00a2c39e90264f33305004495a9","hash":"49c1f8ba32cfc090925eb06bd71d30cf55c86419"}
,"C:\\Users\\USER\\Downloads\\Auto-Attendance-Tracking\\backend\\src\\controllers\\locationController.js": {"path":"C:\\Users\\USER\\Downloads\\Auto-Attendance-Tracking\\backend\\src\\controllers\\locationController.js","statementMap":{"0":{"start":{"line":1,"column":52},"end":{"line":1,"column":72}},"1":{"start":{"line":2,"column":25},"end":{"line":2,"column":62}},"2":{"start":{"line":3,"column":15},"end":{"line":3,"column":42}},"3":{"start":{"line":4,"column":15},"end":{"line":4,"column":32}},"4":{"start":{"line":11,"column":0},"end":{"line":64,"column":3}},"5":{"start":{"line":12,"column":24},"end":{"line":12,"column":32}},"6":{"start":{"line":14,"column":2},"end":{"line":19,"column":3}},"7":{"start":{"line":15,"column":4},"end":{"line":18,"column":7}},"8":{"start":{"line":22,"column":2},"end":{"line":27,"column":3}},"9":{"start":{"line":23,"column":4},"end":{"line":26,"column":7}},"10":{"start":{"line":29,"column":25},"end":{"line":29,"column":27}},"11":{"start":{"line":30,"column":17},"end":{"line":30,"column":19}},"12":{"start":{"line":32,"column":2},"end":{"line":51,"column":3}},"13":{"start":{"line":33,"column":4},"end":{"line":50,"column":5}},"14":{"start":{"line":34,"column":23},"end":{"line":46,"column":8}},"15":{"start":{"line":47,"column":6},"end":{"line":47,"column":40}},"16":{"start":{"line":49,"column":6},"end":{"line":49,"column":59}},"17":{"start":{"line":53,"column":2},"end":{"line":53,"column":113}},"18":{"start":{"line":55,"column":2},"end":{"line":63,"column":5}},"19":{"start":{"line":71,"column":0},"end":{"line":268,"column":3}},"20":{"start":{"line":93,"column":6},"end":{"line":93,"column":14}},"21":{"start":{"line":96,"column":2},"end":{"line":101,"column":3}},"22":{"start":{"line":97,"column":4},"end":{"line":100,"column":7}},"23":{"start":{"line":104,"column":15},"end":{"line":104,"column":69}},"24":{"start":{"line":105,"column":2},"end":{"line":112,"column":3}},"25":{"start":{"line":106,"column":4},"end":{"line":111,"column":7}},"26":{"start":{"line":115,"column":28},"end":{"line":120,"column":3}},"27":{"start":{"line":122,"column":2},"end":{"line":145,"column":3}},"28":{"start":{"line":123,"column":4},"end":{"line":123,"column":68}},"29":{"start":{"line":125,"column":4},"end":{"line":139,"column":7}},"30":{"start":{"line":141,"column":4},"end":{"line":144,"column":7}},"31":{"start":{"line":148,"column":20},"end":{"line":148,"column":75}},"32":{"start":{"line":149,"column":23},"end":{"line":152,"column":5}},"33":{"start":{"line":149,"column":44},"end":{"line":152,"column":3}},"34":{"start":{"line":155,"column":19},"end":{"line":174,"column":4}},"35":{"start":{"line":177,"column":2},"end":{"line":189,"column":3}},"36":{"start":{"line":178,"column":4},"end":{"line":188,"column":7}},"37":{"start":{"line":187,"column":37},"end":{"line":187,"column":44}},"38":{"start":{"line":192,"column":2},"end":{"line":239,"column":3}},"39":{"start":{"line":193,"column":4},"end":{"line":206,"column":7}},"40":{"start":{"line":209,"column":23},"end":{"line":209,"column":54}},"41":{"start":{"line":210,"column":18},"end":{"line":210,"column":28}},"42":{"start":{"line":211,"column":4},"end":{"line":211,"column":31}},"43":{"start":{"line":213,"column":4},"end":{"line":227,"column":6}},"44":{"start":{"line":230,"column":32},"end":{"line":230,"column":74}},"45":{"start":{"line":231,"column":21},"end":{"line":231,"column":93}},"46":{"start":{"line":233,"column":4},"end":{"line":238,"column":5}},"47":{"start":{"line":234,"column":6},"end":{"line":237,"column":8}},"48":{"start":{"line":242,"column":2},"end":{"line":255,"column":5}},"49":{"start":{"line":257,"column":2},"end":{"line":267,"column":5}},"50":{"start":{"line":261,"column":38},"end":{"line":265,"column":7}},"51":{"start":{"line":275,"column":0},"end":{"line":365,"column":3}},"52":{"start":{"line":276,"column":34},"end":{"line":276,"column":42}},"53":{"start":{"line":278,"column":2},"end":{"line":283,"column":3}},"54":{"start":{"line":279,"column":4},"end":{"line":282,"column":7}},"55":{"start":{"line":286,"column":15},"end":{"line":286,"column":69}},"56":{"start":{"line":287,"column":2},"end":{"line":294,"column":3}},"57":{"start":{"line":288,"column":4},"end":{"line":293,"column":7}},"58":{"start":{"line":296,"column":18},"end":{"line":296,"column":20}},"59":{"start":{"line":297,"column":17},"end":{"line":297,"column":19}},"60":{"start":{"line":299,"column":2},"end":{"line":354,"column":3}},"61":{"start":{"line":300,"column":4},"end":{"line":353,"column":5}},"62":{"start":{"line":302,"column":32},"end":{"line":307,"column":7}},"63":{"start":{"line":309,"column":6},"end":{"line":315,"column":7}},"64":{"start":{"line":310,"column":8},"end":{"line":313,"column":11}},"65":{"start":{"line":314,"column":8},"end":{"line":314,"column":17}},"66":{"start":{"line":318,"column":24},"end":{"line":318,"column":87}},"67":{"start":{"line":319,"column":27},"end":{"line":322,"column":9}},"68":{"start":{"line":319,"column":48},"end":{"line":322,"column":7}},"69":{"start":{"line":325,"column":23},"end":{"line":344,"column":8}},"70":{"start":{"line":346,"column":6},"end":{"line":346,"column":75}},"71":{"start":{"line":348,"column":6},"end":{"line":348,"column":62}},"72":{"start":{"line":349,"column":6},"end":{"line":352,"column":9}},"73":{"start":{"line":356,"column":2},"end":{"line":364,"column":5}},"74":{"start":{"line":372,"column":0},"end":{"line":435,"column":3}},"75":{"start":{"line":373,"column":2},"end":{"line":373,"column":74}},"76":{"start":{"line":382,"column":6},"end":{"line":382,"column":15}},"77":{"start":{"line":385,"column":21},"end":{"line":385,"column":33}},"78":{"start":{"line":386,"column":2},"end":{"line":393,"column":3}},"79":{"start":{"line":387,"column":4},"end":{"line":387,"column":26}},"80":{"start":{"line":388,"column":9},"end":{"line":393,"column":3}},"81":{"start":{"line":389,"column":4},"end":{"line":392,"column":7}},"82":{"start":{"line":396,"column":16},"end":{"line":396,"column":38}},"83":{"start":{"line":398,"column":2},"end":{"line":402,"column":3}},"84":{"start":{"line":399,"column":4},"end":{"line":399,"column":25}},"85":{"start":{"line":400,"column":4},"end":{"line":400,"column":62}},"86":{"start":{"line":400,"column":19},"end":{"line":400,"column":62}},"87":{"start":{"line":401,"column":4},"end":{"line":401,"column":58}},"88":{"start":{"line":401,"column":17},"end":{"line":401,"column":58}},"89":{"start":{"line":404,"column":2},"end":{"line":406,"column":3}},"90":{"start":{"line":405,"column":4},"end":{"line":405,"column":38}},"91":{"start":{"line":408,"column":2},"end":{"line":408,"column":52}},"92":{"start":{"line":411,"column":15},"end":{"line":411,"column":33}},"93":{"start":{"line":412,"column":20},"end":{"line":417,"column":25}},"94":{"start":{"line":419,"column":16},"end":{"line":419,"column":52}},"95":{"start":{"line":421,"column":2},"end":{"line":421,"column":80}},"96":{"start":{"line":423,"column":2},"end":{"line":434,"column":5}},"97":{"start":{"line":442,"column":0},"end":{"line":504,"column":3}},"98":{"start":{"line":444,"column":24},"end":{"line":444,"column":61}},"99":{"start":{"line":446,"column":20},"end":{"line":495,"column":4}},"100":{"start":{"line":497,"column":2},"end":{"line":503,"column":5}},"101":{"start":{"line":511,"column":0},"end":{"line":557,"column":3}},"102":{"start":{"line":512,"column":41},"end":{"line":512,"column":50}},"103":{"start":{"line":514,"column":16},"end":{"line":514,"column":18}},"104":{"start":{"line":516,"column":2},"end":{"line":518,"column":3}},"105":{"start":{"line":517,"column":4},"end":{"line":517,"column":24}},"106":{"start":{"line":520,"column":2},"end":{"line":524,"column":3}},"107":{"start":{"line":521,"column":4},"end":{"line":521,"column":25}},"108":{"start":{"line":522,"column":4},"end":{"line":522,"column":62}},"109":{"start":{"line":522,"column":19},"end":{"line":522,"column":62}},"110":{"start":{"line":523,"column":4},"end":{"line":523,"column":58}},"111":{"start":{"line":523,"column":17},"end":{"line":523,"column":58}},"112":{"start":{"line":527,"column":22},"end":{"line":549,"column":4}},"113":{"start":{"line":551,"column":2},"end":{"line":556,"column":5}},"114":{"start":{"line":564,"column":0},"end":{"line":595,"column":3}},"115":{"start":{"line":565,"column":33},"end":{"line":565,"column":41}},"116":{"start":{"line":567,"column":16},"end":{"line":567,"column":38}},"117":{"start":{"line":569,"column":2},"end":{"line":573,"column":3}},"118":{"start":{"line":570,"column":4},"end":{"line":570,"column":25}},"119":{"start":{"line":571,"column":4},"end":{"line":571,"column":62}},"120":{"start":{"line":571,"column":19},"end":{"line":571,"column":62}},"121":{"start":{"line":572,"column":4},"end":{"line":572,"column":58}},"122":{"start":{"line":572,"column":17},"end":{"line":572,"column":58}},"123":{"start":{"line":575,"column":17},"end":{"line":575,"column":49}},"124":{"start":{"line":578,"column":2},"end":{"line":589,"column":5}},"125":{"start":{"line":591,"column":2},"end":{"line":594,"column":5}}},"fnMap":{"0":{"name":"(anonymous_0)","decl":{"start":{"line":11,"column":43},"end":{"line":11,"column":44}},"loc":{"start":{"line":11,"column":63},"end":{"line":64,"column":1}},"line":11},"1":{"name":"(anonymous_1)","decl":{"start":{"line":71,"column":38},"end":{"line":71,"column":39}},"loc":{"start":{"line":71,"column":58},"end":{"line":268,"column":1}},"line":71},"2":{"name":"(anonymous_2)","decl":{"start":{"line":149,"column":37},"end":{"line":149,"column":38}},"loc":{"start":{"line":149,"column":44},"end":{"line":152,"column":3}},"line":149},"3":{"name":"(anonymous_3)","decl":{"start":{"line":187,"column":31},"end":{"line":187,"column":32}},"loc":{"start":{"line":187,"column":37},"end":{"line":187,"column":44}},"line":187},"4":{"name":"(anonymous_4)","decl":{"start":{"line":261,"column":31},"end":{"line":261,"column":32}},"loc":{"start":{"line":261,"column":38},"end":{"line":265,"column":7}},"line":261},"5":{"name":"(anonymous_5)","decl":{"start":{"line":275,"column":39},"end":{"line":275,"column":40}},"loc":{"start":{"line":275,"column":59},"end":{"line":365,"column":1}},"line":275},"6":{"name":"(anonymous_6)","decl":{"start":{"line":319,"column":41},"end":{"line":319,"column":42}},"loc":{"start":{"line":319,"column":48},"end":{"line":322,"column":7}},"line":319},"7":{"name":"(anonymous_7)","decl":{"start":{"line":372,"column":42},"end":{"line":372,"column":43}},"loc":{"start":{"line":372,"column":62},"end":{"line":435,"column":1}},"line":372},"8":{"name":"(anonymous_8)","decl":{"start":{"line":442,"column":40},"end":{"line":442,"column":41}},"loc":{"start":{"line":442,"column":60},"end":{"line":504,"column":1}},"line":442},"9":{"name":"(anonymous_9)","decl":{"start":{"line":511,"column":38},"end":{"line":511,"column":39}},"loc":{"start":{"line":511,"column":58},"end":{"line":557,"column":1}},"line":511},"10":{"name":"(anonymous_10)","decl":{"start":{"line":564,"column":45},"end":{"line":564,"column":46}},"loc":{"start":{"line":564,"column"
[...]
"column":6}},"33":{"start":{"line":163,"column":4},"end":{"line":166,"column":6}},"34":{"start":{"line":173,"column":4},"end":{"line":175,"column":5}},"35":{"start":{"line":174,"column":6},"end":{"line":174,"column":18}},"36":{"start":{"line":177,"column":18},"end":{"line":177,"column":27}},"37":{"start":{"line":178,"column":22},"end":{"line":178,"column":63}},"38":{"start":{"line":180,"column":4},"end":{"line":186,"column":7}},"39":{"start":{"line":181,"column":23},"end":{"line":181,"column":60}},"40":{"start":{"line":182,"column":6},"end":{"line":185,"column":7}},"41":{"start":{"line":183,"column":8},"end":{"line":183,"column":31}},"42":{"start":{"line":184,"column":8},"end":{"line":184,"column":24}},"43":{"start":{"line":188,"column":4},"end":{"line":188,"column":53}},"44":{"start":{"line":195,"column":4},"end":{"line":197,"column":5}},"45":{"start":{"line":196,"column":6},"end":{"line":196,"column":15}},"46":{"start":{"line":199,"column":24},"end":{"line":199,"column":25}},"47":{"start":{"line":200,"column":4},"end":{"line":202,"column":5}},"48":{"start":{"line":200,"column":17},"end":{"line":200,"column":18}},"49":{"start":{"line":201,"column":6},"end":{"line":201,"column":72}},"50":{"start":{"line":204,"column":4},"end":{"line":204,"column":25}},"51":{"start":{"line":211,"column":4},"end":{"line":211,"column":38}},"52":{"start":{"line":211,"column":29},"end":{"line":211,"column":38}},"53":{"start":{"line":212,"column":21},"end":{"line":212,"column":53}},"54":{"start":{"line":213,"column":4},"end":{"line":213,"column":26}},"55":{"start":{"line":220,"column":4},"end":{"line":220,"column":41}},"56":{"start":{"line":220,"column":27},"end":{"line":220,"column":41}},"57":{"start":{"line":223,"column":4},"end":{"line":229,"column":7}},"58":{"start":{"line":224,"column":6},"end":{"line":224,"column":66}},"59":{"start":{"line":224,"column":54},"end":{"line":224,"column":66}},"60":{"start":{"line":226,"column":19},"end":{"line":226,"column":36}},"61":{"start":{"line":227,"column":23},"end":{"line":227,"column":58}},"62":{"start":{"line":228,"column":6},"end":{"line":228,"column":34}},"63":{"start":{"line":236,"column":21},"end":{"line":236,"column":38}},"64":{"start":{"line":237,"column":20},"end":{"line":237,"column":40}},"65":{"start":{"line":238,"column":25},"end":{"line":238,"column":50}},"66":{"start":{"line":239,"column":20},"end":{"line":239,"column":44}},"67":{"start":{"line":240,"column":20},"end":{"line":240,"column":62}},"68":{"start":{"line":242,"column":22},"end":{"line":244,"column":33}},"69":{"start":{"line":246,"column":4},"end":{"line":246,"column":62}},"70":{"start":{"line":253,"column":4},"end":{"line":255,"column":5}},"71":{"start":{"line":254,"column":6},"end":{"line":254,"column":15}},"72":{"start":{"line":257,"column":4},"end":{"line":259,"column":6}},"73":{"start":{"line":258,"column":24},"end":{"line":258,"column":72}},"74":{"start":{"line":266,"column":4},"end":{"line":268,"column":5}},"75":{"start":{"line":267,"column":6},"end":{"line":267,"column":16}},"76":{"start":{"line":270,"column":21},"end":{"line":270,"column":23}},"77":{"start":{"line":271,"column":22},"end":{"line":271,"column":31}},"78":{"start":{"line":273,"column":4},"end":{"line":294,"column":7}},"79":{"start":{"line":274,"column":6},"end":{"line":274,"column":35}},"80":{"start":{"line":274,"column":28},"end":{"line":274,"column":35}},"81":{"start":{"line":276,"column":22},"end":{"line":276,"column":29}},"82":{"start":{"line":277,"column":6},"end":{"line":277,"column":23}},"83":{"start":{"line":279,"column":6},"end":{"line":287,"column":9}},"84":{"start":{"line":280,"column":8},"end":{"line":286,"column":9}},"85":{"start":{"line":281,"column":27},"end":{"line":281,"column":69}},"86":{"start":{"line":282,"column":10},"end":{"line":285,"column":11}},"87":{"start":{"line":283,"column":12},"end":{"line":283,"column":37}},"88":{"start":{"line":284,"column":12},"end":{"line":284,"column":29}},"89":{"start":{"line":289,"column":6},"end":{"line":293,"column":9}},"90":{"start":{"line":296,"column":4},"end":{"line":296,"column":20}},"91":{"start":{"line":303,"column":4},"end":{"line":305,"column":5}},"92":{"start":{"line":304,"column":6},"end":{"line":304,"column":18}},"93":{"start":{"line":306,"column":4},"end":{"line":306,"column":57}},"94":{"start":{"line":313,"column":4},"end":{"line":315,"column":5}},"95":{"start":{"line":314,"column":6},"end":{"line":314,"column":15}},"96":{"start":{"line":317,"column":28},"end":{"line":319,"column":5}},"97":{"start":{"line":318,"column":6},"end":{"line":318,"column":62}},"98":{"start":{"line":321,"column":4},"end":{"line":321,"column":65}},"99":{"start":{"line":325,"column":0},"end":{"line":325,"column":32}}},"fnMap":{"0":{"name":"(anonymous_0)","decl":{"start":{"line":7,"column":2},"end":{"line":7,"column":3}},"loc":{"start":{"line":7,"column":36},"end":{"line":12,"column":3}},"line":7},"1":{"name":"(anonymous_1)","decl":{"start":{"line":17,"column":2},"end":{"line":17,"column":3}},"loc":{"start":{"line":17,"column":40},"end":{"line":19,"column":3}},"line":17},"2":{"name":"(anonymous_2)","decl":{"start":{"line":24,"column":2},"end":{"line":24,"column":3}},"loc":{"start":{"line":24,"column":43},"end":{"line":26,"column":3}},"line":24},"3":{"name":"(anonymous_3)","decl":{"start":{"line":31,"column":2},"end":{"line":31,"column":3}},"loc":{"start":{"line":31,"column":48},"end":{"line":34,"column":3}},"line":31},"4":{"name":"(anonymous_4)","decl":{"start":{"line":39,"column":2},"end":{"line":39,"column":3}},"loc":{"start":{"line":39,"column":30},"end":{"line":50,"column":3}},"line":39},"5":{"name":"(anonymous_5)","decl":{"start":{"line":45,"column":22},"end":{"line":45,"column":23}},"loc":{"start":{"line":45,"column":32},"end":{"line":48,"column":7}},"line":45},"6":{"name":"(anonymous_6)","decl":{"start":{"line":55,"column":2},"end":{"line":55,"column":3}},"loc":{"start":{"line":55,"column":30},"end":{"line":66,"column":3}},"line":55},"7":{"name":"(anonymous_7)","decl":{"start":{"line":61,"column":22},"end":{"line":61,"column":23}},"loc":{"start":{"line":61,"column":32},"end":{"line":64,"column":7}},"line":61},"8":{"name":"(anonymous_8)","decl":{"start":{"line":71,"column":2},"end":{"line":71,"column":3}},"loc":{"start":{"line":71,"column":35},"end":{"line":76,"column":3}},"line":71},"9":{"name":"(anonymous_9)","decl":{"start":{"line":74,"column":19},"end":{"line":74,"column":20}},"loc":{"start":{"line":74,"column":25},"end":{"line":74,"column":73}},"line":74},"10":{"name":"(anonymous_10)","decl":{"start":{"line":81,"column":2},"end":{"line":81,"column":3}},"loc":{"start":{"line":81,"column":38},"end":{"line":90,"column":3}},"line":81},"11":{"name":"(anonymous_11)","decl":{"start":{"line":95,"column":2},"end":{"line":95,"column":3}},"loc":{"start":{"line":95,"column":29},"end":{"line":100,"column":3}},"line":95},"12":{"name":"(anonymous_12)","decl":{"start":{"line":105,"column":2},"end":{"line":105,"column":3}},"loc":{"start":{"line":105,"column":38},"end":{"line":110,"column":3}},"line":105},"13":{"name":"(anonymous_13)","decl":{"start":{"line":115,"column":2},"end":{"line":115,"column":3}},"loc":{"start":{"line":115,"column":28},"end":{"line":124,"column":3}},"line":115},"14":{"name":"(anonymous_14)","decl":{"start":{"line":129,"column":2},"end":{"line":129,"column":3}},"loc":{"start":{"line":129,"column":67},"end":{"line":143,"column":3}},"line":129},"15":{"name":"(anonymous_15)","decl":{"start":{"line":148,"column":2},"end":{"line":148,"column":3}},"loc":{"start":{"line":148,"column":42},"end":{"line":157,"column":3}},"line":148},"16":{"name":"(anonymous_16)","decl":{"start":{"line":162,"column":2},"end":{"line":162,"column":3}},"loc":{"start":{"line":162,"column":56},"end":{"line":167,"column":3}},"line":162},"17":{"name":"(anonymous_17)","decl":{"start":{"line":172,"column":2},"end":{"line":172,"column":3}},"loc":{"start":{"line":172,"column":34},"end":{"line":189,"column":3}},"line":172},"18":{"name":"(anonymous_18)","decl":{"start":{"line":180,"column":19},"end":{"line":180,"column":20}},"loc":{"start":{"line":180,"column":28},"end":{"line":186,"column":5}},"line":180},"19":{"name":"(anonymous_19)","decl":{"start":{"line":194,"column":2},"end":{"line":194,"column":3}},"loc":{"start":{"line":194,"column":32},"end":{"line":205,"column":3}},"line":194},"20":{"name":"(anonymous_20)","decl":{"start":{"line":210,"column":2},"end":{"line":210,"column":3}},"loc":{"start":{"line":210,"column":50},"end":{"line":214,"column":3}},"line":210},"21":{"name":"(anonymous_21)","decl":{"start":{"line":219,"column":2},"end":{"line":219,"column":3}},"loc":{"start":{"line":219,"column":39},"end":{"line":230,"column":3}},"line":219},"22":{"name":"(anonymous_22)","decl":{"start":{"line":223,"column":25},"end":{"line":223,"column":26}},"loc":{"start":{"line":223,"column":43},"end":{"line":229,"column":5}},"line":223},"23":{"name":"(anonymous_23)","decl":{"start":{"line":235,"column":2},"end":{"line":235,"column":3}},"loc":{"start":{"line":235,"column":29},"end":{"line":247,"column":3}},"line":235},"24":{"name":"(anonymous_24)","decl":{"start":{"line":252,"column":2},"end":{"line":252,"column":3}},"loc":{"start":{"line":252,"column":26},"end":{"line":260,"column":3}},"line":252},"25":{"name":"(anonymous_25)","decl":{"start":{"line":258,"column":18},"end":{"line":258,"column":19}},"loc":{"start":{"line":258,"column":24},"end":{"line":258,"column":72}},"line":258},"26":{"name":"(anonymous_26)","decl":{"start":{"line":265,"column":2},"end":{"line":265,"column":3}},"loc":{"start":{"line":265,"column":43},"end":{"line":297,"column":3}},"line":265},"27":{"name":"(anonymous_27)","decl":{"start":{"line":273,"column":19},"end":{"line":273,"column":20}},"loc":{"start":{"line":273,"column":33},"end":{"line":294,"column":5}},"line":273},"28":{"name":"(anonymous_28)","decl":{"start":{"line":279,"column":21},"end":{"line":279,"column":22}},"loc":{"start":{"line":279,"column":40},"end":{"line":287,"column":7}},"line":279},"29":{"name":"(anonymous_29)","decl":{"start":{"line":302,"column":2},"end":{"line":302,"column":3}},"loc":{"start":{"line":302,"column":41},"end":{"line":307,"column":3}},"line":302},"30":{"name":"(anonymous_30)","decl":{"start":{"line":312,"column":2},"end":{"line":312,"column":3}},"loc":{"start":{"line":312,"column":75},"end":{"line":322,"column":3}},"line":312},"31":{"name":"(anonymous_31)","decl":{"start":{"line":317,"column":49},"end":{"line":317,"column":50}},"loc":{"start":{"line":318,"column":6},"end":{"line":318,"column":62}},"line":318}},"branchMap":{"0":{"loc":{"start":{"line":40,"column":4},"end":{"line":42,"column":5}},"type":"if","locations":[{"start":{"line":40,"column":4},"end":{"line":42,"column":5}},{"start":{},"end":{}}],"line":40},"1":{"loc":{"start":{"line":40,"column":8},"end":{"line":40,"column":49}},"type":"binary-expr","locations":[{"start":{"line":40,"column":8},"end":{"line":40,"column":21}},{"start":{"line":40,"column":25},"end":{"line":40,"column":49}}],"line":40},"2":{"loc":{"start":{"line":56,"column":4},"end":{"line":58,"column":5}},"type":"if","locations":[{"start":{"line":56,"column":4},"end":{"line":58,"column":5}},{"start":{},"end":{}}],"line":56},"3":{"loc":{"start":{"line":56,"column":8},"end":{"line":56,"column":48}},"type":"binary-expr","locations":[{"start":{"line":56,"column":8},"end":{"line":56,"column":20}},{"start":{"line":56,"column":24},"end":{"line":56,"column":48}}],"line":56},"4":{"loc":{"start":{"line":116,"column":4},"end":{"line":118,"column":5}},"type":"if","locations":[{"start":{"line":116,"column":4},"end":{"line":118,"column":5}},{"start":{},"end":{}}],"line":116},"5":{"loc":{"start":{"line":116,"column":8},"end":{"line":116,"column":44}},"type":"binary-expr","locations":[{"start":{"line":116,"column":8},"end":{"line":116,"column":16}},{"start":{"line":116,"column":20},"end":{"line":116,"column":44}}],"line":116},"6":{"loc":{"start":{"line":129,"column":46},"end":{"line":129,"column":65}},"type":"default-arg","locations":[{"start":{"line":129,"column":63},"end":{"line":129,"column":65}}],"line":129},"7":{"loc":{"start":{"line":150,"column":6},"end":{"line":155,"column":22}},"type":"binary-expr","locations":[{"start":{"line":150,"column":6},"end":{"line":150,"column":34}},{"start":{"line":151,"column":6},"end":{"line":151,"column":35}},{"start":{"line":152,"column":6},"end":{"line":152,"column":21}},{"start":{"line":153,"column":6},"end":{"line":153,"column":20}},{"start":{"line":154,"column":6},"end":{"line":154,"column":23}},{"start":{"line":155,"column":6},"end":{"line":155,"column":22}}],"line":150},"8":{"loc":{"start":{"line":162,"column":41},"end":{"line":162,"column":54}},"type":"default-arg","locations":[{"start":{"line":162,"column":53},"end":{"line":162,"column":54}}],"line":162},"9":{"loc":{"start":{"line":173,"column":4},"end":{"line":175,"column":5}},"type":"if","locations":[{"start":{"line":173,"column":4},"end":{"line":175,"column":5}},{"start":{},"end":{}}],"line":173},"10":{"loc":{"start":{"line":173,"column":8},"end":{"line":173,"column":38}},"type":"binary-expr","locations":[{"start":{"line":173,"column":8},"end":{"line":173,"column":15}},{"start":{"line":173,"column":19},"end":{"line":173,"column":38}}],"line":173},"11":{"loc":{"start":{"line":182,"column":6},"end":{"line":185,"column":7}},"type":"if","locations":[{"start":{"line":182,"column":6},"end":{"line":185,"column":7}},{"start":{},"end":{}}],"line":182},"12":{"loc":{"start":{"line":195,"column":4},"end":{"line":197,"column":5}},"type":"if","locations":[{"start":{"line":195,"column":4},"end":{"line":197,"column":5}},{"start":{},"end":{}}],"line":195},"13":{"loc":{"start":{"line":195,"column":8},"end":{"line":195,"column":36}},"type":"binary-expr","locations":[{"start":{"line":195,"column":8},"end":{"line":195,"column":15}},{"start":{"line":195,"column":19},"end":{"line":195,"column":36}}],"line":195},"14":{"loc":{"start":{"line":211,"column":4},"end":{"line":211,"column":38}},"type":"if","locations":[{"start":{"line":211,"column":4},"end":{"line":211,"column":38}},{"start":{},"end":{}}],"line":211},"15":{"loc":{"start":{"line":219,"column":23},"end":{"line":219,"column":37}},"type":"default-arg","locations":[{"start":{"line":219,"column":35},"end":{"line":219,"column":37}}],"line":219},"16":{"loc":{"start":{"line":220,"column":4},"end":{"line":220,"column":41}},"type":"if","locations":[{"start":{"line":220,"column":4},"end":{"line":220,"column":41}},{"start":{},"end":{}}],"line":220},"17":{"loc":{"start":{"line":224,"column":6},"end":{"line":224,"column":66}},"type":"if","locations":[{"start":{"line":224,"column":6},"end":{"line":224,"column":66}},{"start":{},"end":{}}],"line":224},"18":{"loc":{"start":{"line":224,"column":10},"end":{"line":224,"column":52}},"type":"binary-expr","locations":[{"start":{"line":224,"column":10},"end":{"line":224,"column":21}},{"start":{"line":224,"column":25},"end":{"line":224,"column":52}}],"line":224},"19":{"loc":{"start":{"line":242,"column":22},"end":{"line":244,"column":33}},"type":"cond-expr","locations":[{"start":{"line":243,"column":8},"end":{"line":243,"column":32}},{"start":{"line":244,"column":9},"end":{"line":244,"column":33}}],"line":242},"20":{"loc":{"start":{"line":243,"column":8},"end":{"line":243,"column":32}},"type":"cond-expr","locations":[{"start":{"line":243,"column":23},"end":{"line":243,"column":26}},{"start":{"line":243,"column":29},"end":{"line":243,"column":32}}],"line":243},"21":{"loc":{"start":{"line":244,"column":9},"end":{"line":244,"column":33}},"type":"cond-expr","locations":[{"start":{"line":244,"column":24},"end":{"line":244,"column":27}},{"start":{"line":244,"column":30},"end":{"line":244,"column":33}}],"line":244},"22":{"loc":{"start":{"line":253,"column":4},"end":{"line":255,"column":5}},"type":"if","locations":[{"start":{"line":253,"column":4},"end":{"line":255,"column":5}},{"start":{},"end":{}}],"line":253},"23":{"loc":{"start":{"line":253,"column":8},"end":{"line":253,"column":39}},"type":"binary-expr","locations":[{"start":{"line":253,"column":8},"end":{"line":253,"column":16}},{"start":{"line":253,"column":20},"end":{"line":253,"column":39}}],"line":253},"24":{"loc":{"start":{"line":265,"column":24},"end":{"line":265,"column":41}},"type":"default-arg","locations":[{"start":{"line":265,"column":38},"end":{"line":265,"column":41}}],"line":265},"25":{"loc":{"start":{"line":266,"column":4},"end":{"line":268,"column":5}},"type":"if","locations":[{"start":{"line":266,"column":4},"end":{"line":268,"column":5}},{"start":{},"end":{}}],"line":266},"26":{"loc":{"start":{"line":266,"column":8},"end":{"line":266,"column":38}},"type":"binary-expr","locations":[{"start":{"line":266,"column":8},"end":{"line":266,"column":15}},{"start":{"line":266,"column":19},"end":{"line":266,"column":38}}],"line":266},"27":{"loc":{"start":{"line":274,"column":6},"end":{"line":274,"column":35}},"type":"if","locations":[{"start":{"line":274,"column":6},"end":{"line":274,"column":35}},{"start":{},"end":{}}],"line":274},"28":{"loc":{"start":{"line":280,"column":8},"end":{"line":286,"column":9}},"type":"if","locations":[{"start":{"line":280,"column":8},"end":{"line":286,"column":9}},{"start":{},"end":{}}],"line":280},"29":{"loc":{"start":{"line":280,"column":12},"end":{"line":280,"column":41}},"type":"binary-expr","locations":[{"start":{"line":280,"column":12},"end":{"line":280,"column":19}},{"start":{"line":280,"column":23},"end":{"line":280,"column":41}}],"line":280},"30":{"loc":{"start":{"line":282,"column":10},"end":{"line":285,"column":11}},"type":"if","locations":[{"start":{"line":282,"column":10},"end":{"line":285,"column":11}},{"start":{},"end":{}}],"line":282},"31":{"loc":{"start":{"line":303,"column":4},"end":{"line":305,"column":5}},"type":"if","locations":[{"start":{"line":303,"column":4},"end":{"line":305,"column":5}},{"start":{},"end":{}}],"line":303},"32":{"loc":{"start":{"line":303,"column":8},"end":{"line":303,"column":46}},"type":"binary-expr","locations":[{"start":{"line":303,"column":8},"end":{"line":303,"column":25}},{"start":{"line":303,"column":29},"end":{"line":303,"column":46}}],"line":303},"33":{"loc":{"start":{"line":313,"column":4},"end":{"line":315,"column":5}},"type":"if","locations":[{"start":{"line":313,"column":4},"end":{"line":315,"column":5}},{"start":{},"end":{}}],"line":313},"34":{"loc":{"start":{"line":313,"column":8},"end":{"line":313,"column":52}},"type":"binary-expr","locations":[{"start":{"line":313,"column":8},"end":{"line":313,"column":22}},{"start":{"line":313,"column":26},"end":{"line":313,"column":52}}],"line":313}},"s":{"0":1,"1":0,"2":0,"3":0,"4":0,"5":0,"6":0,"7":0,"8":0,"9":0,"10":0,"11":0,"12":0,"13":0,"14":0,"15":0,"16":0,"17":0,"18":0,"19":0,"20":0,"21":0,"22":0,"23":0,"24":0,"25":0,"26":0,"27":0,"28":0,"29":0,"30":0,"31":0,"32":0,"33":0,"34":0,"35":0,"36":0,"37":0,"38":0,"39":0,"40":0,"41":0,"42":0,"43":0,"44":0,"45":0,"46":0,"47":0,"48":0,"49":0,"50":0,"51":0,"52":0,"53":0,"54":0,"55":0,"56":0,"57":0,"58":0,"59":0,"60":0,"61":0,"62":0,"63":0,"64":0,"65":0,"66":0,"67":0,"68":0,"69":0,"70":0,"71":0,"72":0,"73":0,"74":0,"75":0,"76":0,"77":0,"78":0,"79":0,"80":0,"81":0,"82":0,"83":0,"84":0,"85":0,"86":0,"87":0,"88":0,"89":0,"90":0,"91":0,"92":0,"93":0,"94":0,"95":0,"96":0,"97":0,"98":0,"99":1},"f":{"0":0,"1":0,"2":0,"3":0,"4":0,"5":0,"6":0,"7":0,"8":0,"9":0,"10":0,"11":0,"12":0,"13":0,"14":0,"15":0,"16":0,"17":0,"18":0,"19":0,"20":0,"21":0,"22":0,"23":0,"24":0,"25":0,"26":0,"27":0,"28":0,"29":0,"30":0,"31":0},"b":{"0":[0,0],"1":[0,0],"2":[0,0],"3":[0,0],"4":[0,0],"5":[0,0],"6":[0],"7":[0,0,0,0,0,0],"8":[0],"9":[0,0],"10":[0,0],"11":[0,0],"12":[0,0],"13":[0,0],"14":[0,0],"15":[0],"16":[0,0],"17":[0,0],"18":[0,0],"19":[0,0],"20":[0,0],"21":[0,0],"22":[0,0],"23":[0,0],"24":[0],"25":[0,0],"26":[0,0],"27":[0,0],"28":[0,0],"29":[0,0],"30":[0,0],"31":[0,0],"32":[0,0],"33":[0,0],"34":[0,0]},"_coverageSchema":"1a1c01bbd47fc00a2c39e90264f33305004495a9","hash":"1e3b0ad76625db37ee1f9a11ff499cf01ac0a02c"}
}
