TN:
SF:src\app.js
FN:40,(anonymous_0)
FN:42,(anonymous_1)
FN:68,(anonymous_2)
FN:71,(anonymous_3)
FN:124,(anonymous_4)
FN:171,(anonymous_5)
FN:196,(anonymous_6)
FN:199,(anonymous_7)
FN:204,(anonymous_8)
FNF:9
FNH:0
FNDA:0,(anonymous_0)
FNDA:0,(anonymous_1)
FNDA:0,(anonymous_2)
FNDA:0,(anonymous_3)
FNDA:0,(anonymous_4)
FNDA:0,(anonymous_5)
FNDA:0,(anonymous_6)
FNDA:0,(anonymous_7)
FNDA:0,(anonymous_8)
DA:1,2
DA:2,2
DA:3,2
DA:4,2
DA:5,2
DA:6,2
DA:7,2
DA:8,2
DA:9,2
DA:11,2
DA:12,2
DA:13,2
DA:14,2
DA:15,2
DA:18,2
DA:19,2
DA:20,2
DA:21,2
DA:22,2
DA:23,2
DA:24,2
DA:25,2
DA:26,2
DA:29,2
DA:32,2
DA:35,2
DA:38,2
DA:41,0
DA:42,0
DA:50,0
DA:51,0
DA:53,0
DA:67,2
DA:70,0
DA:71,0
DA:78,0
DA:79,0
DA:81,0
DA:91,2
DA:94,2
DA:101,2
DA:106,2
DA:109,2
DA:116,2
DA:117,0
DA:121,2
DA:122,0
DA:124,0
DA:133,2
DA:134,2
DA:140,2
DA:146,2
DA:152,2
DA:155,2
DA:158,2
DA:161,2
DA:162,2
DA:163,2
DA:164,2
DA:165,2
DA:166,2
DA:167,2
DA:168,2
DA:171,2
DA:172,0
DA:185,2
DA:186,0
DA:187,0
DA:189,0
DA:196,2
DA:197,0
DA:199,0
DA:200,0
DA:204,0
DA:205,0
DA:210,2
DA:212,2
DA:219,2
DA:222,2
DA:228,2
LF:80
LH:58
BRDA:41,0,0,0
BRDA:41,0,1,0
BRDA:50,1,0,0
BRDA:50,1,1,0
BRDA:50,2,0,0
BRDA:50,2,1,0
BRDA:70,3,0,0
BRDA:70,3,1,0
BRDA:78,4,0,0
BRDA:78,4,1,0
BRDA:78,5,0,0
BRDA:78,5,1,0
BRDA:116,6,0,0
BRDA:116,6,1,2
BRDA:121,7,0,0
BRDA:121,7,1,2
BRDA:152,8,0,2
BRDA:152,8,1,2
BRDA:185,9,0,0
BRDA:185,9,1,2
BRF:20
BRH:5
end_of_record
TN:
SF:src\config\database.js
FN:7,(anonymous_0)
FNF:1
FNH:1
FNDA:2,(anonymous_0)
DA:1,2
DA:2,2
DA:5,2
DA:7,2
DA:8,2
DA:9,2
DA:11,2
DA:15,2
DA:17,0
DA:22,0
DA:26,2
LF:11
LH:9
BRDA:5,0,0,2
BRDA:5,0,1,2
BRF:2
BRH:2
end_of_record
TN:
SF:src\config\logger.js
FN:24,(anonymous_0)
FN:74,(anonymous_1)
FNF:2
FNH:1
FNDA:6,(anonymous_0)
FNDA:0,(anonymous_1)
DA:1,3
DA:2,3
DA:3,3
DA:6,3
DA:7,3
DA:8,0
DA:9,0
DA:13,3
DA:21,3
DA:25,6
DA:26,6
DA:28,6
DA:30,6
DA:35,3
DA:74,3
DA:75,0
DA:78,3
LF:17
LH:14
BRDA:7,0,0,0
BRDA:7,0,1,3
BRDA:26,1,0,6
BRDA:26,1,1,0
BRDA:26,2,0,6
BRDA:26,2,1,6
BRDA:36,3,0,3
BRDA:36,3,1,3
BRDA:42,4,0,0
BRDA:42,4,1,3
BRF:10
BRH:7
end_of_record
TN:
SF:src\config\upload.js
FN:13,(anonymous_0)
FN:16,(anonymous_1)
FN:23,(anonymous_2)
FNF:3
FNH:0
FNDA:0,(anonymous_0)
FNDA:0,(anonymous_1)
FNDA:0,(anonymous_2)
DA:1,2
DA:2,2
DA:3,2
DA:6,2
DA:7,2
DA:8,0
DA:12,2
DA:14,0
DA:17,0
DA:18,0
DA:23,2
DA:24,0
DA:25,0
DA:26,0
DA:28,0
DA:29,0
DA:31,0
DA:36,2
DA:44,2
LF:19
LH:9
BRDA:7,0,0,0
BRDA:7,0,1,2
BRDA:28,1,0,0
BRDA:28,1,1,0
BRDA:28,2,0,0
BRDA:28,2,1,0
BRF:6
BRH:1
end_of_record
TN:
SF:src\controllers\authController.js
FN:9,(anonymous_0)
FN:18,(anonymous_1)
FN:29,(anonymous_2)
FN:91,(anonymous_3)
FN:251,(anonymous_4)
FN:276,(anonymous_5)
FN:309,(anonymous_6)
FN:336,(anonymous_7)
FN:351,(anonymous_8)
FN:377,(anonymous_9)
FN:438,(anonymous_10)
FN:489,(anonymous_11)
FN:544,(anonymous_12)
FNF:13
FNH:0
FNDA:0,(anonymous_0)
FNDA:0,(anonymous_1)
FNDA:0,(anonymous_2)
FNDA:0,(anonymous_3)
FNDA:0,(anonymous_4)
FNDA:0,(anonymous_5)
FNDA:0,(anonymous_6)
FNDA:0,(anonymous_7)
FNDA:0,(anonymous_8)
FNDA:0,(anonymous_9)
FNDA:0,(anonymous_10)
FNDA:0,(anonymous_11)
FNDA:0,(anonymous_12)
DA:1,2
DA:2,2
DA:3,2
DA:4,2
DA:9,2
DA:10,0
DA:18,2
DA:19,0
DA:29,2
DA:30,0
DA:33,0
DA:34,0
DA:35,0
DA:42,0
DA:55,0
DA:67,0
DA:68,0
DA:70,0
DA:91,2
DA:92,0
DA:95,0
DA:96,0
DA:98,0
DA:101,0
DA:103,0
DA:104,0
DA:111,0
DA:112,0
DA:115,0
DA:116,0
DA:119,0
DA:120,0
DA:123,0
DA:133,0
DA:150,0
DA:158,0
DA:161,0
DA:162,0
DA:163,0
DA:172,0
DA:179,0
DA:180,0
DA:187,0
DA:188,0
DA:189,0
DA:199,0
DA:206,0
DA:207,0
DA:210,0
DA:211,0
DA:214,0
DA:215,0
DA:218,0
DA:228,0
DA:251,2
DA:252,0
DA:254,0
DA:255,0
DA:261,0
DA:263,0
DA:266,0
DA:267,0
DA:268,0
DA:275,0
DA:276,0
DA:279,0
DA:280,0
DA:287,0
DA:289,0
DA:296,0
DA:297,0
DA:309,2
DA:310,0
DA:312,0
DA:313,0
DA:317,0
DA:325,0
DA:336,2
DA:337,0
DA:340,0
DA:351,2
DA:352,0
DA:354,0
DA:355,0
DA:356,0
DA:357,0
DA:358,0
DA:360,0
DA:366,0
DA:377,2
DA:378,0
DA:380,0
DA:382,0
DA:383,0
DA:384,0
DA:385,0
DA:387,0
DA:395,0
DA:405,0
DA:406,0
DA:408,0
DA:417,0
DA:418,0
DA:421,0
DA:427,0
DA:438,2
DA:439,0
DA:442,0
DA:445,0
DA:446,0
DA:447,0
DA:454,0
DA:455,0
DA:458,0
DA:459,0
DA:462,0
DA:471,0
DA:472,0
DA:474,0
DA:489,2
DA:490,0
DA:492,0
DA:493,0
DA:499,0
DA:502,0
DA:503,0
DA:510,0
DA:511,0
DA:514,0
DA:515,0
DA:516,0
DA:519,0
DA:529,0
DA:531,0
DA:544,2
DA:545,0
DA:547,0
DA:548,0
DA:555,0
DA:558,0
DA:564,0
DA:565,0
DA:572,0
DA:573,0
DA:574,0
DA:577,0
DA:579,0
DA:582,0
DA:591,0
DA:592,0
DA:594,0
LF:151
LH:16
BRDA:34,0,0,0
BRDA:34,0,1,0
BRDA:47,1,0,0
BRDA:47,1,1,0
BRDA:95,2,0,0
BRDA:95,2,1,0
BRDA:95,3,0,0
BRDA:95,3,1,0
BRDA:103,4,0,0
BRDA:103,4,1,0
BRDA:103,5,0,0
BRDA:103,5,1,0
BRDA:161,6,0,0
BRDA:161,6,1,0
BRDA:162,7,0,0
BRDA:162,7,1,0
BRDA:167,8,0,0
BRDA:167,8,1,0
BRDA:179,9,0,0
BRDA:179,9,1,0
BRDA:187,10,0,0
BRDA:187,10,1,0
BRDA:188,11,0,0
BRDA:188,11,1,0
BRDA:194,12,0,0
BRDA:194,12,1,0
BRDA:223,13,0,0
BRDA:223,13,1,0
BRDA:254,14,0,0
BRDA:254,14,1,0
BRDA:267,15,0,0
BRDA:267,15,1,0
BRDA:276,16,0,0
BRDA:276,16,1,0
BRDA:279,17,0,0
BRDA:279,17,1,0
BRDA:312,18,0,0
BRDA:312,18,1,0
BRDA:355,19,0,0
BRDA:355,19,1,0
BRDA:356,20,0,0
BRDA:356,20,1,0
BRDA:357,21,0,0
BRDA:357,21,1,0
BRDA:358,22,0,0
BRDA:358,22,1,0
BRDA:382,23,0,0
BRDA:382,23,1,0
BRDA:384,24,0,0
BRDA:384,24,1,0
BRDA:405,25,0,0
BRDA:405,25,1,0
BRDA:409,26,0,0
BRDA:409,26,1,0
BRDA:417,27,0,0
BRDA:417,27,1,0
BRDA:446,28,0,0
BRDA:446,28,1,0
BRDA:492,29,0,0
BRDA:492,29,1,0
BRDA:502,30,0,0
BRDA:502,30,1,0
BRDA:535,31,0,0
BRDA:535,31,1,0
BRDA:547,32,0,0
BRDA:547,32,1,0
BRDA:547,33,0,0
BRDA:547,33,1,0
BRDA:547,33,2,0
BRDA:564,34,0,0
BRDA:564,34,1,0
BRF:71
BRH:0
end_of_record
TN:
SF:src\controllers\dashboardController.js
FN:5,(anonymous_0)
FN:20,(anonymous_1)
FN:21,(anonymous_2)
FN:22,(anonymous_3)
FN:67,(anonymous_4)
FN:87,(anonymous_5)
FN:88,(anonymous_6)
FN:89,(anonymous_7)
FN:115,(anonymous_8)
FN:124,(anonymous_9)
FN:125,(anonymous_10)
FN:146,(anonymous_11)
FN:168,(anonymous_12)
FN:193,(anonymous_13)
FN:201,(anonymous_14)
FN:202,(anonymous_15)
FNF:16
FNH:0
FNDA:0,(anonymous_0)
FNDA:0,(anonymous_1)
FNDA:0,(anonymous_2)
FNDA:0,(anonymous_3)
FNDA:0,(anonymous_4)
FNDA:0,(anonymous_5)
FNDA:0,(anonymous_6)
FNDA:0,(anonymous_7)
FNDA:0,(anonymous_8)
FNDA:0,(anonymous_9)
FNDA:0,(anonymous_10)
FNDA:0,(anonymous_11)
FNDA:0,(anonymous_12)
FNDA:0,(anonymous_13)
FNDA:0,(anonymous_14)
FNDA:0,(anonymous_15)
DA:1,2
DA:2,2
DA:5,2
DA:6,0
DA:7,0
DA:8,0
DA:9,0
DA:10,0
DA:13,0
DA:16,0
DA:20,0
DA:21,0
DA:22,0
DA:23,0
DA:26,0
DA:30,0
DA:34,0
DA:38,0
DA:42,0
DA:57,0
DA:58,0
DA:67,2
DA:68,0
DA:69,0
DA:70,0
DA:71,0
DA:72,0
DA:74,0
DA:75,0
DA:77,0
DA:78,0
DA:79,0
DA:80,0
DA:81,0
DA:83,0
DA:87,0
DA:88,0
DA:89,0
DA:91,0
DA:100,0
DA:105,0
DA:106,0
DA:115,2
DA:116,0
DA:117,0
DA:124,0
DA:125,0
DA:131,0
DA:136,0
DA:137,0
DA:146,2
DA:147,0
DA:148,0
DA:149,0
DA:150,0
DA:151,0
DA:152,0
DA:154,0
DA:155,0
DA:157,0
DA:158,0
DA:159,0
DA:160,0
DA:161,0
DA:163,0
DA:167,0
DA:168,0
DA:169,0
DA:171,0
DA:178,0
DA:183,0
DA:184,0
DA:193,2
DA:194,0
DA:195,0
DA:200,0
DA:201,0
DA:203,0
DA:204,0
DA:205,0
DA:206,0
DA:207,0
DA:210,0
DA:211,0
DA:212,0
DA:213,0
DA:215,0
DA:226,0
DA:231,0
DA:232,0
LF:90
LH:7
BRDA:26,0,0,0
BRDA:26,0,1,0
BRDA:30,1,0,0
BRDA:30,1,1,0
BRDA:34,2,0,0
BRDA:34,2,1,0
BRDA:38,3,0,0
BRDA:38,3,1,0
BRDA:128,4,0,0
BRDA:128,4,1,0
BRDA:168,5,0,0
BRDA:168,5,1,0
BRDA:169,6,0,0
BRDA:169,6,1,0
BRDA:203,7,0,0
BRDA:203,7,1,0
BRDA:210,8,0,0
BRDA:210,8,1,0
BRDA:210,9,0,0
BRDA:210,9,1,0
BRDA:211,10,0,0
BRDA:211,10,1,0
BRDA:211,11,0,0
BRDA:211,11,1,0
BRDA:212,12,0,0
BRDA:212,12,1,0
BRDA:212,13,0,0
BRDA:212,13,1,0
BRDA:219,14,0,0
BRDA:219,14,1,0
BRF:30
BRH:0
end_of_record
TN:
SF:src\controllers\geofenceController.js
FN:10,(anonymous_0)
FN:67,(anonymous_1)
FN:95,(anonymous_2)
FN:118,(anonymous_3)
FN:187,(anonymous_4)
FN:225,(anonymous_5)
FN:251,(anonymous_6)
FN:280,(anonymous_7)
FNF:8
FNH:0
FNDA:0,(anonymous_0)
FNDA:0,(anonymous_1)
FNDA:0,(anonymous_2)
FNDA:0,(anonymous_3)
FNDA:0,(anonymous_4)
FNDA:0,(anonymous_5)
FNDA:0,(anonymous_6)
FNDA:0,(anonymous_7)
DA:1,2
DA:2,2
DA:3,2
DA:10,2
DA:21,0
DA:24,0
DA:40,0
DA:54,0
DA:56,0
DA:67,2
DA:68,0
DA:70,0
DA:71,0
DA:72,0
DA:74,0
DA:75,0
DA:78,0
DA:83,0
DA:95,2
DA:96,0
DA:100,0
DA:101,0
DA:107,0
DA:118,2
DA:119,0
DA:121,0
DA:122,0
DA:139,0
DA:142,0
DA:143,0
DA:144,0
DA:145,0
DA:150,0
DA:151,0
DA:152,0
DA:153,0
DA:154,0
DA:155,0
DA:156,0
DA:158,0
DA:161,0
DA:174,0
DA:176,0
DA:187,2
DA:188,0
DA:190,0
DA:191,0
DA:197,0
DA:200,0
DA:212,0
DA:214,0
DA:225,2
DA:226,0
DA:228,0
DA:229,0
DA:236,0
DA:239,0
DA:241,0
DA:242,0
DA:243,0
DA:244,0
DA:247,0
DA:251,0
DA:280,2
DA:281,0
DA:283,0
DA:284,0
DA:290,0
DA:303,0
LF:69
LH:10
BRDA:71,0,0,0
BRDA:71,0,1,0
BRDA:74,1,0,0
BRDA:74,1,1,0
BRDA:100,2,0,0
BRDA:100,2,1,0
BRDA:121,3,0,0
BRDA:121,3,1,0
BRDA:142,4,0,0
BRDA:142,4,1,0
BRDA:143,5,0,0
BRDA:143,5,1,0
BRDA:144,6,0,0
BRDA:144,6,1,0
BRDA:144,7,0,0
BRDA:144,7,1,0
BRDA:150,8,0,0
BRDA:150,8,1,0
BRDA:151,9,0,0
BRDA:151,9,1,0
BRDA:152,10,0,0
BRDA:152,10,1,0
BRDA:153,11,0,0
BRDA:153,11,1,0
BRDA:154,12,0,0
BRDA:154,12,1,0
BRDA:155,13,0,0
BRDA:155,13,1,0
BRDA:190,14,0,0
BRDA:190,14,1,0
BRDA:228,15,0,0
BRDA:228,15,1,0
BRDA:228,16,0,0
BRDA:228,16,1,0
BRDA:242,17,0,0
BRDA:242,17,1,0
BRDA:259,18,0,0
BRDA:259,18,1,0
BRDA:281,19,0,0
BRDA:283,20,0,0
BRDA:283,20,1,0
BRDA:283,21,0,0
BRDA:283,21,1,0
BRF:43
BRH:0
end_of_record
TN:
SF:src\controllers\locationController.js
FN:11,(anonymous_0)
FN:71,(anonymous_1)
FN:149,(anonymous_2)
FN:187,(anonymous_3)
FN:261,(anonymous_4)
FN:275,(anonymous_5)
FN:319,(anonymous_6)
FN:372,(anonymous_7)
FN:442,(anonymous_8)
FN:511,(anonymous_9)
FN:564,(anonymous_10)
FNF:11
FNH:0
FNDA:0,(anonymous_0)
FNDA:0,(anonymous_1)
FNDA:0,(anonymous_2)
FNDA:0,(anonymous_3)
FNDA:0,(anonymous_4)
FNDA:0,(anonymous_5)
FNDA:0,(anonymous_6)
FNDA:0,(anonymous_7)
FNDA:0,(anonymous_8)
FNDA:0,(anonymous_9)
FNDA:0,(anonymous_10)
DA:1,2
DA:2,2
DA:3,2
DA:4,2
DA:11,2
DA:12,0
DA:14,0
DA:15,0
DA:22,0
DA:23,0
DA:29,0
DA:30,0
DA:32,0
DA:33,0
DA:34,0
DA:47,0
DA:49,0
DA:53,0
DA:55,0
DA:71,2
DA:93,0
DA:96,0
DA:97,0
DA:104,0
DA:105,0
DA:106,0
DA:115,0
DA:122,0
DA:123,0
DA:125,0
DA:141,0
DA:148,0
DA:149,0
DA:155,0
DA:177,0
DA:178,0
DA:187,0
DA:192,0
DA:193,0
DA:209,0
DA:210,0
DA:211,0
DA:213,0
DA:230,0
DA:231,0
DA:233,0
DA:234,0
DA:242,0
DA:257,0
DA:261,0
DA:275,2
DA:276,0
DA:278,0
DA:279,0
DA:286,0
DA:287,0
DA:288,0
DA:296,0
DA:297,0
DA:299,0
DA:300,0
DA:302,0
DA:309,0
DA:310,0
DA:314,0
DA:318,0
DA:319,0
DA:325,0
DA:346,0
DA:348,0
DA:349,0
DA:356,0
DA:372,2
DA:373,0
DA:382,0
DA:385,0
DA:386,0
DA:387,0
DA:388,0
DA:389,0
DA:396,0
DA:398,0
DA:399,0
DA:400,0
DA:401,0
DA:404,0
DA:405,0
DA:408,0
DA:411,0
DA:412,0
DA:419,0
DA:421,0
DA:423,0
DA:442,2
DA:444,0
DA:446,0
DA:497,0
DA:511,2
DA:512,0
DA:514,0
DA:516,0
DA:517,0
DA:520,0
DA:521,0
DA:522,0
DA:523,0
DA:527,0
DA:551,0
DA:564,2
DA:565,0
DA:567,0
DA:569,0
DA:570,0
DA:571,0
DA:572,0
DA:575,0
DA:578,0
DA:591,0
LF:118
LH:11
BRDA:14,0,0,0
BRDA:14,0,1,0
BRDA:14,1,0,0
BRDA:14,1,1,0
BRDA:22,2,0,0
BRDA:22,2,1,0
BRDA:22,3,0,0
BRDA:22,3,1,0
BRDA:45,4,0,0
BRDA:45,4,1,0
BRDA:96,5,0,0
BRDA:96,5,1,0
BRDA:96,6,0,0
BRDA:96,6,1,0
BRDA:105,7,0,0
BRDA:105,7,1,0
BRDA:109,8,0,0
BRDA:109,8,1,0
BRDA:122,9,0,0
BRDA:122,9,1,0
BRDA:177,10,0,0
BRDA:177,10,1,0
BRDA:192,11,0,0
BRDA:192,11,1,0
BRDA:194,12,0,0
BRDA:194,12,1,0
BRDA:197,13,0,0
BRDA:197,13,1,0
BRDA:218,14,0,0
BRDA:218,14,1,0
BRDA:219,15,0,0
BRDA:219,15,1,0
BRDA:222,16,0,0
BRDA:222,16,1,0
BRDA:233,17,0,0
BRDA:233,17,1,0
BRDA:243,18,0,0
BRDA:243,18,1,0
BRDA:246,19,0,0
BRDA:246,19,1,0
BRDA:246,20,0,0
BRDA:246,20,1,0
BRDA:278,21,0,0
BRDA:278,21,1,0
BRDA:278,22,0,0
BRDA:278,22,1,0
BRDA:287,23,0,0
BRDA:287,23,1,0
BRDA:309,24,0,0
BRDA:309,24,1,0
BRDA:338,25,0,0
BRDA:338,25,1,0
BRDA:379,26,0,0
BRDA:380,27,0,0
BRDA:386,28,0,0
BRDA:386,28,1,0
BRDA:386,29,0,0
BRDA:386,29,1,0
BRDA:386,29,2,0
BRDA:388,30,0,0
BRDA:388,30,1,0
BRDA:388,31,0,0
BRDA:388,31,1,0
BRDA:398,32,0,0
BRDA:398,32,1,0
BRDA:398,33,0,0
BRDA:398,33,1,0
BRDA:400,34,0,0
BRDA:400,34,1,0
BRDA:401,35,0,0
BRDA:401,35,1,0
BRDA:404,36,0,0
BRDA:404,36,1,0
BRDA:516,37,0,0
BRDA:516,37,1,0
BRDA:520,38,0,0
BRDA:520,38,1,0
BRDA:520,39,0,0
BRDA:520,39,1,0
BRDA:522,40,0,0
BRDA:522,40,1,0
BRDA:523,41,0,0
BRDA:523,41,1,0
BRDA:569,42,0,0
BRDA:569,42,1,0
BRDA:569,43,0,0
BRDA:569,43,1,0
BRDA:571,44,0,0
BRDA:571,44,1,0
BRDA:572,45,0,0
BRDA:572,45,1,0
BRF:91
BRH:0
end_of_record
TN:
SF:src\controllers\reportController.js
FN:5,(anonymous_0)
FN:30,(anonymous_1)
FN:33,(anonymous_2)
FN:34,(anonymous_3)
FN:69,(anonymous_4)
FN:94,(anonymous_5)
FN:105,(anonymous_6)
FN:106,(anonymous_7)
FN:107,(anonymous_8)
FN:127,(anonymous_9)
FN:153,(anonymous_10)
FN:164,(anonymous_11)
FN:188,(anonymous_12)
FN:208,(anonymous_13)
FN:209,(anonymous_14)
FN:210,(anonymous_15)
FN:214,(anonymous_16)
FN:228,(anonymous_17)
FN:252,(anonymous_18)
FN:273,(anonymous_19)
FNF:20
FNH:0
FNDA:0,(anonymous_0)
FNDA:0,(anonymous_1)
FNDA:0,(anonymous_2)
FNDA:0,(anonymous_3)
FNDA:0,(anonymous_4)
FNDA:0,(anonymous_5)
FNDA:0,(anonymous_6)
FNDA:0,(anonymous_7)
FNDA:0,(anonymous_8)
FNDA:0,(anonymous_9)
FNDA:0,(anonymous_10)
FNDA:0,(anonymous_11)
FNDA:0,(anonymous_12)
FNDA:0,(anonymous_13)
FNDA:0,(anonymous_14)
FNDA:0,(anonymous_15)
FNDA:0,(anonymous_16)
FNDA:0,(anonymous_17)
FNDA:0,(anonymous_18)
FNDA:0,(anonymous_19)
DA:1,2
DA:2,2
DA:5,2
DA:6,0
DA:7,0
DA:9,0
DA:10,0
DA:16,0
DA:17,0
DA:18,0
DA:19,0
DA:22,0
DA:27,0
DA:30,0
DA:31,0
DA:33,0
DA:34,0
DA:36,0
DA:40,0
DA:54,0
DA:59,0
DA:60,0
DA:69,2
DA:70,0
DA:71,0
DA:73,0
DA:74,0
DA:80,0
DA:82,0
DA:83,0
DA:84,0
DA:85,0
DA:87,0
DA:91,0
DA:94,0
DA:103,0
DA:105,0
DA:106,0
DA:107,0
DA:108,0
DA:110,0
DA:112,0
DA:117,0
DA:118,0
DA:127,2
DA:128,0
DA:129,0
DA:131,0
DA:132,0
DA:138,0
DA:139,0
DA:140,0
DA:141,0
DA:143,0
DA:147,0
DA:150,0
DA:151,0
DA:153,0
DA:154,0
DA:155,0
DA:156,0
DA:158,0
DA:159,0
DA:160,0
DA:164,0
DA:173,0
DA:178,0
DA:179,0
DA:188,2
DA:189,0
DA:190,0
DA:192,0
DA:193,0
DA:199,0
DA:200,0
DA:202,0
DA:206,0
DA:208,0
DA:209,0
DA:210,0
DA:213,0
DA:214,0
DA:215,0
DA:216,0
DA:217,0
DA:219,0
DA:220,0
DA:221,0
DA:224,0
DA:228,0
DA:237,0
DA:242,0
DA:243,0
DA:252,2
DA:253,0
DA:254,0
DA:256,0
DA:257,0
DA:263,0
DA:264,0
DA:265,0
DA:266,0
DA:268,0
DA:273,0
DA:288,0
DA:295,0
DA:296,0
LF:107
LH:7
BRDA:9,0,0,0
BRDA:9,0,1,0
BRDA:9,1,0,0
BRDA:9,1,1,0
BRDA:9,1,2,0
BRDA:31,2,0,0
BRDA:31,2,1,0
BRDA:36,3,0,0
BRDA:36,3,1,0
BRDA:73,4,0,0
BRDA:73,4,1,0
BRDA:97,5,0,0
BRDA:97,5,1,0
BRDA:98,6,0,0
BRDA:98,6,1,0
BRDA:131,7,0,0
BRDA:131,7,1,0
BRDA:131,8,0,0
BRDA:131,8,1,0
BRDA:155,9,0,0
BRDA:155,9,1,0
BRDA:158,10,0,0
BRDA:158,10,1,0
BRDA:159,11,0,0
BRDA:159,11,1,0
BRDA:160,12,0,0
BRDA:160,12,1,0
BRDA:167,13,0,0
BRDA:167,13,1,0
BRDA:168,14,0,0
BRDA:168,14,1,0
BRDA:192,15,0,0
BRDA:192,15,1,0
BRDA:192,16,0,0
BRDA:192,16,1,0
BRDA:215,17,0,0
BRDA:215,17,1,0
BRDA:216,18,0,0
BRDA:216,18,1,0
BRDA:219,19,0,0
BRDA:219,19,1,0
BRDA:220,20,0,0
BRDA:220,20,1,0
BRDA:221,21,0,0
BRDA:221,21,1,0
BRDA:231,22,0,0
BRDA:231,22,1,0
BRDA:232,23,0,0
BRDA:232,23,1,0
BRDA:254,24,0,0
BRDA:256,25,0,0
BRDA:256,25,1,0
BRDA:256,26,0,0
BRDA:256,26,1,0
BRDA:274,27,0,0
BRDA:274,27,1,0
BRDA:275,28,0,0
BRDA:275,28,1,0
BRDA:276,29,0,0
BRDA:276,29,1,0
BRDA:277,30,0,0
BRDA:277,30,1,0
BRDA:278,31,0,0
BRDA:278,31,1,0
BRDA:279,32,0,0
BRDA:279,32,1,0
BRDA:280,33,0,0
BRDA:280,33,1,0
BRDA:282,34,0,0
BRDA:282,34,1,0
BRDA:283,35,0,0
BRDA:283,35,1,0
BRDA:283,36,0,0
BRDA:283,36,1,0
BRF:74
BRH:0
end_of_record
TN:
SF:src\controllers\userController.js
FN:8,(anonymous_0)
FN:52,(anonymous_1)
FN:75,(anonymous_2)
FN:130,(anonymous_3)
FN:203,(anonymous_4)
FN:236,(anonymous_5)
FN:271,(anonymous_6)
FN:317,(anonymous_7)
FN:368,(anonymous_8)
FNF:9
FNH:0
FNDA:0,(anonymous_0)
FNDA:0,(anonymous_1)
FNDA:0,(anonymous_2)
FNDA:0,(anonymous_3)
FNDA:0,(anonymous_4)
FNDA:0,(anonymous_5)
FNDA:0,(anonymous_6)
FNDA:0,(anonymous_7)
FNDA:0,(anonymous_8)
DA:1,2
DA:2,2
DA:3,2
DA:8,2
DA:9,0
DA:10,0
DA:13,0
DA:15,0
DA:16,0
DA:17,0
DA:18,0
DA:19,0
DA:28,0
DA:34,0
DA:36,0
DA:45,0
DA:52,2
DA:53,0
DA:54,0
DA:56,0
DA:57,0
DA:63,0
DA:68,0
DA:75,2
DA:76,0
DA:87,0
DA:90,0
DA:92,0
DA:93,0
DA:102,0
DA:115,0
DA:117,0
DA:123,0
DA:130,2
DA:131,0
DA:141,0
DA:144,0
DA:146,0
DA:147,0
DA:154,0
DA:155,0
DA:156,0
DA:157,0
DA:164,0
DA:165,0
DA:166,0
DA:167,0
DA:175,0
DA:190,0
DA:196,0
DA:203,2
DA:204,0
DA:205,0
DA:207,0
DA:208,0
DA:215,0
DA:216,0
DA:217,0
DA:218,0
DA:222,0
DA:224,0
DA:229,0
DA:236,2
DA:237,0
DA:238,0
DA:240,0
DA:242,0
DA:243,0
DA:250,0
DA:251,0
DA:252,0
DA:254,0
DA:256,0
DA:258,0
DA:264,0
DA:271,2
DA:272,0
DA:273,0
DA:275,0
DA:276,0
DA:282,0
DA:284,0
DA:285,0
DA:292,0
DA:294,0
DA:295,0
DA:302,0
DA:303,0
DA:305,0
DA:310,0
DA:317,2
DA:318,0
DA:319,0
DA:320,0
DA:326,0
DA:328,0
DA:330,0
DA:331,0
DA:338,0
DA:339,0
DA:340,0
DA:341,0
DA:346,0
DA:347,0
DA:349,0
DA:358,0
DA:359,0
DA:361,0
DA:368,2
DA:369,0
DA:370,0
DA:372,0
DA:373,0
DA:379,0
DA:380,0
DA:387,0
DA:388,0
DA:389,0
DA:393,0
DA:394,0
DA:396,0
DA:401,0
LF:122
LH:12
BRDA:10,0,0,0
BRDA:10,1,0,0
BRDA:15,2,0,0
BRDA:15,2,1,0
BRDA:16,3,0,0
BRDA:16,3,1,0
BRDA:17,4,0,0
BRDA:17,4,1,0
BRDA:18,5,0,0
BRDA:18,5,1,0
BRDA:56,6,0,0
BRDA:56,6,1,0
BRDA:92,7,0,0
BRDA:92,7,1,0
BRDA:95,8,0,0
BRDA:95,8,1,0
BRDA:146,9,0,0
BRDA:146,9,1,0
BRDA:154,10,0,0
BRDA:154,10,1,0
BRDA:154,11,0,0
BRDA:154,11,1,0
BRDA:156,12,0,0
BRDA:156,12,1,0
BRDA:164,13,0,0
BRDA:164,13,1,0
BRDA:164,14,0,0
BRDA:164,14,1,0
BRDA:166,15,0,0
BRDA:166,15,1,0
BRDA:207,16,0,0
BRDA:207,16,1,0
BRDA:215,17,0,0
BRDA:215,17,1,0
BRDA:217,18,0,0
BRDA:217,18,1,0
BRDA:242,19,0,0
BRDA:242,19,1,0
BRDA:250,20,0,0
BRDA:250,20,1,0
BRDA:251,21,0,0
BRDA:251,21,1,0
BRDA:252,22,0,0
BRDA:252,22,1,0
BRDA:275,23,0,0
BRDA:275,23,1,0
BRDA:275,24,0,0
BRDA:275,24,1,0
BRDA:284,25,0,0
BRDA:284,25,1,0
BRDA:294,26,0,0
BRDA:294,26,1,0
BRDA:319,27,0,0
BRDA:319,27,1,0
BRDA:328,28,0,0
BRDA:328,28,1,0
BRDA:338,29,0,0
BRDA:338,29,1,0
BRDA:340,30,0,0
BRDA:340,30,1,0
BRDA:358,31,0,0
BRDA:358,31,1,0
BRDA:372,32,0,0
BRDA:372,32,1,0
BRDA:379,33,0,0
BRDA:379,33,1,0
BRDA:388,34,0,0
BRDA:388,34,1,0
BRF:68
BRH:0
end_of_record
TN:
SF:src\middleware\auth.js
FN:9,(anonymous_0)
FN:80,(anonymous_1)
FN:81,(anonymous_2)
FN:120,(anonymous_3)
FNF:4
FNH:1
FNDA:0,(anonymous_0)
FNDA:42,(anonymous_1)
FNDA:0,(anonymous_2)
FNDA:0,(anonymous_3)
DA:1,2
DA:2,2
DA:3,2
DA:4,2
DA:9,2
DA:10,0
DA:14,0
DA:15,0
DA:18,0
DA:19,0
DA:24,0
DA:30,0
DA:32,0
DA:35,0
DA:37,0
DA:38,0
DA:45,0
DA:46,0
DA:53,0
DA:54,0
DA:60,0
DA:62,0
DA:63,0
DA:69,0
DA:70,0
DA:80,2
DA:81,42
DA:82,0
DA:83,0
DA:89,0
DA:90,0
DA:93,0
DA:107,0
DA:113,0
DA:120,2
DA:121,0
DA:122,0
DA:128,0
DA:131,0
DA:136,0
DA:139,0
DA:141,0
DA:147,2
LF:43
LH:9
BRDA:14,0,0,0
BRDA:14,0,1,0
BRDA:14,1,0,0
BRDA:14,1,1,0
BRDA:18,2,0,0
BRDA:18,2,1,0
BRDA:37,3,0,0
BRDA:37,3,1,0
BRDA:45,4,0,0
BRDA:45,4,1,0
BRDA:53,5,0,0
BRDA:53,5,1,0
BRDA:82,6,0,0
BRDA:82,6,1,0
BRDA:89,7,0,0
BRDA:89,7,1,0
BRDA:121,8,0,0
BRDA:121,8,1,0
BRDA:128,9,0,0
BRDA:128,9,1,0
BRDA:128,9,2,0
BRDA:131,10,0,0
BRDA:131,10,1,0
BRDA:132,11,0,0
BRDA:132,11,1,0
BRDA:132,11,2,0
BRF:26
BRH:0
end_of_record
TN:
SF:src\middleware\errorHandler.js
FN:7,(anonymous_0)
FN:36,(anonymous_1)
FN:83,(anonymous_2)
FN:83,(anonymous_3)
FNF:4
FNH:1
FNDA:0,(anonymous_0)
FNDA:0,(anonymous_1)
FNDA:28,(anonymous_2)
FNDA:0,(anonymous_3)
DA:1,2
DA:2,2
DA:7,2
DA:8,0
DA:9,0
DA:12,0
DA:22,0
DA:23,0
DA:24,0
DA:28,0
DA:29,0
DA:30,0
DA:31,0
DA:35,0
DA:36,0
DA:37,0
DA:41,0
DA:42,0
DA:43,0
DA:46,0
DA:47,0
DA:48,0
DA:52,0
DA:53,0
DA:73,0
DA:83,28
DA:84,0
DA:87,2
DA:88,2
LF:29
LH:6
BRDA:22,0,0,0
BRDA:22,0,1,0
BRDA:28,1,0,0
BRDA:28,1,1,0
BRDA:35,2,0,0
BRDA:35,2,1,0
BRDA:41,3,0,0
BRDA:41,3,1,0
BRDA:46,4,0,0
BRDA:46,4,1,0
BRDA:52,5,0,0
BRDA:52,5,1,0
BRDA:52,6,0,0
BRDA:52,6,1,0
BRDA:67,7,0,0
BRDA:67,7,1,0
BRDA:73,8,0,0
BRDA:73,8,1,0
BRDA:75,9,0,0
BRDA:75,9,1,0
BRDA:76,10,0,0
BRDA:76,10,1,0
BRF:22
BRH:0
end_of_record
TN:
SF:src\middleware\notFound.js
FN:1,(anonymous_0)
FNF:1
FNH:0
FNDA:0,(anonymous_0)
DA:1,2
DA:2,0
DA:3,0
DA:4,0
DA:7,2
LF:5
LH:2
BRF:0
BRH:0
end_of_record
TN:
SF:src\middleware\rateLimiter.js
FNF:0
FNH:0
DA:1,2
DA:4,2
DA:21,2
DA:37,2
DA:52,2
LF:5
LH:5
BRF:0
BRH:0
end_of_record
TN:
SF:src\middleware\validation.js
FN:6,(anonymous_0)
FN:7,(anonymous_1)
FN:14,(anonymous_2)
FNF:3
FNH:1
FNDA:6,(anonymous_0)
FNDA:0,(anonymous_1)
FNDA:0,(anonymous_2)
DA:1,2
DA:6,2
DA:7,6
DA:8,0
DA:13,0
DA:14,0
DA:19,0
DA:27,0
DA:28,0
DA:35,2
DA:222,2
LF:11
LH:5
BRDA:13,0,0,0
BRDA:13,0,1,0
BRF:2
BRH:0
end_of_record
TN:
SF:src\models\Attendance.js
FN:157,(anonymous_0)
FN:178,(anonymous_1)
FN:186,(anonymous_2)
FN:187,(anonymous_3)
FN:188,(anonymous_4)
FN:189,(anonymous_5)
FN:190,(anonymous_6)
FNF:7
FNH:0
FNDA:0,(anonymous_0)
FNDA:0,(anonymous_1)
FNDA:0,(anonymous_2)
FNDA:0,(anonymous_3)
FNDA:0,(anonymous_4)
FNDA:0,(anonymous_5)
FNDA:0,(anonymous_6)
DA:1,3
DA:3,3
DA:148,3
DA:149,3
DA:150,3
DA:151,3
DA:154,3
DA:157,3
DA:159,0
DA:160,0
DA:161,0
DA:162,0
DA:165,0
DA:166,0
DA:167,0
DA:168,0
DA:170,0
DA:171,0
DA:174,0
DA:178,3
DA:179,0
DA:184,0
DA:186,0
DA:187,0
DA:188,0
DA:189,0
DA:190,0
DA:194,0
DA:198,0
DA:201,3
DA:203,3
LF:31
LH:11
BRDA:159,0,0,0
BRDA:159,0,1,0
BRDA:159,1,0,0
BRDA:159,1,1,0
BRDA:165,2,0,0
BRDA:165,2,1,0
BRDA:166,3,0,0
BRDA:166,3,1,0
BRDA:167,4,0,0
BRDA:167,4,1,0
BRDA:170,5,0,0
BRDA:170,5,1,0
BRDA:190,6,0,0
BRDA:190,6,1,0
BRDA:194,7,0,0
BRDA:194,7,1,0
BRF:16
BRH:0
end_of_record
TN:
SF:src\models\Device.js
FN:83,(anonymous_0)
FNF:1
FNH:0
FNDA:0,(anonymous_0)
DA:1,3
DA:3,3
DA:77,3
DA:78,3
DA:79,3
DA:80,3
DA:83,3
DA:84,0
DA:85,0
DA:88,3
DA:90,3
LF:11
LH:9
BRF:0
BRH:0
end_of_record
TN:
SF:src\models\Event.js
FN:126,(anonymous_0)
FN:138,(anonymous_1)
FN:174,(anonymous_2)
FNF:3
FNH:0
FNDA:0,(anonymous_0)
FNDA:0,(anonymous_1)
FNDA:0,(anonymous_2)
DA:1,3
DA:3,3
DA:109,3
DA:110,3
DA:111,3
DA:112,3
DA:113,3
DA:114,3
DA:118,3
DA:126,3
DA:127,0
DA:128,0
DA:129,0
DA:130,0
DA:132,0
DA:138,3
DA:149,0
DA:151,0
DA:153,0
DA:154,0
DA:155,0
DA:156,0
DA:157,0
DA:158,0
DA:159,0
DA:160,0
DA:161,0
DA:164,0
DA:174,3
DA:175,0
DA:176,0
DA:177,0
DA:178,0
DA:179,0
DA:182,0
DA:199,0
DA:202,3
DA:204,3
LF:38
LH:14
BRDA:121,0,0,3
BRDA:121,0,1,3
BRDA:138,1,0,0
BRDA:138,2,0,0
BRDA:147,3,0,0
BRDA:148,4,0,0
BRDA:153,5,0,0
BRDA:153,5,1,0
BRDA:154,6,0,0
BRDA:154,6,1,0
BRDA:155,7,0,0
BRDA:155,7,1,0
BRDA:156,8,0,0
BRDA:156,8,1,0
BRDA:157,9,0,0
BRDA:157,9,1,0
BRDA:158,10,0,0
BRDA:158,10,1,0
BRDA:158,11,0,0
BRDA:158,11,1,0
BRDA:160,12,0,0
BRDA:160,12,1,0
BRDA:161,13,0,0
BRDA:161,13,1,0
BRDA:176,14,0,0
BRDA:176,14,1,0
BRDA:176,15,0,0
BRDA:176,15,1,0
BRDA:178,16,0,0
BRDA:178,16,1,0
BRDA:179,17,0,0
BRDA:179,17,1,0
BRF:32
BRH:2
end_of_record
TN:
SF:src\models\Geofence.js
FN:29,(anonymous_0)
FN:125,(anonymous_1)
FN:150,(anonymous_2)
FN:165,(anonymous_3)
FN:169,(anonymous_4)
FN:185,(anonymous_5)
FNF:6
FNH:0
FNDA:0,(anonymous_0)
FNDA:0,(anonymous_1)
FNDA:0,(anonymous_2)
FNDA:0,(anonymous_3)
FNDA:0,(anonymous_4)
FNDA:0,(anonymous_5)
DA:1,3
DA:3,3
DA:30,0
DA:120,3
DA:121,3
DA:122,3
DA:125,3
DA:126,0
DA:127,0
DA:128,0
DA:129,0
DA:130,0
DA:132,0
DA:133,0
DA:136,0
DA:140,0
DA:141,0
DA:143,0
DA:150,3
DA:151,0
DA:152,0
DA:154,0
DA:155,0
DA:156,0
DA:157,0
DA:165,0
DA:169,3
DA:170,0
DA:185,3
DA:186,0
DA:193,3
DA:194,3
DA:196,3
LF:33
LH:12
BRDA:30,0,0,0
BRDA:30,0,1,0
BRDA:30,0,2,0
BRDA:30,0,3,0
BRDA:30,0,4,0
BRDA:156,1,0,0
BRDA:156,1,1,0
BRDA:169,2,0,0
BRF:8
BRH:0
end_of_record
TN:
SF:src\models\Location.js
FN:109,(anonymous_0)
FN:124,(anonymous_1)
FN:136,(anonymous_2)
FNF:3
FNH:0
FNDA:0,(anonymous_0)
FNDA:0,(anonymous_1)
FNDA:0,(anonymous_2)
DA:1,3
DA:3,3
DA:100,3
DA:101,3
DA:102,3
DA:103,3
DA:104,3
DA:105,3
DA:106,3
DA:109,3
DA:110,0
DA:111,0
DA:113,0
DA:114,0
DA:119,0
DA:120,0
DA:124,3
DA:125,0
DA:126,0
DA:128,0
DA:129,0
DA:136,3
DA:137,0
DA:138,0
DA:140,0
DA:143,3
DA:145,3
LF:27
LH:14
BRDA:137,0,0,0
BRDA:137,0,1,0
BRF:2
BRH:0
end_of_record
TN:
SF:src\models\User.js
FN:142,(anonymous_0)
FN:147,(anonymous_1)
FN:160,(anonymous_2)
FN:165,(anonymous_3)
FN:174,(anonymous_4)
FN:192,(anonymous_5)
FN:193,(anonymous_6)
FN:198,(anonymous_7)
FN:200,(anonymous_8)
FNF:9
FNH:0
FNDA:0,(anonymous_0)
FNDA:0,(anonymous_1)
FNDA:0,(anonymous_2)
FNDA:0,(anonymous_3)
FNDA:0,(anonymous_4)
FNDA:0,(anonymous_5)
FNDA:0,(anonymous_6)
FNDA:0,(anonymous_7)
FNDA:0,(anonymous_8)
DA:1,3
DA:2,3
DA:4,3
DA:137,3
DA:138,3
DA:139,3
DA:142,3
DA:143,0
DA:147,3
DA:149,0
DA:152,0
DA:154,0
DA:155,0
DA:156,0
DA:160,3
DA:161,0
DA:165,3
DA:166,0
DA:167,0
DA:168,0
DA:170,0
DA:174,3
DA:175,0
DA:177,0
DA:184,0
DA:185,0
DA:188,0
DA:192,3
DA:193,0
DA:194,0
DA:198,3
DA:199,0
DA:200,0
DA:201,0
DA:204,3
DA:206,3
LF:36
LH:15
BRDA:149,0,0,0
BRDA:149,0,1,0
BRDA:152,1,0,0
BRDA:152,1,1,0
BRDA:152,2,0,0
BRDA:152,2,1,0
BRDA:166,3,0,0
BRDA:166,3,1,0
BRDA:184,4,0,0
BRDA:184,4,1,0
BRF:10
BRH:0
end_of_record
TN:
SF:src\models\index.js
FNF:0
FNH:0
DA:1,3
DA:2,3
DA:3,3
DA:4,3
DA:5,3
DA:6,3
DA:8,3
LF:7
LH:7
BRF:0
BRH:0
end_of_record
TN:
SF:src\routes\attendanceRoutes.js
FN:7,calculateDistance
FN:27,(anonymous_1)
FN:50,(anonymous_2)
FN:69,(anonymous_3)
FN:95,(anonymous_4)
FN:143,(anonymous_5)
FN:162,(anonymous_6)
FN:183,(anonymous_7)
FN:184,(anonymous_8)
FN:185,(anonymous_9)
FN:215,(anonymous_10)
FN:370,(anonymous_11)
FN:512,(anonymous_12)
FN:532,(anonymous_13)
FN:570,(anonymous_14)
FN:658,(anonymous_15)
FN:696,(anonymous_16)
FN:756,(anonymous_17)
FNF:18
FNH:0
FNDA:0,calculateDistance
FNDA:0,(anonymous_1)
FNDA:0,(anonymous_2)
FNDA:0,(anonymous_3)
FNDA:0,(anonymous_4)
FNDA:0,(anonymous_5)
FNDA:0,(anonymous_6)
FNDA:0,(anonymous_7)
FNDA:0,(anonymous_8)
FNDA:0,(anonymous_9)
FNDA:0,(anonymous_10)
FNDA:0,(anonymous_11)
FNDA:0,(anonymous_12)
FNDA:0,(anonymous_13)
FNDA:0,(anonymous_14)
FNDA:0,(anonymous_15)
FNDA:0,(anonymous_16)
FNDA:0,(anonymous_17)
DA:1,2
DA:2,2
DA:3,2
DA:4,2
DA:8,0
DA:9,0
DA:10,0
DA:11,0
DA:12,0
DA:14,0
DA:17,0
DA:19,0
DA:27,2
DA:28,0
DA:29,0
DA:31,0
DA:32,0
DA:33,0
DA:34,0
DA:36,0
DA:37,0
DA:39,0
DA:45,0
DA:47,0
DA:51,0
DA:52,0
DA:59,0
DA:60,0
DA:69,2
DA:70,0
DA:71,0
DA:72,0
DA:73,0
DA:74,0
DA:76,0
DA:81,0
DA:86,0
DA:95,2
DA:96,0
DA:97,0
DA:99,0
DA:102,0
DA:103,0
DA:104,0
DA:105,0
DA:106,0
DA:108,0
DA:109,0
DA:110,0
DA:113,0
DA:115,0
DA:116,0
DA:117,0
DA:118,0
DA:122,0
DA:123,0
DA:125,0
DA:130,0
DA:131,0
DA:132,0
DA:140,0
DA:144,0
DA:145,0
DA:152,0
DA:153,0
DA:162,2
DA:163,0
DA:164,0
DA:165,0
DA:166,0
DA:168,0
DA:169,0
DA:170,0
DA:171,0
DA:172,0
DA:173,0
DA:174,0
DA:177,0
DA:182,0
DA:183,0
DA:184,0
DA:185,0
DA:188,0
DA:189,0
DA:190,0
DA:192,0
DA:206,0
DA:215,2
DA:216,0
DA:217,0
DA:220,0
DA:221,0
DA:224,0
DA:230,0
DA:232,0
DA:233,0
DA:241,0
DA:249,0
DA:250,0
DA:251,0
DA:253,0
DA:254,0
DA:268,0
DA:269,0
DA:275,0
DA:276,0
DA:277,0
DA:283,0
DA:284,0
DA:286,0
DA:287,0
DA:289,0
DA:291,0
DA:292,0
DA:293,0
DA:294,0
DA:297,0
DA:298,0
DA:299,0
DA:302,0
DA:303,0
DA:304,0
DA:305,0
DA:306,0
DA:309,0
DA:310,0
DA:311,0
DA:312,0
DA:315,0
DA:316,0
DA:317,0
DA:321,0
DA:322,0
DA:323,0
DA:324,0
DA:325,0
DA:329,0
DA:335,0
DA:354,0
DA:356,0
DA:361,0
DA:370,2
DA:371,0
DA:372,0
DA:375,0
DA:376,0
DA:377,0
DA:378,0
DA:380,0
DA:386,0
DA:387,0
DA:394,0
DA:395,0
DA:397,0
DA:398,0
DA:411,0
DA:412,0
DA:418,0
DA:419,0
DA:420,0
DA:426,0
DA:437,0
DA:438,0
DA:439,0
DA:440,0
DA:441,0
DA:443,0
DA:444,0
DA:447,0
DA:449,0
DA:450,0
DA:451,0
DA:452,0
DA:455,0
DA:456,0
DA:457,0
DA:458,0
DA:461,0
DA:464,0
DA:465,0
DA:469,0
DA:470,0
DA:471,0
DA:472,0
DA:473,0
DA:477,0
DA:482,0
DA:485,0
DA:486,0
DA:487,0
DA:492,0
DA:493,0
DA:496,0
DA:498,0
DA:503,0
DA:512,2
DA:513,0
DA:514,0
DA:517,0
DA:523,0
DA:532,2
DA:533,0
DA:534,0
DA:535,0
DA:537,0
DA:541,0
DA:546,0
DA:551,0
DA:561,0
DA:570,2
DA:571,0
DA:572,0
DA:574,0
DA:575,0
DA:581,0
DA:582,0
DA:589,0
DA:590,0
DA:591,0
DA:594,0
DA:599,0
DA:600,0
DA:607,0
DA:614,0
DA:616,0
DA:617,0
DA:620,0
DA:625,0
DA:626,0
DA:632,0
DA:633,0
DA:640,0
DA:642,0
DA:644,0
DA:649,0
DA:658,2
DA:659,0
DA:660,0
DA:662,0
DA:664,0
DA:665,0
DA:666,0
DA:668,0
DA:669,0
DA:671,0
DA:677,0
DA:681,0
DA:687,0
DA:696,2
DA:697,0
DA:698,0
DA:700,0
DA:702,0
DA:703,0
DA:710,0
DA:711,0
DA:712,0
DA:713,0
DA:715,0
DA:716,0
DA:719,0
DA:720,0
DA:721,0
DA:723,0
DA:724,0
DA:727,0
DA:728,0
DA:731,0
DA:732,0
DA:733,0
DA:735,0
DA:736,0
DA:739,0
DA:740,0
DA:742,0
DA:747,0
DA:756,2
DA:757,0
DA:758,0
DA:760,0
DA:761,0
DA:767,0
DA:769,0
DA:775,0
DA:779,2
LF:285
LH:17
BRDA:97,0,0,0
BRDA:97,1,0,0
BRDA:102,2,0,0
BRDA:102,2,1,0
BRDA:115,3,0,0
BRDA:115,3,1,0
BRDA:115,4,0,0
BRDA:115,4,1,0
BRDA:117,5,0,0
BRDA:117,5,1,0
BRDA:118,6,0,0
BRDA:118,6,1,0
BRDA:122,7,0,0
BRDA:122,7,1,0
BRDA:123,8,0,0
BRDA:123,8,1,0
BRDA:131,9,0,0
BRDA:131,9,1,0
BRDA:147,10,0,0
BRDA:147,10,1,0
BRDA:164,11,0,0
BRDA:169,12,0,0
BRDA:169,12,1,0
BRDA:171,13,0,0
BRDA:171,13,1,0
BRDA:173,14,0,0
BRDA:173,14,1,0
BRDA:185,15,0,0
BRDA:185,15,1,0
BRDA:190,16,0,0
BRDA:190,16,1,0
BRDA:230,17,0,0
BRDA:230,17,1,0
BRDA:230,18,0,0
BRDA:230,18,1,0
BRDA:230,18,2,0
BRDA:232,19,0,0
BRDA:232,19,1,0
BRDA:232,20,0,0
BRDA:232,20,1,0
BRDA:253,21,0,0
BRDA:253,21,1,0
BRDA:253,22,0,0
BRDA:253,22,1,0
BRDA:275,23,0,0
BRDA:275,23,1,0
BRDA:289,24,0,0
BRDA:289,24,1,0
BRDA:289,25,0,0
BRDA:289,25,1,0
BRDA:289,25,2,0
BRDA:293,26,0,0
BRDA:293,26,1,0
BRDA:297,27,0,0
BRDA:297,27,1,0
BRDA:299,28,0,0
BRDA:299,28,1,0
BRDA:303,29,0,0
BRDA:303,29,1,0
BRDA:303,30,0,0
BRDA:303,30,1,0
BRDA:309,31,0,0
BRDA:309,31,1,0
BRDA:309,32,0,0
BRDA:309,32,1,0
BRDA:309,32,2,0
BRDA:311,33,0,0
BRDA:311,33,1,0
BRDA:311,34,0,0
BRDA:311,34,1,0
BRDA:312,35,0,0
BRDA:312,35,1,0
BRDA:312,36,0,0
BRDA:312,36,1,0
BRDA:315,37,0,0
BRDA:315,37,1,0
BRDA:315,38,0,0
BRDA:315,38,1,0
BRDA:321,39,0,0
BRDA:321,39,1,0
BRDA:321,40,0,0
BRDA:321,40,1,0
BRDA:324,41,0,0
BRDA:324,41,1,0
BRDA:324,42,0,0
BRDA:324,42,1,0
BRDA:324,42,2,0
BRDA:324,42,3,0
BRDA:340,43,0,0
BRDA:340,43,1,0
BRDA:340,44,0,0
BRDA:340,44,1,0
BRDA:350,45,0,0
BRDA:350,45,1,0
BRDA:386,46,0,0
BRDA:386,46,1,0
BRDA:397,47,0,0
BRDA:397,47,1,0
BRDA:397,48,0,0
BRDA:397,48,1,0
BRDA:418,49,0,0
BRDA:418,49,1,0
BRDA:437,50,0,0
BRDA:437,50,1,0
BRDA:449,51,0,0
BRDA:449,51,1,0
BRDA:449,52,0,0
BRDA:449,52,1,0
BRDA:455,53,0,0
BRDA:455,53,1,0
BRDA:455,54,0,0
BRDA:455,54,1,0
BRDA:455,54,2,0
BRDA:457,55,0,0
BRDA:457,55,1,0
BRDA:457,56,0,0
BRDA:457,56,1,0
BRDA:458,57,0,0
BRDA:458,57,1,0
BRDA:458,58,0,0
BRDA:458,58,1,0
BRDA:461,59,0,0
BRDA:461,59,1,0
BRDA:461,60,0,0
BRDA:461,60,1,0
BRDA:461,60,2,0
BRDA:461,60,3,0
BRDA:469,61,0,0
BRDA:469,61,1,0
BRDA:469,62,0,0
BRDA:469,62,1,0
BRDA:472,63,0,0
BRDA:472,63,1,0
BRDA:472,64,0,0
BRDA:472,64,1,0
BRDA:472,64,2,0
BRDA:472,64,3,0
BRDA:485,65,0,0
BRDA:485,65,1,0
BRDA:485,66,0,0
BRDA:485,66,1,0
BRDA:486,67,0,0
BRDA:486,67,1,0
BRDA:492,68,0,0
BRDA:492,68,1,0
BRDA:493,69,0,0
BRDA:493,69,1,0
BRDA:574,70,0,0
BRDA:574,70,1,0
BRDA:581,71,0,0
BRDA:581,71,1,0
BRDA:599,72,0,0
BRDA:599,72,1,0
BRDA:610,73,0,0
BRDA:610,73,1,0
BRDA:614,74,0,0
BRDA:614,74,1,0
BRDA:625,75,0,0
BRDA:625,75,1,0
BRDA:632,76,0,0
BRDA:632,76,1,0
BRDA:635,77,0,0
BRDA:635,77,1,0
BRDA:635,78,0,0
BRDA:635,78,1,0
BRDA:664,79,0,0
BRDA:664,79,1,0
BRDA:702,80,0,0
BRDA:702,80,1,0
BRDA:710,81,0,0
BRDA:710,81,1,0
BRDA:719,82,0,0
BRDA:719,82,1,0
BRDA:720,83,0,0
BRDA:720,83,1,0
BRDA:727,84,0,0
BRDA:727,84,1,0
BRDA:731,85,0,0
BRDA:731,85,1,0
BRDA:732,86,0,0
BRDA:732,86,1,0
BRDA:736,87,0,0
BRDA:736,87,1,0
BRDA:736,88,0,0
BRDA:736,88,1,0
BRDA:760,89,0,0
BRDA:760,89,1,0
BRF:187
BRH:0
end_of_record
TN:
SF:src\routes\authRoutes.js
FNF:0
FNH:0
DA:1,2
DA:2,2
DA:3,2
DA:4,2
DA:5,2
DA:8,2
DA:9,2
DA:10,2
DA:11,2
DA:12,2
DA:13,2
DA:14,2
DA:15,2
DA:16,2
DA:17,2
DA:19,2
LF:16
LH:16
BRF:0
BRH:0
end_of_record
TN:
SF:src\routes\dashboardRoutes.js
FNF:0
FNH:0
DA:1,2
DA:2,2
DA:9,2
DA:10,2
DA:15,2
DA:20,2
DA:25,2
DA:30,2
DA:35,2
DA:40,2
DA:42,2
LF:11
LH:11
BRF:0
BRH:0
end_of_record
TN:
SF:src\routes\geofenceRoutes.js
FNF:0
FNH:0
DA:1,2
DA:2,2
DA:3,2
DA:4,2
DA:5,2
DA:7,2
DA:8,2
DA:9,2
DA:10,2
DA:11,2
DA:12,2
DA:13,2
DA:15,2
LF:13
LH:13
BRF:0
BRH:0
end_of_record
TN:
SF:src\routes\healthRoutes.js
FN:11,(anonymous_0)
FN:58,(anonymous_1)
FNF:2
FNH:0
FNDA:0,(anonymous_0)
FNDA:0,(anonymous_1)
DA:1,2
DA:2,2
DA:3,2
DA:4,2
DA:11,2
DA:12,0
DA:14,0
DA:17,0
DA:43,0
DA:45,0
DA:58,2
DA:59,0
DA:66,2
LF:13
LH:7
BRDA:14,0,0,0
BRDA:14,0,1,0
BRDA:21,1,0,0
BRDA:21,1,1,0
BRF:4
BRH:0
end_of_record
TN:
SF:src\routes\locationRoutes.js
FNF:0
FNH:0
DA:1,2
DA:2,2
DA:3,2
DA:4,2
DA:5,2
DA:6,2
DA:8,2
DA:9,2
DA:10,2
DA:11,2
DA:12,2
DA:13,2
DA:15,2
LF:13
LH:13
BRF:0
BRH:0
end_of_record
TN:
SF:src\routes\reportRoutes.js
FN:61,(anonymous_0)
FN:84,(anonymous_1)
FN:101,(anonymous_2)
FNF:3
FNH:0
FNDA:0,(anonymous_0)
FNDA:0,(anonymous_1)
FNDA:0,(anonymous_2)
DA:1,2
DA:2,2
DA:3,2
DA:10,2
DA:13,2
DA:14,2
DA:21,2
DA:29,2
DA:37,2
DA:45,2
DA:54,2
DA:61,2
DA:62,0
DA:63,0
DA:65,0
DA:68,0
DA:69,0
DA:71,0
DA:84,2
DA:85,0
DA:86,0
DA:87,0
DA:90,0
DA:92,0
DA:101,2
DA:102,0
DA:103,0
DA:104,0
DA:105,0
DA:108,0
DA:115,0
DA:119,2
LF:32
LH:15
BRDA:87,0,0,0
BRDA:87,0,1,0
BRDA:104,1,0,0
BRDA:104,1,1,0
BRDA:105,2,0,0
BRDA:105,2,1,0
BRF:6
BRH:0
end_of_record
TN:
SF:src\routes\settingsRoutes.js
FN:30,(anonymous_0)
FN:42,(anonymous_1)
FNF:2
FNH:0
FNDA:0,(anonymous_0)
FNDA:0,(anonymous_1)
DA:1,2
DA:2,2
DA:3,2
DA:6,2
DA:30,2
DA:31,0
DA:42,2
DA:43,0
DA:44,0
DA:49,0
DA:55,0
DA:62,2
LF:12
LH:7
BRF:0
BRH:0
end_of_record
TN:
SF:src\routes\userRoutes.js
FN:13,(anonymous_0)
FN:32,(anonymous_1)
FN:57,(anonymous_2)
FN:75,(anonymous_3)
FN:109,(anonymous_4)
FN:134,(anonymous_5)
FNF:6
FNH:0
FNDA:0,(anonymous_0)
FNDA:0,(anonymous_1)
FNDA:0,(anonymous_2)
FNDA:0,(anonymous_3)
FNDA:0,(anonymous_4)
FNDA:0,(anonymous_5)
DA:1,2
DA:2,2
DA:3,2
DA:4,2
DA:5,2
DA:6,2
DA:13,2
DA:14,0
DA:15,0
DA:17,0
DA:23,0
DA:32,2
DA:33,0
DA:34,0
DA:36,0
DA:37,0
DA:43,0
DA:48,0
DA:57,2
DA:58,0
DA:59,0
DA:61,0
DA:66,0
DA:75,2
DA:76,0
DA:78,0
DA:79,0
DA:80,0
DA:83,0
DA:88,0
DA:89,0
DA:95,0
DA:100,0
DA:109,2
DA:110,0
DA:111,0
DA:113,0
DA:114,0
DA:120,0
DA:125,0
DA:134,2
DA:135,0
DA:136,0
DA:137,0
DA:138,0
DA:140,0
DA:149,0
DA:159,0
DA:168,2
DA:175,2
DA:177,2
LF:51
LH:15
BRDA:36,0,0,0
BRDA:36,0,1,0
BRDA:79,1,0,0
BRDA:79,1,1,0
BRDA:79,2,0,0
BRDA:79,2,1,0
BRDA:88,3,0,0
BRDA:88,3,1,0
BRDA:113,4,0,0
BRDA:113,4,1,0
BRF:10
BRH:0
end_of_record
TN:
SF:src\services\authService.js
FN:11,(anonymous_0)
FN:20,(anonymous_1)
FN:29,(anonymous_2)
FN:82,(anonymous_3)
FN:192,(anonymous_4)
FN:205,(anonymous_5)
FN:234,(anonymous_6)
FN:241,(anonymous_7)
FN:257,(anonymous_8)
FN:298,(anonymous_9)
FN:342,(anonymous_10)
FN:383,(anonymous_11)
FN:392,(anonymous_12)
FN:417,(anonymous_13)
FN:451,(anonymous_14)
FN:550,(anonymous_15)
FNF:16
FNH:0
FNDA:0,(anonymous_0)
FNDA:0,(anonymous_1)
FNDA:0,(anonymous_2)
FNDA:0,(anonymous_3)
FNDA:0,(anonymous_4)
FNDA:0,(anonymous_5)
FNDA:0,(anonymous_6)
FNDA:0,(anonymous_7)
FNDA:0,(anonymous_8)
FNDA:0,(anonymous_9)
FNDA:0,(anonymous_10)
FNDA:0,(anonymous_11)
FNDA:0,(anonymous_12)
FNDA:0,(anonymous_13)
FNDA:0,(anonymous_14)
FNDA:0,(anonymous_15)
DA:1,1
DA:2,1
DA:3,1
DA:4,1
DA:5,1
DA:12,0
DA:21,0
DA:30,0
DA:33,0
DA:34,0
DA:35,0
DA:39,0
DA:40,0
DA:41,0
DA:42,0
DA:47,0
DA:60,0
DA:70,0
DA:71,0
DA:73,0
DA:76,0
DA:84,0
DA:86,0
DA:87,0
DA:95,0
DA:99,0
DA:100,0
DA:104,0
DA:105,0
DA:106,0
DA:115,0
DA:119,0
DA:121,0
DA:122,0
DA:130,0
DA:131,0
DA:132,0
DA:133,0
DA:134,0
DA:142,0
DA:143,0
DA:146,0
DA:147,0
DA:149,0
DA:156,0
DA:157,0
DA:160,0
DA:161,0
DA:164,0
DA:174,0
DA:193,0
DA:195,0
DA:198,0
DA:199,0
DA:200,0
DA:204,0
DA:205,0
DA:208,0
DA:209,0
DA:213,0
DA:215,0
DA:226,0
DA:227,0
DA:235,0
DA:236,0
DA:237,0
DA:241,0
DA:242,0
DA:245,0
DA:251,0
DA:258,0
DA:259,0
DA:261,0
DA:265,0
DA:266,0
DA:269,0
DA:270,0
DA:271,0
DA:274,0
DA:275,0
DA:277,0
DA:278,0
DA:279,0
DA:280,0
DA:281,0
DA:285,0
DA:292,0
DA:299,0
DA:301,0
DA:306,0
DA:307,0
DA:311,0
DA:312,0
DA:313,0
DA:314,0
DA:315,0
DA:318,0
DA:319,0
DA:322,0
DA:330,0
DA:331,0
DA:333,0
DA:336,0
DA:343,0
DA:344,0
DA:345,0
DA:349,0
DA:350,0
DA:351,0
DA:355,0
DA:356,0
DA:357,0
DA:363,0
DA:371,0
DA:372,0
DA:374,0
DA:377,0
DA:384,0
DA:393,0
DA:394,0
DA:395,0
DA:399,0
DA:400,0
DA:404,0
DA:405,0
DA:406,0
DA:408,0
DA:418,0
DA:419,0
DA:421,0
DA:422,0
DA:425,0
DA:431,0
DA:432,0
DA:435,0
DA:436,0
DA:439,0
DA:445,0
DA:452,0
DA:453,0
DA:455,0
DA:456,0
DA:459,0
DA:460,0
DA:461,0
DA:464,0
DA:465,0
DA:472,0
DA:473,0
DA:481,0
DA:485,0
DA:486,0
DA:487,0
DA:488,0
DA:489,0
DA:497,0
DA:498,0
DA:501,0
DA:502,0
DA:504,0
DA:510,0
DA:511,0
DA:514,0
DA:515,0
DA:518,0
DA:528,0
DA:542,0
DA:543,0
DA:551,0
DA:552,0
DA:553,0
DA:557,0
DA:558,0
DA:559,0
DA:562,0
DA:563,0
DA:564,0
DA:567,0
DA:573,0
DA:577,1
LF:180
LH:6
BRDA:13,0,0,0
BRDA:13,0,1,0
BRDA:22,1,0,0
BRDA:22,1,1,0
BRDA:29,2,0,0
BRDA:34,3,0,0
BRDA:34,3,1,0
BRDA:39,4,0,0
BRDA:39,4,1,0
BRDA:41,5,0,0
BRDA:41,5,1,0
BRDA:52,6,0,0
BRDA:52,6,1,0
BRDA:86,7,0,0
BRDA:86,7,1,0
BRDA:99,8,0,0
BRDA:99,8,1,0
BRDA:105,9,0,0
BRDA:105,9,1,0
BRDA:119,10,0,0
BRDA:119,10,1,0
BRDA:131,11,0,0
BRDA:131,11,1,0
BRDA:131,12,0,0
BRDA:131,12,1,0
BRDA:133,13,0,0
BRDA:133,13,1,0
BRDA:156,14,0,0
BRDA:156,14,1,0
BRDA:199,15,0,0
BRDA:199,15,1,0
BRDA:199,16,0,0
BRDA:199,16,1,0
BRDA:205,17,0,0
BRDA:205,17,1,0
BRDA:208,18,0,0
BRDA:208,18,1,0
BRDA:236,19,0,0
BRDA:236,19,1,0
BRDA:259,20,0,0
BRDA:259,20,1,0
BRDA:306,21,0,0
BRDA:306,21,1,0
BRDA:344,22,0,0
BRDA:344,22,1,0
BRDA:350,23,0,0
BRDA:350,23,1,0
BRDA:394,24,0,0
BRDA:394,24,1,0
BRDA:421,25,0,0
BRDA:421,25,1,0
BRDA:421,26,0,0
BRDA:421,26,1,0
BRDA:431,27,0,0
BRDA:431,27,1,0
BRDA:455,28,0,0
BRDA:455,28,1,0
BRDA:460,29,0,0
BRDA:460,29,1,0
BRDA:460,30,0,0
BRDA:460,30,1,0
BRDA:472,31,0,0
BRDA:472,31,1,0
BRDA:486,32,0,0
BRDA:486,32,1,0
BRDA:486,33,0,0
BRDA:486,33,1,0
BRDA:488,34,0,0
BRDA:488,34,1,0
BRDA:510,35,0,0
BRDA:510,35,1,0
BRDA:552,36,0,0
BRDA:552,36,1,0
BRDA:558,37,0,0
BRDA:558,37,1,0
BRF:75
BRH:0
end_of_record
TN:
SF:src\services\emailService.js
FN:5,(anonymous_0)
FN:13,(anonymous_1)
FN:42,(anonymous_2)
FN:71,(anonymous_3)
FN:111,(anonymous_4)
FN:153,(anonymous_5)
FN:184,(anonymous_6)
FN:224,(anonymous_7)
FN:225,(anonymous_8)
FN:267,(anonymous_9)
FNF:10
FNH:2
FNDA:1,(anonymous_0)
FNDA:1,(anonymous_1)
FNDA:0,(anonymous_2)
FNDA:0,(anonymous_3)
FNDA:0,(anonymous_4)
FNDA:0,(anonymous_5)
FNDA:0,(anonymous_6)
FNDA:0,(anonymous_7)
FNDA:0,(anonymous_8)
FNDA:0,(anonymous_9)
DA:1,1
DA:2,1
DA:6,1
DA:7,1
DA:16,1
DA:17,0
DA:28,1
DA:43,0
DA:44,0
DA:52,0
DA:54,0
DA:57,0
DA:58,0
DA:61,0
DA:63,0
DA:64,0
DA:72,0
DA:73,0
DA:89,0
DA:105,0
DA:112,0
DA:114,0
DA:115,0
DA:131,0
DA:147,0
DA:154,0
DA:155,0
DA:165,0
DA:178,0
DA:185,0
DA:186,0
DA:201,0
DA:218,0
DA:225,0
DA:227,0
DA:228,0
DA:244,0
DA:261,0
DA:268,0
DA:269,0
DA:285,0
DA:303,0
DA:307,1
LF:43
LH:7
BRDA:16,0,0,0
BRDA:16,0,1,1
BRDA:32,1,0,1
BRDA:32,1,1,1
BRDA:33,2,0,1
BRDA:33,2,1,1
BRDA:45,3,0,0
BRDA:45,3,1,0
BRDA:57,4,0,0
BRDA:57,4,1,0
BRDA:81,5,0,0
BRDA:81,5,1,0
BRDA:97,6,0,0
BRDA:97,6,1,0
BRDA:194,7,0,0
BRDA:194,7,1,0
BRDA:210,8,0,0
BRDA:210,8,1,0
BRDA:234,9,0,0
BRDA:234,9,1,0
BRDA:250,10,0,0
BRDA:250,10,1,0
BRF:22
BRH:5
end_of_record
TN:
SF:src\utils\dateUtils.js
FN:7,(anonymous_0)
FN:13,(anonymous_1)
FN:22,(anonymous_2)
FN:26,(anonymous_3)
FN:33,(anonymous_4)
FN:37,(anonymous_5)
FN:44,(anonymous_6)
FN:48,(anonymous_7)
FN:55,(anonymous_8)
FN:62,(anonymous_9)
FN:69,(anonymous_10)
FN:76,(anonymous_11)
FN:83,(anonymous_12)
FN:90,(anonymous_13)
FN:97,(anonymous_14)
FN:104,(anonymous_15)
FN:111,(anonymous_16)
FN:118,(anonymous_17)
FN:125,(anonymous_18)
FN:132,(anonymous_19)
FN:139,(anonymous_20)
FN:146,(anonymous_21)
FN:153,(anonymous_22)
FN:160,(anonymous_23)
FN:167,(anonymous_24)
FN:174,(anonymous_25)
FN:182,(anonymous_26)
FN:189,(anonymous_27)
FN:207,(anonymous_28)
FN:223,(anonymous_29)
FN:230,(anonymous_30)
FN:237,(anonymous_31)
FN:244,(anonymous_32)
FN:251,(anonymous_33)
FN:258,(anonymous_34)
FN:265,(anonymous_35)
FN:272,(anonymous_36)
FN:279,(anonymous_37)
FN:288,(anonymous_38)
FN:295,(anonymous_39)
FN:309,(anonymous_40)
FN:325,(anonymous_41)
FN:333,(anonymous_42)
FNF:43
FNH:0
FNDA:0,(anonymous_0)
FNDA:0,(anonymous_1)
FNDA:0,(anonymous_2)
FNDA:0,(anonymous_3)
FNDA:0,(anonymous_4)
FNDA:0,(anonymous_5)
FNDA:0,(anonymous_6)
FNDA:0,(anonymous_7)
FNDA:0,(anonymous_8)
FNDA:0,(anonymous_9)
FNDA:0,(anonymous_10)
FNDA:0,(anonymous_11)
FNDA:0,(anonymous_12)
FNDA:0,(anonymous_13)
FNDA:0,(anonymous_14)
FNDA:0,(anonymous_15)
FNDA:0,(anonymous_16)
FNDA:0,(anonymous_17)
FNDA:0,(anonymous_18)
FNDA:0,(anonymous_19)
FNDA:0,(anonymous_20)
FNDA:0,(anonymous_21)
FNDA:0,(anonymous_22)
FNDA:0,(anonymous_23)
FNDA:0,(anonymous_24)
FNDA:0,(anonymous_25)
FNDA:0,(anonymous_26)
FNDA:0,(anonymous_27)
FNDA:0,(anonymous_28)
FNDA:0,(anonymous_29)
FNDA:0,(anonymous_30)
FNDA:0,(anonymous_31)
FNDA:0,(anonymous_32)
FNDA:0,(anonymous_33)
FNDA:0,(anonymous_34)
FNDA:0,(anonymous_35)
FNDA:0,(anonymous_36)
FNDA:0,(anonymous_37)
FNDA:0,(anonymous_38)
FNDA:0,(anonymous_39)
FNDA:0,(anonymous_40)
FNDA:0,(anonymous_41)
FNDA:0,(anonymous_42)
DA:1,1
DA:8,0
DA:9,0
DA:10,0
DA:14,0
DA:15,0
DA:16,0
DA:23,0
DA:27,0
DA:34,0
DA:38,0
DA:45,0
DA:49,0
DA:56,0
DA:63,0
DA:70,0
DA:77,0
DA:84,0
DA:91,0
DA:98,0
DA:105,0
DA:112,0
DA:119,0
DA:126,0
DA:133,0
DA:140,0
DA:147,0
DA:154,0
DA:161,0
DA:168,0
DA:175,0
DA:176,0
DA:183,0
DA:190,0
DA:191,0
DA:192,0
DA:194,0
DA:195,0
DA:196,0
DA:198,0
DA:201,0
DA:208,0
DA:209,0
DA:210,0
DA:212,0
DA:213,0
DA:214,0
DA:217,0
DA:224,0
DA:231,0
DA:238,0
DA:245,0
DA:252,0
DA:259,0
DA:266,0
DA:273,0
DA:280,0
DA:281,0
DA:282,0
DA:289,0
DA:296,0
DA:298,0
DA:299,0
DA:300,0
DA:301,0
DA:303,0
DA:310,0
DA:311,0
DA:312,0
DA:314,0
DA:316,0
DA:319,0
DA:326,0
DA:327,0
DA:334,0
DA:335,0
DA:339,1
LF:77
LH:2
BRDA:7,0,0,0
BRDA:13,1,0,0
BRDA:22,2,0,0
BRDA:26,3,0,0
BRDA:33,4,0,0
BRDA:37,5,0,0
BRDA:44,6,0,0
BRDA:48,7,0,0
BRDA:55,8,0,0
BRDA:62,9,0,0
BRDA:69,10,0,0
BRDA:176,11,0,0
BRDA:176,11,1,0
BRDA:195,12,0,0
BRDA:195,12,1,0
BRDA:237,13,0,0
BRDA:298,14,0,0
BRDA:298,14,1,0
BRDA:299,15,0,0
BRDA:299,15,1,0
BRDA:300,16,0,0
BRDA:300,16,1,0
BRDA:301,17,0,0
BRDA:301,17,1,0
BRDA:314,18,0,0
BRDA:314,18,1,0
BRDA:316,19,0,0
BRDA:316,19,1,0
BRDA:325,20,0,0
BRDA:325,21,0,0
BRDA:327,22,0,0
BRDA:327,22,1,0
BRDA:327,22,2,0
BRDA:333,23,0,0
BRF:34
BRH:0
end_of_record
TN:
SF:src\utils\geoUtils.js
FN:7,(anonymous_0)
FN:17,(anonymous_1)
FN:24,(anonymous_2)
FN:31,(anonymous_3)
FN:39,(anonymous_4)
FN:45,(anonymous_5)
FN:55,(anonymous_6)
FN:61,(anonymous_7)
FN:71,(anonymous_8)
FN:74,(anonymous_9)
FN:81,(anonymous_10)
FN:95,(anonymous_11)
FN:105,(anonymous_12)
FN:115,(anonymous_13)
FN:129,(anonymous_14)
FN:148,(anonymous_15)
FN:162,(anonymous_16)
FN:172,(anonymous_17)
FN:180,(anonymous_18)
FN:194,(anonymous_19)
FN:210,(anonymous_20)
FN:219,(anonymous_21)
FN:223,(anonymous_22)
FN:235,(anonymous_23)
FN:252,(anonymous_24)
FN:258,(anonymous_25)
FN:265,(anonymous_26)
FN:273,(anonymous_27)
FN:279,(anonymous_28)
FN:302,(anonymous_29)
FN:312,(anonymous_30)
FN:317,(anonymous_31)
FNF:32
FNH:0
FNDA:0,(anonymous_0)
FNDA:0,(anonymous_1)
FNDA:0,(anonymous_2)
FNDA:0,(anonymous_3)
FNDA:0,(anonymous_4)
FNDA:0,(anonymous_5)
FNDA:0,(anonymous_6)
FNDA:0,(anonymous_7)
FNDA:0,(anonymous_8)
FNDA:0,(anonymous_9)
FNDA:0,(anonymous_10)
FNDA:0,(anonymous_11)
FNDA:0,(anonymous_12)
FNDA:0,(anonymous_13)
FNDA:0,(anonymous_14)
FNDA:0,(anonymous_15)
FNDA:0,(anonymous_16)
FNDA:0,(anonymous_17)
FNDA:0,(anonymous_18)
FNDA:0,(anonymous_19)
FNDA:0,(anonymous_20)
FNDA:0,(anonymous_21)
FNDA:0,(anonymous_22)
FNDA:0,(anonymous_23)
FNDA:0,(anonymous_24)
FNDA:0,(anonymous_25)
FNDA:0,(anonymous_26)
FNDA:0,(anonymous_27)
FNDA:0,(anonymous_28)
FNDA:0,(anonymous_29)
FNDA:0,(anonymous_30)
FNDA:0,(anonymous_31)
DA:1,1
DA:8,0
DA:18,0
DA:25,0
DA:32,0
DA:33,0
DA:40,0
DA:41,0
DA:44,0
DA:45,0
DA:56,0
DA:57,0
DA:60,0
DA:61,0
DA:72,0
DA:74,0
DA:82,0
DA:87,0
DA:88,0
DA:89,0
DA:96,0
DA:106,0
DA:116,0
DA:117,0
DA:120,0
DA:130,0
DA:132,0
DA:133,0
DA:134,0
DA:139,0
DA:142,0
DA:149,0
DA:163,0
DA:173,0
DA:174,0
DA:177,0
DA:178,0
DA:180,0
DA:181,0
DA:182,0
DA:183,0
DA:184,0
DA:188,0
DA:195,0
DA:196,0
DA:199,0
DA:200,0
DA:201,0
DA:204,0
DA:211,0
DA:212,0
DA:213,0
DA:220,0
DA:223,0
DA:224,0
DA:226,0
DA:227,0
DA:228,0
DA:236,0
DA:237,0
DA:238,0
DA:239,0
DA:240,0
DA:242,0
DA:246,0
DA:253,0
DA:254,0
DA:257,0
DA:258,0
DA:266,0
DA:267,0
DA:270,0
DA:271,0
DA:273,0
DA:274,0
DA:276,0
DA:277,0
DA:279,0
DA:280,0
DA:281,0
DA:282,0
DA:283,0
DA:284,0
DA:289,0
DA:296,0
DA:303,0
DA:304,0
DA:306,0
DA:313,0
DA:314,0
DA:317,0
DA:318,0
DA:321,0
DA:325,1
LF:94
LH:2
BRDA:40,0,0,0
BRDA:40,0,1,0
BRDA:40,1,0,0
BRDA:40,1,1,0
BRDA:56,2,0,0
BRDA:56,2,1,0
BRDA:56,3,0,0
BRDA:56,3,1,0
BRDA:116,4,0,0
BRDA:116,4,1,0
BRDA:116,5,0,0
BRDA:116,5,1,0
BRDA:129,6,0,0
BRDA:150,7,0,0
BRDA:150,7,1,0
BRDA:150,7,2,0
BRDA:150,7,3,0
BRDA:150,7,4,0
BRDA:150,7,5,0
BRDA:162,8,0,0
BRDA:173,9,0,0
BRDA:173,9,1,0
BRDA:173,10,0,0
BRDA:173,10,1,0
BRDA:182,11,0,0
BRDA:182,11,1,0
BRDA:195,12,0,0
BRDA:195,12,1,0
BRDA:195,13,0,0
BRDA:195,13,1,0
BRDA:211,14,0,0
BRDA:211,14,1,0
BRDA:219,15,0,0
BRDA:220,16,0,0
BRDA:220,16,1,0
BRDA:224,17,0,0
BRDA:224,17,1,0
BRDA:224,18,0,0
BRDA:224,18,1,0
BRDA:242,19,0,0
BRDA:242,19,1,0
BRDA:243,20,0,0
BRDA:243,20,1,0
BRDA:244,21,0,0
BRDA:244,21,1,0
BRDA:253,22,0,0
BRDA:253,22,1,0
BRDA:253,23,0,0
BRDA:253,23,1,0
BRDA:265,24,0,0
BRDA:266,25,0,0
BRDA:266,25,1,0
BRDA:266,26,0,0
BRDA:266,26,1,0
BRDA:274,27,0,0
BRDA:274,27,1,0
BRDA:280,28,0,0
BRDA:280,28,1,0
BRDA:280,29,0,0
BRDA:280,29,1,0
BRDA:282,30,0,0
BRDA:282,30,1,0
BRDA:303,31,0,0
BRDA:303,31,1,0
BRDA:303,32,0,0
BRDA:303,32,1,0
BRDA:313,33,0,0
BRDA:313,33,1,0
BRDA:313,34,0,0
BRDA:313,34,1,0
BRF:70
BRH:0
end_of_record
